<?xml version="1.0" encoding="UTF-8"?>
<!-- Generated by org.testng.reporters.JUnitXMLReporter -->
<testsuite ignored="0" hostname="Viveks-MacBook-Air.local" failures="0" tests="3" name="Running Test A" time="12.213" errors="0" timestamp="03 Nov 2018 18:31:29 GMT">
  <testcase classname="com.qa.testcases.MyFirstTest" name="myFirstTestt" time="0.091">
    <skipped/>
  </testcase> <!-- myFirstTestt -->
  <testcase classname="com.qa.testcases.MyFirstTest" name="myFirstTestt" time="0.1">
    <skipped/>
  </testcase> <!-- myFirstTestt -->
  <testcase classname="com.qa.testcases.MyFirstTest" name="mySecondTestt" time="0.055">
    <skipped/>
  </testcase> <!-- mySecondTestt -->
</testsuite> <!-- Running Test A -->
