2018-11-23 19:29:45,692 [main] INFO LoginPageTest----loginPageTitleTest - STARTING TEST :loginPageTitleTest
2018-11-23 19:29:45,700 [main] INFO LoginPageTest----loginPageTitleTest - loginPageTitleTest --- Test Skipped
2018-11-23 19:29:52,465 [main] INFO MyFirstTest----myFirstTestt - STARTING TEST :myFirstTestt
2018-11-23 19:29:52,467 [main] INFO MyFirstTest----myFirstTestt - Before navigating to: 'https://www.ashurst.com/'
2018-11-23 19:30:05,044 [main] INFO MyFirstTest----myFirstTestt - Navigated to:'https://www.ashurst.com/'
2018-11-23 19:30:05,066 [main] INFO MyFirstTest----myFirstTestt - Trying to find Element By : By.xpath: html/body/header/section[3]/div/nav[1]/ul/li[2]/a
2018-11-23 19:30:05,093 [main] INFO MyFirstTest----myFirstTestt - Found Element By : By.xpath: html/body/header/section[3]/div/nav[1]/ul/li[2]/a
2018-11-23 19:30:05,102 [main] INFO MyFirstTest----myFirstTestt - Trying to click on: [[ChromeDriver: chrome on MAC (0377a98d866f7c46ed0242ab614b11fb)] -> xpath: html/body/header/section[3]/div/nav[1]/ul/li[2]/a]
2018-11-23 19:30:10,348 [main] INFO MyFirstTest----myFirstTestt - Clicked on: [[ChromeDriver: chrome on MAC (0377a98d866f7c46ed0242ab614b11fb)] -> xpath: html/body/header/section[3]/div/nav[1]/ul/li[2]/a]
2018-11-23 19:30:10,350 [main] INFO MyFirstTest----myFirstTestt - myFirstTestt --- Test Passed
2018-11-23 19:30:10,355 [main] INFO MyFirstTest----myFirstTestt - STARTING TEST :myFirstTestt
2018-11-23 19:30:10,356 [main] INFO MyFirstTest----myFirstTestt - myFirstTestt --- Test Skipped
2018-11-23 19:30:10,363 [main] INFO MyFirstTest----mySecondTestt - STARTING TEST :mySecondTestt
2018-11-23 19:30:10,364 [main] INFO MyFirstTest----mySecondTestt - Before navigating to: 'https://www.ashurst.com/'
2018-11-23 19:30:15,342 [main] INFO MyFirstTest----mySecondTestt - Navigated to:'https://www.ashurst.com/'
2018-11-23 19:30:15,344 [main] INFO MyFirstTest----mySecondTestt - Trying to find Element By : By.xpath: html/body/header/section[3]/div/nav[1]/ul/li[2]/a
2018-11-23 19:30:15,367 [main] INFO MyFirstTest----mySecondTestt - Found Element By : By.xpath: html/body/header/section[3]/div/nav[1]/ul/li[2]/a
2018-11-23 19:30:15,368 [main] INFO MyFirstTest----mySecondTestt - Trying to click on: [[ChromeDriver: chrome on MAC (0377a98d866f7c46ed0242ab614b11fb)] -> xpath: html/body/header/section[3]/div/nav[1]/ul/li[2]/a]
2018-11-23 19:30:20,467 [main] INFO MyFirstTest----mySecondTestt - Clicked on: [[ChromeDriver: chrome on MAC (0377a98d866f7c46ed0242ab614b11fb)] -> xpath: html/body/header/section[3]/div/nav[1]/ul/li[2]/a]
2018-11-23 19:30:20,469 [main] INFO MyFirstTest----mySecondTestt - mySecondTestt --- Test Passed
2018-11-23 19:33:29,388 [main] INFO LoginPageTest - STARTING TESTS FOR CLASS --- LoginPageTest
2018-11-23 19:33:31,491 [main] INFO LoginPageTest----loginPageTitleTest - STARTING TEST :loginPageTitleTest
2018-11-23 19:33:31,496 [main] INFO LoginPageTest----loginPageTitleTest - loginPageTitleTest --- Test Skipped
2018-11-23 19:33:31,604 [main] INFO LoginPageTest----loginPageTitleTest - ENDING TESTS FOR CLASS --- LoginPageTest
2018-11-23 19:33:36,980 [main] INFO MyFirstTest - STARTING TESTS FOR CLASS --- MyFirstTest
2018-11-23 19:33:38,285 [main] INFO MyFirstTest----myFirstTestt - STARTING TEST :myFirstTestt
2018-11-23 19:33:38,287 [main] INFO MyFirstTest----myFirstTestt - Before navigating to: 'https://www.ashurst.com/'
2018-11-23 19:33:49,991 [main] INFO MyFirstTest----myFirstTestt - Navigated to:'https://www.ashurst.com/'
2018-11-23 19:33:50,017 [main] INFO MyFirstTest----myFirstTestt - Trying to find Element By : By.xpath: html/body/header/section[3]/div/nav[1]/ul/li[2]/a
2018-11-23 19:33:50,042 [main] INFO MyFirstTest----myFirstTestt - Found Element By : By.xpath: html/body/header/section[3]/div/nav[1]/ul/li[2]/a
2018-11-23 19:33:50,052 [main] INFO MyFirstTest----myFirstTestt - Trying to click on: [[ChromeDriver: chrome on MAC (aa2bc066edd00388d7fc2a0d58d064fe)] -> xpath: html/body/header/section[3]/div/nav[1]/ul/li[2]/a]
2018-11-23 19:33:55,257 [main] INFO MyFirstTest----myFirstTestt - Clicked on: [[ChromeDriver: chrome on MAC (aa2bc066edd00388d7fc2a0d58d064fe)] -> xpath: html/body/header/section[3]/div/nav[1]/ul/li[2]/a]
2018-11-23 19:33:55,260 [main] INFO MyFirstTest----myFirstTestt - myFirstTestt --- Test Passed
2018-11-23 19:33:55,267 [main] INFO MyFirstTest----myFirstTestt - STARTING TEST :myFirstTestt
2018-11-23 19:33:55,268 [main] INFO MyFirstTest----myFirstTestt - myFirstTestt --- Test Skipped
2018-11-23 19:33:55,276 [main] INFO MyFirstTest----mySecondTestt - STARTING TEST :mySecondTestt
2018-11-23 19:33:55,277 [main] INFO MyFirstTest----mySecondTestt - Before navigating to: 'https://www.ashurst.com/'
2018-11-23 19:34:00,430 [main] INFO MyFirstTest----mySecondTestt - Navigated to:'https://www.ashurst.com/'
2018-11-23 19:34:00,433 [main] INFO MyFirstTest----mySecondTestt - Trying to find Element By : By.xpath: html/body/header/section[3]/div/nav[1]/ul/li[2]/a
2018-11-23 19:34:00,461 [main] INFO MyFirstTest----mySecondTestt - Found Element By : By.xpath: html/body/header/section[3]/div/nav[1]/ul/li[2]/a
2018-11-23 19:34:00,462 [main] INFO MyFirstTest----mySecondTestt - Trying to click on: [[ChromeDriver: chrome on MAC (aa2bc066edd00388d7fc2a0d58d064fe)] -> xpath: html/body/header/section[3]/div/nav[1]/ul/li[2]/a]
2018-11-23 19:34:05,587 [main] INFO MyFirstTest----mySecondTestt - Clicked on: [[ChromeDriver: chrome on MAC (aa2bc066edd00388d7fc2a0d58d064fe)] -> xpath: html/body/header/section[3]/div/nav[1]/ul/li[2]/a]
2018-11-23 19:34:05,588 [main] INFO MyFirstTest----mySecondTestt - mySecondTestt --- Test Passed
2018-11-23 19:34:05,678 [main] INFO MyFirstTest----mySecondTestt - ENDING TESTS FOR CLASS --- MyFirstTest
2018-11-23 20:31:07,016 [main] INFO LoginPageTest - STARTING TESTS FOR CLASS --- LoginPageTest
2018-11-23 20:31:09,214 [main] INFO LoginPageTest----loginPageTitleTest - STARTING TEST :loginPageTitleTest
2018-11-23 20:31:09,218 [main] INFO LoginPageTest----loginPageTitleTest - loginPageTitleTest --- Test Skipped
2018-11-23 20:31:09,319 [main] INFO LoginPageTest----loginPageTitleTest - ENDING TESTS FOR CLASS --- LoginPageTest
2018-11-23 20:31:14,664 [main] INFO MyFirstTest - STARTING TESTS FOR CLASS --- MyFirstTest
2018-11-23 20:31:16,060 [main] INFO MyFirstTest----myFirstTestt - STARTING TEST :myFirstTestt
2018-11-23 20:31:16,064 [main] INFO MyFirstTest----myFirstTestt - Before navigating to: 'https://www.ashurst.com/'
2018-11-23 20:31:28,155 [main] INFO MyFirstTest----myFirstTestt - Navigated to:'https://www.ashurst.com/'
2018-11-23 20:31:28,186 [main] INFO MyFirstTest----myFirstTestt - Trying to find Element By : By.xpath: html/body/header/section[3]/div/nav[1]/ul/li[2]/a
2018-11-23 20:31:28,226 [main] INFO MyFirstTest----myFirstTestt - Found Element By : By.xpath: html/body/header/section[3]/div/nav[1]/ul/li[2]/a
2018-11-23 20:31:28,239 [main] INFO MyFirstTest----myFirstTestt - Trying to click on: [[ChromeDriver: chrome on MAC (171109b4a28ddfcbc0c493c06cb81cdc)] -> xpath: html/body/header/section[3]/div/nav[1]/ul/li[2]/a]
2018-11-23 20:31:28,439 [main] INFO MyFirstTest----myFirstTestt - Clicked on: [[ChromeDriver: chrome on MAC (171109b4a28ddfcbc0c493c06cb81cdc)] -> xpath: html/body/header/section[3]/div/nav[1]/ul/li[2]/a]
2018-11-23 20:31:28,442 [main] INFO MyFirstTest----myFirstTestt - myFirstTestt --- Test Passed
2018-11-23 20:31:28,453 [main] INFO MyFirstTest----myFirstTestt - STARTING TEST :myFirstTestt
2018-11-23 20:31:28,457 [main] INFO MyFirstTest----myFirstTestt - myFirstTestt --- Test Skipped
2018-11-23 20:31:28,468 [main] INFO MyFirstTest----mySecondTestt - STARTING TEST :mySecondTestt
2018-11-23 20:31:28,470 [main] INFO MyFirstTest----mySecondTestt - Before navigating to: 'https://www.ashurst.com/'
2018-11-23 20:31:39,642 [main] INFO MyFirstTest----mySecondTestt - Navigated to:'https://www.ashurst.com/'
2018-11-23 20:31:39,643 [main] INFO MyFirstTest----mySecondTestt - Trying to find Element By : By.xpath: html/body/header/section[3]/div/nav[1]/ul/li[2]/a
2018-11-23 20:31:39,675 [main] INFO MyFirstTest----mySecondTestt - Found Element By : By.xpath: html/body/header/section[3]/div/nav[1]/ul/li[2]/a
2018-11-23 20:31:39,677 [main] INFO MyFirstTest----mySecondTestt - Trying to click on: [[ChromeDriver: chrome on MAC (171109b4a28ddfcbc0c493c06cb81cdc)] -> xpath: html/body/header/section[3]/div/nav[1]/ul/li[2]/a]
2018-11-23 20:31:39,948 [main] INFO MyFirstTest----mySecondTestt - Clicked on: [[ChromeDriver: chrome on MAC (171109b4a28ddfcbc0c493c06cb81cdc)] -> xpath: html/body/header/section[3]/div/nav[1]/ul/li[2]/a]
2018-11-23 20:31:39,950 [main] INFO MyFirstTest----mySecondTestt - mySecondTestt --- Test Passed
2018-11-23 20:31:40,057 [main] INFO MyFirstTest----mySecondTestt - ENDING TESTS FOR CLASS --- MyFirstTest
2018-11-23 20:33:17,831 [main] INFO LoginPageTest - STARTING TESTS FOR CLASS --- LoginPageTest
2018-11-23 20:33:19,863 [main] INFO LoginPageTest----loginPageTitleTest - STARTING TEST :loginPageTitleTest
2018-11-23 20:33:19,866 [main] INFO LoginPageTest----loginPageTitleTest - loginPageTitleTest --- Test Skipped
2018-11-23 20:33:19,963 [main] INFO LoginPageTest----loginPageTitleTest - ENDING TESTS FOR CLASS --- LoginPageTest
2018-11-23 20:33:25,330 [main] INFO MyFirstTest - STARTING TESTS FOR CLASS --- MyFirstTest
2018-11-23 20:33:26,616 [main] INFO MyFirstTest----myFirstTestt - STARTING TEST :myFirstTestt
2018-11-23 20:33:26,619 [main] INFO MyFirstTest----myFirstTestt - Before navigating to: 'https://www.ashurst.com/'
2018-11-23 20:33:39,078 [main] INFO MyFirstTest----myFirstTestt - Navigated to:'https://www.ashurst.com/'
2018-11-23 20:33:39,109 [main] INFO MyFirstTest----myFirstTestt - Trying to find Element By : By.xpath: html/body/header/section[3]/div/nav[1]/ul/li[2]/a
2018-11-23 20:33:39,157 [main] INFO MyFirstTest----myFirstTestt - Found Element By : By.xpath: html/body/header/section[3]/div/nav[1]/ul/li[2]/a
2018-11-23 20:33:39,209 [main] INFO MyFirstTest----myFirstTestt - myFirstTestt --- Test Failed
2018-11-23 20:33:40,291 [main] INFO MyFirstTest----myFirstTestt - STARTING TEST :myFirstTestt
2018-11-23 20:33:40,303 [main] INFO MyFirstTest----myFirstTestt - myFirstTestt --- Test Skipped
2018-11-23 20:33:40,341 [main] INFO MyFirstTest----mySecondTestt - STARTING TEST :mySecondTestt
2018-11-23 20:33:40,357 [main] INFO MyFirstTest----mySecondTestt - Before navigating to: 'https://www.ashurst.com/'
2018-11-23 20:33:46,008 [main] INFO MyFirstTest----mySecondTestt - Navigated to:'https://www.ashurst.com/'
2018-11-23 20:33:46,011 [main] INFO MyFirstTest----mySecondTestt - Trying to find Element By : By.xpath: html/body/header/section[3]/div/nav[1]/ul/li[2]/a
2018-11-23 20:33:46,035 [main] INFO MyFirstTest----mySecondTestt - Found Element By : By.xpath: html/body/header/section[3]/div/nav[1]/ul/li[2]/a
2018-11-23 20:33:46,062 [main] INFO MyFirstTest----mySecondTestt - mySecondTestt --- Test Failed
2018-11-23 20:33:46,980 [main] INFO MyFirstTest----mySecondTestt - ENDING TESTS FOR CLASS --- MyFirstTest
2018-11-23 20:41:38,525 [main] INFO LoginPageTest - STARTING TESTS FOR CLASS --- LoginPageTest
2018-11-23 20:41:43,492 [main] INFO LoginPageTest----loginPageTitleTest - STARTING TEST :loginPageTitleTest
2018-11-23 20:41:43,496 [main] INFO LoginPageTest----loginPageTitleTest - loginPageTitleTest --- Test Skipped
2018-11-23 20:41:43,613 [main] INFO LoginPageTest----loginPageTitleTest - ENDING TESTS FOR CLASS --- LoginPageTest
2018-11-23 20:41:49,056 [main] INFO MyFirstTest - STARTING TESTS FOR CLASS --- MyFirstTest
2018-11-23 20:41:52,091 [main] INFO MyFirstTest----myFirstTestt - STARTING TEST :myFirstTestt
2018-11-23 20:41:52,096 [main] INFO MyFirstTest----myFirstTestt - Before navigating to: 'https://www.ashurst.com/'
2018-11-23 20:42:03,751 [main] INFO MyFirstTest----myFirstTestt - Navigated to:'https://www.ashurst.com/'
2018-11-23 20:44:53,405 [main] INFO MyFirstTest----myFirstTestt - Trying to find Element By : By.xpath: html/body/header/section[3]/div/nav[1]/ul/li[2]/a
2018-11-23 20:45:18,750 [main] INFO MyFirstTest----myFirstTestt - Found Element By : By.xpath: html/body/header/section[3]/div/nav[1]/ul/li[2]/a
2018-11-23 20:46:27,764 [main] INFO MyFirstTest----myFirstTestt - myFirstTestt --- Test Failed
2018-11-23 20:47:18,116 [main] INFO LoginPageTest - STARTING TESTS FOR CLASS --- LoginPageTest
2018-11-23 20:47:20,227 [main] INFO LoginPageTest----loginPageTitleTest - STARTING TEST :loginPageTitleTest
2018-11-23 20:47:20,230 [main] INFO LoginPageTest----loginPageTitleTest - loginPageTitleTest --- Test Skipped
2018-11-23 20:47:20,324 [main] INFO LoginPageTest----loginPageTitleTest - ENDING TESTS FOR CLASS --- LoginPageTest
2018-11-23 20:47:25,690 [main] INFO MyFirstTest - STARTING TESTS FOR CLASS --- MyFirstTest
2018-11-23 20:47:27,205 [main] INFO MyFirstTest----myFirstTestt - STARTING TEST :myFirstTestt
2018-11-23 20:47:27,208 [main] INFO MyFirstTest----myFirstTestt - Before navigating to: 'https://www.ashurst.com/'
2018-11-23 20:47:39,274 [main] INFO MyFirstTest----myFirstTestt - Navigated to:'https://www.ashurst.com/'
2018-11-23 20:47:39,304 [main] INFO MyFirstTest----myFirstTestt - Trying to find Element By : By.xpath: html/body/header/section[3]/div/nav[1]/ul/li[2]/a
2018-11-23 20:47:39,358 [main] INFO MyFirstTest----myFirstTestt - Found Element By : By.xpath: html/body/header/section[3]/div/nav[1]/ul/li[2]/a
2018-11-23 20:47:40,399 [main] INFO MyFirstTest----myFirstTestt - myFirstTestt --- Test Failed
2018-11-23 20:47:41,293 [main] INFO MyFirstTest----myFirstTestt - STARTING TEST :myFirstTestt
2018-11-23 20:47:41,296 [main] INFO MyFirstTest----myFirstTestt - myFirstTestt --- Test Skipped
2018-11-23 20:47:41,302 [main] INFO MyFirstTest----mySecondTestt - STARTING TEST :mySecondTestt
2018-11-23 20:47:41,303 [main] INFO MyFirstTest----mySecondTestt - Before navigating to: 'https://www.ashurst.com/'
2018-11-23 20:47:46,153 [main] INFO MyFirstTest----mySecondTestt - Navigated to:'https://www.ashurst.com/'
2018-11-23 20:47:46,159 [main] INFO MyFirstTest----mySecondTestt - Trying to find Element By : By.xpath: html/body/header/section[3]/div/nav[1]/ul/li[2]/a
2018-11-23 20:47:46,186 [main] INFO MyFirstTest----mySecondTestt - Found Element By : By.xpath: html/body/header/section[3]/div/nav[1]/ul/li[2]/a
2018-11-23 20:47:47,203 [main] INFO MyFirstTest----mySecondTestt - mySecondTestt --- Test Failed
2018-11-23 20:47:48,099 [main] INFO MyFirstTest----mySecondTestt - ENDING TESTS FOR CLASS --- MyFirstTest
2018-11-23 20:59:26,306 [main] INFO LoginPageTest - STARTING TESTS FOR CLASS --- LoginPageTest
2018-11-23 20:59:28,302 [main] INFO LoginPageTest----loginPageTitleTest - STARTING TEST :loginPageTitleTest
2018-11-23 20:59:28,305 [main] INFO LoginPageTest----loginPageTitleTest - loginPageTitleTest --- Test Skipped
2018-11-23 20:59:28,400 [main] INFO LoginPageTest----loginPageTitleTest - ENDING TESTS FOR CLASS --- LoginPageTest
2018-11-23 20:59:33,766 [main] INFO MyFirstTest - STARTING TESTS FOR CLASS --- MyFirstTest
2018-11-23 20:59:35,028 [main] INFO MyFirstTest----myFirstTestt - STARTING TEST :myFirstTestt
2018-11-23 20:59:35,030 [main] INFO MyFirstTest----myFirstTestt - Before navigating to: 'https://www.ashurst.com/'
2018-11-23 20:59:46,495 [main] INFO MyFirstTest----myFirstTestt - Navigated to:'https://www.ashurst.com/'
2018-11-23 20:59:46,521 [main] INFO MyFirstTest----myFirstTestt - Trying to find Element By : By.xpath: html/body/header/section[3]/div/nav[1]/ul/li[2]/a
2018-11-23 20:59:46,576 [main] INFO MyFirstTest----myFirstTestt - myFirstTestt --- Test Failed
2018-11-23 20:59:47,599 [main] INFO MyFirstTest----myFirstTestt - STARTING TEST :myFirstTestt
2018-11-23 20:59:47,603 [main] INFO MyFirstTest----myFirstTestt - myFirstTestt --- Test Skipped
2018-11-23 20:59:47,618 [main] INFO MyFirstTest----mySecondTestt - STARTING TEST :mySecondTestt
2018-11-23 20:59:47,619 [main] INFO MyFirstTest----mySecondTestt - Before navigating to: 'https://www.ashurst.com/'
2018-11-23 20:59:52,275 [main] INFO MyFirstTest----mySecondTestt - Navigated to:'https://www.ashurst.com/'
2018-11-23 20:59:52,278 [main] INFO MyFirstTest----mySecondTestt - Trying to find Element By : By.xpath: html/body/header/section[3]/div/nav[1]/ul/li[2]/a
2018-11-23 20:59:52,308 [main] INFO MyFirstTest----mySecondTestt - mySecondTestt --- Test Failed
2018-11-23 20:59:53,212 [main] INFO MyFirstTest----mySecondTestt - ENDING TESTS FOR CLASS --- MyFirstTest
2018-11-23 21:03:14,137 [main] INFO LoginPageTest - STARTING TESTS FOR CLASS --- LoginPageTest
2018-11-23 21:03:16,181 [main] INFO LoginPageTest----loginPageTitleTest - STARTING TEST :loginPageTitleTest
2018-11-23 21:03:16,184 [main] INFO LoginPageTest----loginPageTitleTest - loginPageTitleTest --- Test Skipped
2018-11-23 21:03:16,280 [main] INFO LoginPageTest----loginPageTitleTest - ENDING TESTS FOR CLASS --- LoginPageTest
2018-11-23 21:03:21,660 [main] INFO MyFirstTest - STARTING TESTS FOR CLASS --- MyFirstTest
2018-11-23 21:03:22,991 [main] INFO MyFirstTest----myFirstTestt - STARTING TEST :myFirstTestt
2018-11-23 21:03:22,996 [main] INFO MyFirstTest----myFirstTestt - Before navigating to: 'https://www.ashurst.com/'
2018-11-23 21:03:34,509 [main] INFO MyFirstTest----myFirstTestt - Navigated to:'https://www.ashurst.com/'
2018-11-23 21:03:34,536 [main] INFO MyFirstTest----myFirstTestt - Trying to find Element By : By.xpath: html/body/header/section[3]/div/nav[1]/ul/li[2]/a
2018-11-23 21:03:34,592 [main] INFO MyFirstTest----myFirstTestt - Found Element By : By.xpath: html/body/header/section[3]/div/nav[1]/ul/li[2]/a
2018-11-23 21:03:34,606 [main] INFO MyFirstTest----myFirstTestt - Trying to click on: [[ChromeDriver: chrome on MAC (f5d7ba1f1b591cd848e2050c354fae67)] -> xpath: html/body/header/section[3]/div/nav[1]/ul/li[2]/a]
2018-11-23 21:03:34,787 [main] INFO MyFirstTest----myFirstTestt - Clicked on: [[ChromeDriver: chrome on MAC (f5d7ba1f1b591cd848e2050c354fae67)] -> xpath: html/body/header/section[3]/div/nav[1]/ul/li[2]/a]
2018-11-23 21:03:34,791 [main] INFO MyFirstTest----myFirstTestt - myFirstTestt --- Test Passed
2018-11-23 21:03:34,803 [main] INFO MyFirstTest----myFirstTestt - STARTING TEST :myFirstTestt
2018-11-23 21:03:34,806 [main] INFO MyFirstTest----myFirstTestt - myFirstTestt --- Test Skipped
2018-11-23 21:03:34,816 [main] INFO MyFirstTest----mySecondTestt - STARTING TEST :mySecondTestt
2018-11-23 21:03:34,818 [main] INFO MyFirstTest----mySecondTestt - Before navigating to: 'https://www.ashurst.com/'
2018-11-23 21:03:45,304 [main] INFO MyFirstTest----mySecondTestt - Navigated to:'https://www.ashurst.com/'
2018-11-23 21:03:45,306 [main] INFO MyFirstTest----mySecondTestt - Trying to find Element By : By.xpath: html/body/header/section[3]/div/nav[1]/ul/li[2]/a
2018-11-23 21:03:45,332 [main] INFO MyFirstTest----mySecondTestt - Found Element By : By.xpath: html/body/header/section[3]/div/nav[1]/ul/li[2]/a
2018-11-23 21:03:45,334 [main] INFO MyFirstTest----mySecondTestt - Trying to click on: [[ChromeDriver: chrome on MAC (f5d7ba1f1b591cd848e2050c354fae67)] -> xpath: html/body/header/section[3]/div/nav[1]/ul/li[2]/a]
2018-11-23 21:03:45,549 [main] INFO MyFirstTest----mySecondTestt - Clicked on: [[ChromeDriver: chrome on MAC (f5d7ba1f1b591cd848e2050c354fae67)] -> xpath: html/body/header/section[3]/div/nav[1]/ul/li[2]/a]
2018-11-23 21:03:45,551 [main] INFO MyFirstTest----mySecondTestt - mySecondTestt --- Test Passed
2018-11-23 21:03:45,644 [main] INFO MyFirstTest----mySecondTestt - ENDING TESTS FOR CLASS --- MyFirstTest
2018-11-23 21:05:11,184 [main] INFO LoginPageTest - STARTING TESTS FOR CLASS --- LoginPageTest
2018-11-23 21:05:13,212 [main] INFO LoginPageTest----loginPageTitleTest - STARTING TEST :loginPageTitleTest
2018-11-23 21:05:13,215 [main] INFO LoginPageTest----loginPageTitleTest - loginPageTitleTest --- Test Skipped
2018-11-23 21:05:13,312 [main] INFO LoginPageTest----loginPageTitleTest - ENDING TESTS FOR CLASS --- LoginPageTest
2018-11-23 21:05:18,683 [main] INFO MyFirstTest - STARTING TESTS FOR CLASS --- MyFirstTest
2018-11-23 21:05:20,057 [main] INFO MyFirstTest----myFirstTestt - STARTING TEST :myFirstTestt
2018-11-23 21:05:20,060 [main] INFO MyFirstTest----myFirstTestt - Before navigating to: 'https://www.ashurst.com/'
2018-11-23 21:05:31,024 [main] INFO MyFirstTest----myFirstTestt - Navigated to:'https://www.ashurst.com/'
2018-11-23 21:05:31,069 [main] INFO MyFirstTest----myFirstTestt - Trying to find Element By : By.xpath: html/body/header/section[3]/div/nav[1]/ul/li[2]/a
2018-11-23 21:05:31,122 [main] INFO MyFirstTest----myFirstTestt - Found Element By : By.xpath: html/body/header/section[3]/div/nav[1]/ul/li[2]/a
2018-11-23 21:05:32,126 [main] INFO MyFirstTest----myFirstTestt - Exception occured: org.openqa.selenium.InvalidSelectorException: invalid selector: Unable to locate an element with the xpath expression str[1].trim() because of the following error:
SyntaxError: Failed to execute 'evaluate' on 'Document': The string 'str[1].trim()' is not a valid XPath expression.
  (Session info: chrome=70.0.3538.102)
  (Driver info: chromedriver=2.43.600229 (3fae4d0cda5334b4f533bede5a4787f7b832d052),platform=Mac OS X 10.14.1 x86_64) (WARNING: The server did not provide any stacktrace information)
Command duration or timeout: 0 milliseconds
For documentation on this error, please visit: http://seleniumhq.org/exceptions/invalid_selector_exception.html
Build info: version: '3.12.0', revision: '7c6e0b3', time: '2018-05-08T15:15:08.936Z'
System info: host: 'Viveks-MacBook-Air.local', ip: 'fe80:0:0:0:72:186a:33dd:1f72%en0', os.name: 'Mac OS X', os.arch: 'x86_64', os.version: '10.14.1', java.version: '11'
Driver info: org.openqa.selenium.chrome.ChromeDriver
Capabilities {acceptInsecureCerts: false, acceptSslCerts: false, applicationCacheEnabled: false, browserConnectionEnabled: false, browserName: chrome, chrome: {chromedriverVersion: 2.43.600229 (3fae4d0cda5334..., userDataDir: /var/folders/dk/j9gwnnyd1mz...}, cssSelectorsEnabled: true, databaseEnabled: false, goog:chromeOptions: {debuggerAddress: localhost:51004}, handlesAlerts: true, hasTouchScreen: false, javascriptEnabled: true, locationContextEnabled: true, mobileEmulationEnabled: false, nativeEvents: true, networkConnectionEnabled: false, pageLoadStrategy: normal, platform: MAC, platformName: MAC, rotatable: false, setWindowRect: true, takesHeapSnapshot: true, takesScreenshot: true, unexpectedAlertBehaviour: , unhandledPromptBehavior: , version: 70.0.3538.102, webStorageEnabled: true}
Session ID: a17ec38cdc0a679075d81e301582f52e
*** Element info: {Using=xpath, value=str[1].trim()}
2018-11-23 21:05:32,129 [main] INFO MyFirstTest----myFirstTestt - myFirstTestt --- Test Failed
2018-11-23 21:05:32,984 [main] INFO MyFirstTest----myFirstTestt - STARTING TEST :myFirstTestt
2018-11-23 21:05:32,987 [main] INFO MyFirstTest----myFirstTestt - myFirstTestt --- Test Skipped
2018-11-23 21:05:33,004 [main] INFO MyFirstTest----mySecondTestt - STARTING TEST :mySecondTestt
2018-11-23 21:05:33,005 [main] INFO MyFirstTest----mySecondTestt - Before navigating to: 'https://www.ashurst.com/'
2018-11-23 21:05:40,544 [main] INFO MyFirstTest----mySecondTestt - Navigated to:'https://www.ashurst.com/'
2018-11-23 21:05:40,547 [main] INFO MyFirstTest----mySecondTestt - Trying to find Element By : By.xpath: html/body/header/section[3]/div/nav[1]/ul/li[2]/a
2018-11-23 21:05:40,573 [main] INFO MyFirstTest----mySecondTestt - Found Element By : By.xpath: html/body/header/section[3]/div/nav[1]/ul/li[2]/a
2018-11-23 21:05:41,461 [main] INFO MyFirstTest----mySecondTestt - Exception occured: org.openqa.selenium.InvalidSelectorException: invalid selector: Unable to locate an element with the xpath expression str[1].trim() because of the following error:
SyntaxError: Failed to execute 'evaluate' on 'Document': The string 'str[1].trim()' is not a valid XPath expression.
  (Session info: chrome=70.0.3538.102)
  (Driver info: chromedriver=2.43.600229 (3fae4d0cda5334b4f533bede5a4787f7b832d052),platform=Mac OS X 10.14.1 x86_64) (WARNING: The server did not provide any stacktrace information)
Command duration or timeout: 0 milliseconds
For documentation on this error, please visit: http://seleniumhq.org/exceptions/invalid_selector_exception.html
Build info: version: '3.12.0', revision: '7c6e0b3', time: '2018-05-08T15:15:08.936Z'
System info: host: 'Viveks-MacBook-Air.local', ip: 'fe80:0:0:0:72:186a:33dd:1f72%en0', os.name: 'Mac OS X', os.arch: 'x86_64', os.version: '10.14.1', java.version: '11'
Driver info: org.openqa.selenium.chrome.ChromeDriver
Capabilities {acceptInsecureCerts: false, acceptSslCerts: false, applicationCacheEnabled: false, browserConnectionEnabled: false, browserName: chrome, chrome: {chromedriverVersion: 2.43.600229 (3fae4d0cda5334..., userDataDir: /var/folders/dk/j9gwnnyd1mz...}, cssSelectorsEnabled: true, databaseEnabled: false, goog:chromeOptions: {debuggerAddress: localhost:51004}, handlesAlerts: true, hasTouchScreen: false, javascriptEnabled: true, locationContextEnabled: true, mobileEmulationEnabled: false, nativeEvents: true, networkConnectionEnabled: false, pageLoadStrategy: normal, platform: MAC, platformName: MAC, rotatable: false, setWindowRect: true, takesHeapSnapshot: true, takesScreenshot: true, unexpectedAlertBehaviour: , unhandledPromptBehavior: , version: 70.0.3538.102, webStorageEnabled: true}
Session ID: a17ec38cdc0a679075d81e301582f52e
*** Element info: {Using=xpath, value=str[1].trim()}
2018-11-23 21:05:41,465 [main] INFO MyFirstTest----mySecondTestt - mySecondTestt --- Test Failed
2018-11-23 21:05:42,284 [main] INFO MyFirstTest----mySecondTestt - ENDING TESTS FOR CLASS --- MyFirstTest
2018-11-23 21:13:15,353 [main] INFO LoginPageTest - STARTING TESTS FOR CLASS --- LoginPageTest
2018-11-23 21:13:17,351 [main] INFO LoginPageTest----loginPageTitleTest - STARTING TEST :loginPageTitleTest
2018-11-23 21:13:17,354 [main] INFO LoginPageTest----loginPageTitleTest - loginPageTitleTest --- Test Skipped
2018-11-23 21:13:17,451 [main] INFO LoginPageTest----loginPageTitleTest - ENDING TESTS FOR CLASS --- LoginPageTest
2018-11-23 21:13:22,823 [main] INFO MyFirstTest - STARTING TESTS FOR CLASS --- MyFirstTest
2018-11-23 21:13:24,159 [main] INFO MyFirstTest----myFirstTestt - STARTING TEST :myFirstTestt
2018-11-23 21:13:24,161 [main] INFO MyFirstTest----myFirstTestt - Before navigating to: 'https://www.ashurst.com/'
2018-11-23 21:13:36,889 [main] INFO MyFirstTest----myFirstTestt - Navigated to:'https://www.ashurst.com/'
2018-11-23 21:13:36,923 [main] INFO MyFirstTest----myFirstTestt - Trying to find Element By : By.xpath: html/body/header/section[3]/div/nav[1]/ul/li[2]/a
2018-11-23 21:13:36,969 [main] INFO MyFirstTest----myFirstTestt - Found Element By : By.xpath: html/body/header/section[3]/div/nav[1]/ul/li[2]/a
2018-11-23 21:13:36,983 [main] INFO MyFirstTest----myFirstTestt - Trying to click on: [[ChromeDriver: chrome on MAC (66b0bc2d9baa77679056bebe8a54cd81)] -> xpath: html/body/header/section[3]/div/nav[1]/ul/li[2]/a]
2018-11-23 21:13:37,166 [main] INFO MyFirstTest----myFirstTestt - Clicked on: [[ChromeDriver: chrome on MAC (66b0bc2d9baa77679056bebe8a54cd81)] -> xpath: html/body/header/section[3]/div/nav[1]/ul/li[2]/a]
2018-11-23 21:13:37,168 [main] INFO MyFirstTest----myFirstTestt - myFirstTestt --- Test Passed
2018-11-23 21:13:37,173 [main] INFO MyFirstTest----myFirstTestt - STARTING TEST :myFirstTestt
2018-11-23 21:13:37,175 [main] INFO MyFirstTest----myFirstTestt - myFirstTestt --- Test Skipped
2018-11-23 21:13:37,188 [main] INFO MyFirstTest----mySecondTestt - STARTING TEST :mySecondTestt
2018-11-23 21:13:37,189 [main] INFO MyFirstTest----mySecondTestt - Before navigating to: 'https://www.ashurst.com/'
2018-11-23 21:13:49,907 [main] INFO MyFirstTest----mySecondTestt - Navigated to:'https://www.ashurst.com/'
2018-11-23 21:13:49,910 [main] INFO MyFirstTest----mySecondTestt - Trying to find Element By : By.xpath: html/body/header/section[3]/div/nav[1]/ul/li[2]/a
2018-11-23 21:13:49,936 [main] INFO MyFirstTest----mySecondTestt - Found Element By : By.xpath: html/body/header/section[3]/div/nav[1]/ul/li[2]/a
2018-11-23 21:13:49,938 [main] INFO MyFirstTest----mySecondTestt - Trying to click on: [[ChromeDriver: chrome on MAC (66b0bc2d9baa77679056bebe8a54cd81)] -> xpath: html/body/header/section[3]/div/nav[1]/ul/li[2]/a]
2018-11-23 21:13:50,098 [main] INFO MyFirstTest----mySecondTestt - Clicked on: [[ChromeDriver: chrome on MAC (66b0bc2d9baa77679056bebe8a54cd81)] -> xpath: html/body/header/section[3]/div/nav[1]/ul/li[2]/a]
2018-11-23 21:13:50,100 [main] INFO MyFirstTest----mySecondTestt - mySecondTestt --- Test Passed
2018-11-23 21:13:50,223 [main] INFO MyFirstTest----mySecondTestt - ENDING TESTS FOR CLASS --- MyFirstTest
2018-11-23 21:44:26,849 [main] INFO LoginPageTest - STARTING TESTS FOR CLASS --- LoginPageTest
2018-11-23 21:44:26,915 [main] INFO LoginPageTest - loginPageTitleTest --- Test Skipped
2018-11-23 21:44:26,917 [main] INFO LoginPageTest - loginPageTitleTest --- Test Failed
2018-11-23 21:45:39,312 [main] INFO LoginPageTest - STARTING TESTS FOR CLASS --- LoginPageTest
2018-11-23 21:45:41,491 [main] INFO LoginPageTest----loginPageTitleTest - STARTING TEST :loginPageTitleTest
2018-11-23 21:45:41,493 [main] INFO LoginPageTest----loginPageTitleTest - loginPageTitleTest --- Test Skipped
2018-11-23 21:45:41,597 [main] INFO LoginPageTest----loginPageTitleTest - ENDING TESTS FOR CLASS --- LoginPageTest
2018-11-23 21:45:46,988 [main] INFO MyFirstTest - STARTING TESTS FOR CLASS --- MyFirstTest
2018-11-23 21:45:48,378 [main] INFO MyFirstTest----myFirstTestt - STARTING TEST :myFirstTestt
2018-11-23 21:45:48,381 [main] INFO MyFirstTest----myFirstTestt - Before navigating to: 'https://www.ashurst.com/'
2018-11-23 21:46:00,254 [main] INFO MyFirstTest----myFirstTestt - Navigated to:'https://www.ashurst.com/'
2018-11-23 21:46:00,287 [main] INFO MyFirstTest----myFirstTestt - Trying to find Element By : By.xpath: html/body/header/section[3]/div/nav[1]/ul/li[2]/a
2018-11-23 21:46:00,342 [main] INFO MyFirstTest----myFirstTestt - Found Element By : By.xpath: html/body/header/section[3]/div/nav[1]/ul/li[2]/a
2018-11-23 21:46:00,357 [main] INFO MyFirstTest----myFirstTestt - Trying to click on: [[ChromeDriver: chrome on MAC (ad7dbdf818db22d74aed28ad92f5307c)] -> xpath: html/body/header/section[3]/div/nav[1]/ul/li[2]/a]
2018-11-23 21:46:00,546 [main] INFO MyFirstTest----myFirstTestt - Clicked on: [[ChromeDriver: chrome on MAC (ad7dbdf818db22d74aed28ad92f5307c)] -> xpath: html/body/header/section[3]/div/nav[1]/ul/li[2]/a]
2018-11-23 21:46:00,548 [main] INFO MyFirstTest----myFirstTestt - myFirstTestt --- Test Passed
2018-11-23 21:46:00,553 [main] INFO MyFirstTest----myFirstTestt - STARTING TEST :myFirstTestt
2018-11-23 21:46:00,555 [main] INFO MyFirstTest----myFirstTestt - myFirstTestt --- Test Skipped
2018-11-23 21:46:00,568 [main] INFO MyFirstTest----mySecondTestt - STARTING TEST :mySecondTestt
2018-11-23 21:46:00,570 [main] INFO MyFirstTest----mySecondTestt - Before navigating to: 'https://www.ashurst.com/'
2018-11-23 21:46:06,943 [main] INFO MyFirstTest----mySecondTestt - Navigated to:'https://www.ashurst.com/'
2018-11-23 21:46:06,945 [main] INFO MyFirstTest----mySecondTestt - Trying to find Element By : By.xpath: html/body/header/section[3]/div/nav[1]/ul/li[2]/a
2018-11-23 21:46:06,971 [main] INFO MyFirstTest----mySecondTestt - Found Element By : By.xpath: html/body/header/section[3]/div/nav[1]/ul/li[2]/a
2018-11-23 21:46:06,978 [main] INFO MyFirstTest----mySecondTestt - Trying to click on: [[ChromeDriver: chrome on MAC (ad7dbdf818db22d74aed28ad92f5307c)] -> xpath: html/body/header/section[3]/div/nav[1]/ul/li[2]/a]
2018-11-23 21:46:07,229 [main] INFO MyFirstTest----mySecondTestt - Clicked on: [[ChromeDriver: chrome on MAC (ad7dbdf818db22d74aed28ad92f5307c)] -> xpath: html/body/header/section[3]/div/nav[1]/ul/li[2]/a]
2018-11-23 21:46:07,231 [main] INFO MyFirstTest----mySecondTestt - mySecondTestt --- Test Passed
2018-11-23 21:46:07,332 [main] INFO MyFirstTest----mySecondTestt - ENDING TESTS FOR CLASS --- MyFirstTest
2018-11-23 21:47:46,587 [main] INFO LoginPageTest - STARTING TESTS FOR CLASS --- LoginPageTest
2018-11-23 21:47:48,739 [main] INFO LoginPageTest----loginPageTitleTest - STARTING TEST :loginPageTitleTest
2018-11-23 21:47:48,742 [main] INFO LoginPageTest----loginPageTitleTest - loginPageTitleTest --- Test Skipped
2018-11-23 21:47:48,843 [main] INFO LoginPageTest----loginPageTitleTest - ENDING TESTS FOR CLASS --- LoginPageTest
2018-11-23 21:47:54,184 [main] INFO MyFirstTest - STARTING TESTS FOR CLASS --- MyFirstTest
2018-11-23 21:47:55,481 [main] INFO MyFirstTest----myFirstTestt - STARTING TEST :myFirstTestt
2018-11-23 21:47:55,484 [main] INFO MyFirstTest----myFirstTestt - Before navigating to: 'https://www.ashurst.com/'
2018-11-23 21:48:09,351 [main] INFO MyFirstTest----myFirstTestt - Navigated to:'https://www.ashurst.com/'
2018-11-23 21:48:09,387 [main] INFO MyFirstTest----myFirstTestt - Trying to find Element By : By.xpath: html/body/header/section[3]/div/nav[1]/ul/li[2]/a
2018-11-23 21:48:09,451 [main] INFO MyFirstTest----myFirstTestt - Found Element By : By.xpath: html/body/header/section[3]/div/nav[1]/ul/li[2]/a
2018-11-23 21:48:09,464 [main] INFO MyFirstTest----myFirstTestt - Trying to click on: [[ChromeDriver: chrome on MAC (247294ac658a0517ab4db2e8157747af)] -> xpath: html/body/header/section[3]/div/nav[1]/ul/li[2]/a]
2018-11-23 21:48:09,697 [main] INFO MyFirstTest----myFirstTestt - Clicked on: [[ChromeDriver: chrome on MAC (247294ac658a0517ab4db2e8157747af)] -> xpath: html/body/header/section[3]/div/nav[1]/ul/li[2]/a]
2018-11-23 21:48:09,703 [main] INFO MyFirstTest----myFirstTestt - myFirstTestt --- Test Passed
2018-11-23 21:48:09,713 [main] INFO MyFirstTest----myFirstTestt - STARTING TEST :myFirstTestt
2018-11-23 21:48:09,715 [main] INFO MyFirstTest----myFirstTestt - myFirstTestt --- Test Skipped
2018-11-23 21:48:09,742 [main] INFO MyFirstTest----mySecondTestt - STARTING TEST :mySecondTestt
2018-11-23 21:48:09,748 [main] INFO MyFirstTest----mySecondTestt - Before navigating to: 'https://www.ashurst.com/'
2018-11-23 21:48:21,592 [main] INFO MyFirstTest----mySecondTestt - Navigated to:'https://www.ashurst.com/'
2018-11-23 21:48:21,595 [main] INFO MyFirstTest----mySecondTestt - Trying to find Element By : By.xpath: html/body/header/section[3]/div/nav[1]/ul/li[2]/a
2018-11-23 21:48:21,615 [main] INFO MyFirstTest----mySecondTestt - Found Element By : By.xpath: html/body/header/section[3]/div/nav[1]/ul/li[2]/a
2018-11-23 21:48:21,616 [main] INFO MyFirstTest----mySecondTestt - Trying to click on: [[ChromeDriver: chrome on MAC (247294ac658a0517ab4db2e8157747af)] -> xpath: html/body/header/section[3]/div/nav[1]/ul/li[2]/a]
2018-11-23 21:48:26,782 [main] INFO MyFirstTest----mySecondTestt - Clicked on: [[ChromeDriver: chrome on MAC (247294ac658a0517ab4db2e8157747af)] -> xpath: html/body/header/section[3]/div/nav[1]/ul/li[2]/a]
2018-11-23 21:48:26,784 [main] INFO MyFirstTest----mySecondTestt - mySecondTestt --- Test Passed
2018-11-23 21:48:26,879 [main] INFO MyFirstTest----mySecondTestt - ENDING TESTS FOR CLASS --- MyFirstTest
2018-11-23 21:50:49,906 [main] INFO LoginPageTest - STARTING TESTS FOR CLASS --- LoginPageTest
2018-11-23 21:50:49,974 [main] INFO LoginPageTest - loginPageTitleTest --- Test Skipped
2018-11-23 21:50:49,975 [main] INFO LoginPageTest - loginPageTitleTest --- Test Failed
2018-11-23 21:52:29,241 [main] INFO LoginPageTest - STARTING TESTS FOR CLASS --- LoginPageTest
2018-11-23 21:52:31,289 [main] INFO LoginPageTest----loginPageTitleTest - STARTING TEST :loginPageTitleTest
2018-11-23 21:52:31,292 [main] INFO LoginPageTest----loginPageTitleTest - loginPageTitleTest --- Test Skipped
2018-11-23 21:52:31,392 [main] INFO LoginPageTest----loginPageTitleTest - ENDING TESTS FOR CLASS --- LoginPageTest
2018-11-23 21:52:36,790 [main] INFO MyFirstTest - STARTING TESTS FOR CLASS --- MyFirstTest
2018-11-23 21:52:38,180 [main] INFO MyFirstTest----myFirstTestt - STARTING TEST :myFirstTestt
2018-11-23 21:52:38,183 [main] INFO MyFirstTest----myFirstTestt - Before navigating to: 'https://www.ashurst.com/'
2018-11-23 21:52:53,274 [main] INFO MyFirstTest----myFirstTestt - Navigated to:'https://www.ashurst.com/'
2018-11-23 21:52:53,308 [main] INFO MyFirstTest----myFirstTestt - Trying to find Element By : By.xpath: html/body/header/section[3]/div/nav[1]/ul/li[2]/a
2018-11-23 21:52:53,389 [main] INFO MyFirstTest----myFirstTestt - Found Element By : By.xpath: html/body/header/section[3]/div/nav[1]/ul/li[2]/a
2018-11-23 21:52:53,404 [main] INFO MyFirstTest----myFirstTestt - Trying to click on: [[ChromeDriver: chrome on MAC (36c31df69dfc2b011e55f15940c8dc09)] -> xpath: html/body/header/section[3]/div/nav[1]/ul/li[2]/a]
2018-11-23 21:52:53,657 [main] INFO MyFirstTest----myFirstTestt - Clicked on: [[ChromeDriver: chrome on MAC (36c31df69dfc2b011e55f15940c8dc09)] -> xpath: html/body/header/section[3]/div/nav[1]/ul/li[2]/a]
2018-11-23 21:52:53,660 [main] INFO MyFirstTest----myFirstTestt - myFirstTestt --- Test Passed
2018-11-23 21:52:53,666 [main] INFO MyFirstTest----myFirstTestt - STARTING TEST :myFirstTestt
2018-11-23 21:52:53,671 [main] INFO MyFirstTest----myFirstTestt - myFirstTestt --- Test Skipped
2018-11-23 21:52:53,682 [main] INFO MyFirstTest----mySecondTestt - STARTING TEST :mySecondTestt
2018-11-23 21:52:53,684 [main] INFO MyFirstTest----mySecondTestt - Before navigating to: 'https://www.ashurst.com/'
2018-11-23 21:53:05,337 [main] INFO MyFirstTest----mySecondTestt - Navigated to:'https://www.ashurst.com/'
2018-11-23 21:53:05,339 [main] INFO MyFirstTest----mySecondTestt - Trying to find Element By : By.xpath: html/body/header/section[3]/div/nav[1]/ul/li[2]/a
2018-11-23 21:53:05,370 [main] INFO MyFirstTest----mySecondTestt - Found Element By : By.xpath: html/body/header/section[3]/div/nav[1]/ul/li[2]/a
2018-11-23 21:53:05,372 [main] INFO MyFirstTest----mySecondTestt - Trying to click on: [[ChromeDriver: chrome on MAC (36c31df69dfc2b011e55f15940c8dc09)] -> xpath: html/body/header/section[3]/div/nav[1]/ul/li[2]/a]
2018-11-23 21:53:05,708 [main] INFO MyFirstTest----mySecondTestt - Clicked on: [[ChromeDriver: chrome on MAC (36c31df69dfc2b011e55f15940c8dc09)] -> xpath: html/body/header/section[3]/div/nav[1]/ul/li[2]/a]
2018-11-23 21:53:05,710 [main] INFO MyFirstTest----mySecondTestt - mySecondTestt --- Test Passed
2018-11-23 21:53:05,821 [main] INFO MyFirstTest----mySecondTestt - ENDING TESTS FOR CLASS --- MyFirstTest
2018-11-23 22:01:47,040 [main] INFO LoginPageTest - STARTING TESTS FOR CLASS --- LoginPageTest
2018-11-23 22:01:49,137 [main] INFO LoginPageTest----loginPageTitleTest - STARTING TEST :loginPageTitleTest
2018-11-23 22:01:49,140 [main] INFO LoginPageTest----loginPageTitleTest - loginPageTitleTest --- Test Skipped
2018-11-23 22:01:49,235 [main] INFO LoginPageTest----loginPageTitleTest - ENDING TESTS FOR CLASS --- LoginPageTest
2018-11-23 22:01:54,650 [main] INFO MyFirstTest - STARTING TESTS FOR CLASS --- MyFirstTest
2018-11-23 22:01:56,056 [main] INFO MyFirstTest----myFirstTestt - STARTING TEST :myFirstTestt
2018-11-23 22:01:56,061 [main] INFO MyFirstTest----myFirstTestt - Before navigating to: 'https://www.ashurst.com/'
2018-11-23 22:02:07,038 [main] INFO MyFirstTest----myFirstTestt - Navigated to:'https://www.ashurst.com/'
2018-11-23 22:02:07,066 [main] INFO MyFirstTest----myFirstTestt - Trying to find Element By : By.xpath: html/body/header/section[3]/div/nav[1]/ul/li[2]/a
2018-11-23 22:02:07,132 [main] INFO MyFirstTest----myFirstTestt - Found Element By : By.xpath: html/body/header/section[3]/div/nav[1]/ul/li[2]/a
2018-11-23 22:02:07,147 [main] INFO MyFirstTest----myFirstTestt - Trying to click on: [[ChromeDriver: chrome on MAC (cc17c1d4c7daffda3703cf030f103886)] -> xpath: html/body/header/section[3]/div/nav[1]/ul/li[2]/a]
2018-11-23 22:02:07,401 [main] INFO MyFirstTest----myFirstTestt - Clicked on: [[ChromeDriver: chrome on MAC (cc17c1d4c7daffda3703cf030f103886)] -> xpath: html/body/header/section[3]/div/nav[1]/ul/li[2]/a]
2018-11-23 22:02:07,405 [main] INFO MyFirstTest----myFirstTestt - myFirstTestt --- Test Passed
2018-11-23 22:02:07,409 [main] INFO MyFirstTest----myFirstTestt - STARTING TEST :myFirstTestt
2018-11-23 22:02:07,411 [main] INFO MyFirstTest----myFirstTestt - myFirstTestt --- Test Skipped
2018-11-23 22:02:07,425 [main] INFO MyFirstTest----mySecondTestt - STARTING TEST :mySecondTestt
2018-11-23 22:02:07,426 [main] INFO MyFirstTest----mySecondTestt - Before navigating to: 'https://www.ashurst.com/'
2018-11-23 22:02:18,213 [main] INFO MyFirstTest----mySecondTestt - Navigated to:'https://www.ashurst.com/'
2018-11-23 22:02:18,216 [main] INFO MyFirstTest----mySecondTestt - Trying to find Element By : By.xpath: html/body/header/section[3]/div/nav[1]/ul/li[2]/a
2018-11-23 22:02:18,242 [main] INFO MyFirstTest----mySecondTestt - Found Element By : By.xpath: html/body/header/section[3]/div/nav[1]/ul/li[2]/a
2018-11-23 22:02:18,244 [main] INFO MyFirstTest----mySecondTestt - Trying to click on: [[ChromeDriver: chrome on MAC (cc17c1d4c7daffda3703cf030f103886)] -> xpath: html/body/header/section[3]/div/nav[1]/ul/li[2]/a]
2018-11-23 22:02:18,517 [main] INFO MyFirstTest----mySecondTestt - Clicked on: [[ChromeDriver: chrome on MAC (cc17c1d4c7daffda3703cf030f103886)] -> xpath: html/body/header/section[3]/div/nav[1]/ul/li[2]/a]
2018-11-23 22:02:18,519 [main] INFO MyFirstTest----mySecondTestt - mySecondTestt --- Test Passed
2018-11-23 22:02:18,666 [main] INFO MyFirstTest----mySecondTestt - ENDING TESTS FOR CLASS --- MyFirstTest
2018-11-23 22:03:15,267 [main] INFO LoginPageTest - STARTING TESTS FOR CLASS --- LoginPageTest
2018-11-23 22:03:17,348 [main] INFO LoginPageTest----loginPageTitleTest - STARTING TEST :loginPageTitleTest
2018-11-23 22:03:17,352 [main] INFO LoginPageTest----loginPageTitleTest - loginPageTitleTest --- Test Skipped
2018-11-23 22:03:17,447 [main] INFO LoginPageTest----loginPageTitleTest - ENDING TESTS FOR CLASS --- LoginPageTest
2018-11-23 22:03:22,799 [main] INFO MyFirstTest - STARTING TESTS FOR CLASS --- MyFirstTest
2018-11-23 22:03:24,096 [main] INFO MyFirstTest----myFirstTestt - STARTING TEST :myFirstTestt
2018-11-23 22:03:24,100 [main] INFO MyFirstTest----myFirstTestt - Before navigating to: 'https://www.ashurst.com/'
2018-11-23 22:03:37,741 [main] INFO MyFirstTest----myFirstTestt - Navigated to:'https://www.ashurst.com/'
2018-11-23 22:03:37,777 [main] INFO MyFirstTest----myFirstTestt - Trying to find Element By : By.xpath: html/body/header/section[3]/div/nav[1]/ul/li[2]/a
2018-11-23 22:03:37,819 [main] INFO MyFirstTest----myFirstTestt - Found Element By : By.xpath: html/body/header/section[3]/div/nav[1]/ul/li[2]/a
2018-11-23 22:03:37,830 [main] INFO MyFirstTest----myFirstTestt - Trying to click on: [[ChromeDriver: chrome on MAC (e5249e18979cd25ca47254a365dde7d8)] -> xpath: html/body/header/section[3]/div/nav[1]/ul/li[2]/a]
2018-11-23 22:03:38,056 [main] INFO MyFirstTest----myFirstTestt - Clicked on: [[ChromeDriver: chrome on MAC (e5249e18979cd25ca47254a365dde7d8)] -> xpath: html/body/header/section[3]/div/nav[1]/ul/li[2]/a]
2018-11-23 22:03:38,068 [main] INFO MyFirstTest----myFirstTestt - myFirstTestt --- Test Passed
2018-11-23 22:03:38,082 [main] INFO MyFirstTest----myFirstTestt - STARTING TEST :myFirstTestt
2018-11-23 22:03:38,084 [main] INFO MyFirstTest----myFirstTestt - myFirstTestt --- Test Skipped
2018-11-23 22:03:38,115 [main] INFO MyFirstTest----mySecondTestt - STARTING TEST :mySecondTestt
2018-11-23 22:03:38,117 [main] INFO MyFirstTest----mySecondTestt - Before navigating to: 'https://www.ashurst.com/'
2018-11-23 22:03:49,588 [main] INFO MyFirstTest----mySecondTestt - Navigated to:'https://www.ashurst.com/'
2018-11-23 22:03:49,591 [main] INFO MyFirstTest----mySecondTestt - Trying to find Element By : By.xpath: html/body/header/section[3]/div/nav[1]/ul/li[2]/a
2018-11-23 22:03:49,627 [main] INFO MyFirstTest----mySecondTestt - Found Element By : By.xpath: html/body/header/section[3]/div/nav[1]/ul/li[2]/a
2018-11-23 22:03:49,632 [main] INFO MyFirstTest----mySecondTestt - Trying to click on: [[ChromeDriver: chrome on MAC (e5249e18979cd25ca47254a365dde7d8)] -> xpath: html/body/header/section[3]/div/nav[1]/ul/li[2]/a]
2018-11-23 22:03:49,905 [main] INFO MyFirstTest----mySecondTestt - Clicked on: [[ChromeDriver: chrome on MAC (e5249e18979cd25ca47254a365dde7d8)] -> xpath: html/body/header/section[3]/div/nav[1]/ul/li[2]/a]
2018-11-23 22:03:49,907 [main] INFO MyFirstTest----mySecondTestt - mySecondTestt --- Test Passed
2018-11-23 22:03:50,054 [main] INFO MyFirstTest----mySecondTestt - ENDING TESTS FOR CLASS --- MyFirstTest
2018-11-23 22:08:27,289 [main] INFO LoginPageTest - STARTING TESTS FOR CLASS --- LoginPageTest
2018-11-23 22:08:29,401 [main] INFO LoginPageTest----loginPageTitleTest - STARTING TEST :loginPageTitleTest
2018-11-23 22:08:29,404 [main] INFO LoginPageTest----loginPageTitleTest - loginPageTitleTest --- Test Skipped
2018-11-23 22:08:29,499 [main] INFO LoginPageTest----loginPageTitleTest - ENDING TESTS FOR CLASS --- LoginPageTest
2018-11-23 22:08:34,884 [main] INFO MyFirstTest - STARTING TESTS FOR CLASS --- MyFirstTest
2018-11-23 22:08:36,284 [main] INFO MyFirstTest----myFirstTestt - STARTING TEST :myFirstTestt
2018-11-23 22:08:36,288 [main] INFO MyFirstTest----myFirstTestt - Before navigating to: 'https://www.ashurst.com/'
2018-11-23 22:08:47,928 [main] INFO MyFirstTest----myFirstTestt - Navigated to:'https://www.ashurst.com/'
2018-11-23 22:08:47,959 [main] INFO MyFirstTest----myFirstTestt - Trying to find Element By : By.xpath: html/body/header/section[3]/div/nav[1]/ul/li[2]/a
2018-11-23 22:08:48,011 [main] INFO MyFirstTest----myFirstTestt - Found Element By : By.xpath: html/body/header/section[3]/div/nav[1]/ul/li[2]/a
2018-11-23 22:08:48,022 [main] INFO MyFirstTest----myFirstTestt - Trying to click on: [[ChromeDriver: chrome on MAC (f75a53a4f167ddfbc7e49a8d859aa6e8)] -> xpath: html/body/header/section[3]/div/nav[1]/ul/li[2]/a]
2018-11-23 22:08:48,224 [main] INFO MyFirstTest----myFirstTestt - Clicked on: [[ChromeDriver: chrome on MAC (f75a53a4f167ddfbc7e49a8d859aa6e8)] -> xpath: html/body/header/section[3]/div/nav[1]/ul/li[2]/a]
2018-11-23 22:08:48,227 [main] INFO MyFirstTest----myFirstTestt - myFirstTestt --- Test Passed
2018-11-23 22:08:48,237 [main] INFO MyFirstTest----myFirstTestt - STARTING TEST :myFirstTestt
2018-11-23 22:08:48,239 [main] INFO MyFirstTest----myFirstTestt - myFirstTestt --- Test Skipped
2018-11-23 22:08:48,253 [main] INFO MyFirstTest----mySecondTestt - STARTING TEST :mySecondTestt
2018-11-23 22:08:48,254 [main] INFO MyFirstTest----mySecondTestt - Before navigating to: 'https://www.ashurst.com/'
2018-11-23 22:09:02,804 [main] INFO MyFirstTest----mySecondTestt - Navigated to:'https://www.ashurst.com/'
2018-11-23 22:09:02,807 [main] INFO MyFirstTest----mySecondTestt - Trying to find Element By : By.xpath: html/body/header/section[3]/div/nav[1]/ul/li[2]/a
2018-11-23 22:09:02,835 [main] INFO MyFirstTest----mySecondTestt - Found Element By : By.xpath: html/body/header/section[3]/div/nav[1]/ul/li[2]/a
2018-11-23 22:09:02,838 [main] INFO MyFirstTest----mySecondTestt - Trying to click on: [[ChromeDriver: chrome on MAC (f75a53a4f167ddfbc7e49a8d859aa6e8)] -> xpath: html/body/header/section[3]/div/nav[1]/ul/li[2]/a]
2018-11-23 22:09:03,091 [main] INFO MyFirstTest----mySecondTestt - Clicked on: [[ChromeDriver: chrome on MAC (f75a53a4f167ddfbc7e49a8d859aa6e8)] -> xpath: html/body/header/section[3]/div/nav[1]/ul/li[2]/a]
2018-11-23 22:09:03,094 [main] INFO MyFirstTest----mySecondTestt - mySecondTestt --- Test Passed
2018-11-23 22:09:03,200 [main] INFO MyFirstTest----mySecondTestt - ENDING TESTS FOR CLASS --- MyFirstTest
2018-11-23 23:20:14,670 [TestNG-test=LoginPageTest-1] INFO LoginPageTest - STARTING TESTS FOR CLASS --- LoginPageTest
2018-11-23 23:20:16,999 [TestNG-test=LoginPageTest-1] INFO LoginPageTest----loginPageTitleTest - loginPageTitleTest --- Test Failed
2018-11-23 23:20:17,267 [TestNG-test=LoginPageTest-1] INFO LoginPageTest----loginPageTitleTest - loginPageTitleTest --- Test Failed
2018-11-23 23:20:17,597 [TestNG-test=LoginPageTest-1] INFO LoginPageTest----loginPageTitleTest - ENDING TESTS FOR CLASS --- LoginPageTest
2018-11-23 23:20:22,980 [TestNG-test=MyFirstTest-1] INFO MyFirstTest - STARTING TESTS FOR CLASS --- MyFirstTest
2018-11-23 23:20:24,229 [TestNG-test=MyFirstTest-2] INFO MyFirstTest----myFirstTestt - mySecondTestt --- Test Failed
2018-11-23 23:20:24,232 [TestNG-test=MyFirstTest-1] INFO MyFirstTest----myFirstTestt - myFirstTestt --- Test Failed
2018-11-23 23:20:24,502 [TestNG-test=MyFirstTest-2] INFO MyFirstTest----myFirstTestt - mySecondTestt --- Test Failed
2018-11-23 23:20:24,744 [TestNG-test=MyFirstTest-1] INFO MyFirstTest----myFirstTestt - myFirstTestt --- Test Failed
2018-11-23 23:20:25,314 [TestNG-test=MyFirstTest-1] INFO MyFirstTest----myFirstTestt - ENDING TESTS FOR CLASS --- MyFirstTest
2018-11-23 23:22:01,700 [TestNG-test=LoginPageTest-1] INFO LoginPageTest - STARTING TESTS FOR CLASS --- LoginPageTest
2018-11-23 23:22:03,909 [TestNG-test=LoginPageTest-1] INFO LoginPageTest----loginPageTitleTest - loginPageTitleTest --- Test Failed
2018-11-23 23:22:04,193 [TestNG-test=LoginPageTest-1] INFO LoginPageTest----loginPageTitleTest - loginPageTitleTest --- Test Failed
2018-11-23 23:22:04,543 [TestNG-test=LoginPageTest-1] INFO LoginPageTest----loginPageTitleTest - ENDING TESTS FOR CLASS --- LoginPageTest
2018-11-23 23:22:09,946 [TestNG-test=MyFirstTest-1] INFO MyFirstTest - STARTING TESTS FOR CLASS --- MyFirstTest
2018-11-23 23:22:11,215 [TestNG-test=MyFirstTest-1] INFO MyFirstTest----myFirstTestt - myFirstTestt --- Test Failed
2018-11-23 23:22:11,217 [TestNG-test=MyFirstTest-2] INFO MyFirstTest----myFirstTestt - mySecondTestt --- Test Failed
2018-11-23 23:22:11,483 [TestNG-test=MyFirstTest-1] INFO MyFirstTest----myFirstTestt - myFirstTestt --- Test Failed
2018-11-23 23:22:11,728 [TestNG-test=MyFirstTest-2] INFO MyFirstTest----myFirstTestt - mySecondTestt --- Test Failed
2018-11-23 23:22:12,309 [TestNG-test=MyFirstTest-2] INFO MyFirstTest----myFirstTestt - ENDING TESTS FOR CLASS --- MyFirstTest
2018-11-23 23:40:38,647 [TestNG-test=LoginPageTest-1] INFO LoginPageTest - STARTING TESTS FOR CLASS --- LoginPageTest
2018-11-23 23:40:40,849 [TestNG-test=LoginPageTest-1] INFO LoginPageTest----loginPageTitleTest - loginPageTitleTest --- Test Failed
2018-11-23 23:40:41,120 [TestNG-test=LoginPageTest-1] INFO LoginPageTest----loginPageTitleTest - loginPageTitleTest --- Test Failed
2018-11-23 23:40:41,458 [TestNG-test=LoginPageTest-1] INFO LoginPageTest----loginPageTitleTest - ENDING TESTS FOR CLASS --- LoginPageTest
2018-11-23 23:40:46,830 [TestNG-test=MyFirstTest-1] INFO MyFirstTest - STARTING TESTS FOR CLASS --- MyFirstTest
2018-11-23 23:40:48,241 [TestNG-test=MyFirstTest-1] INFO MyFirstTest----myFirstTestt - myFirstTestt --- Test Failed
2018-11-23 23:40:48,513 [TestNG-test=MyFirstTest-1] INFO MyFirstTest----myFirstTestt - myFirstTestt --- Test Failed
2018-11-23 23:45:45,261 [TestNG-test=LoginPageTest-1] INFO LoginPageTest - STARTING TESTS FOR CLASS --- LoginPageTest
2018-11-23 23:45:47,418 [TestNG-test=LoginPageTest-1] INFO LoginPageTest----loginPageTitleTest - loginPageTitleTest --- Test Failed
2018-11-23 23:45:47,421 [TestNG-test=LoginPageTest-1] INFO LoginPageTest----loginPageTitleTest - loginPageTitleTest --- Test Failed
2018-11-23 23:45:47,522 [TestNG-test=LoginPageTest-1] INFO LoginPageTest----loginPageTitleTest - ENDING TESTS FOR CLASS --- LoginPageTest
2018-11-23 23:45:52,858 [TestNG-test=MyFirstTest-1] INFO MyFirstTest - STARTING TESTS FOR CLASS --- MyFirstTest
2018-11-23 23:45:54,205 [TestNG-test=MyFirstTest-1] INFO MyFirstTest----myFirstTestt - myFirstTestt --- Test Failed
2018-11-23 23:45:54,206 [TestNG-test=MyFirstTest-1] INFO MyFirstTest----myFirstTestt - myFirstTestt --- Test Failed
2018-11-23 23:46:32,178 [main] INFO LoginPageTest - STARTING TESTS FOR CLASS --- LoginPageTest
2018-11-23 23:46:34,438 [main] INFO LoginPageTest----loginPageTitleTest - STARTING TEST :loginPageTitleTest
2018-11-23 23:46:34,440 [main] INFO LoginPageTest----loginPageTitleTest - Before navigating to: 'https://www.ashurst.com/'
2018-11-23 23:46:46,289 [main] INFO LoginPageTest----loginPageTitleTest - Navigated to:'https://www.ashurst.com/'
2018-11-23 23:46:46,326 [main] INFO LoginPageTest----loginPageTitleTest - loginPageTitleTest --- Test Failed
2018-11-23 23:46:46,332 [main] INFO LoginPageTest----loginPageTitleTest - loginPageTitleTest --- Test Failed
2018-11-23 23:46:46,469 [main] INFO LoginPageTest----loginPageTitleTest - ENDING TESTS FOR CLASS --- LoginPageTest
2018-11-23 23:48:43,608 [main] INFO LoginPageTest - STARTING TESTS FOR CLASS --- LoginPageTest
2018-11-23 23:48:45,759 [main] INFO LoginPageTest----loginPageTitleTest - STARTING TEST :loginPageTitleTest
2018-11-23 23:48:45,761 [main] INFO LoginPageTest----loginPageTitleTest - Before navigating to: 'https://www.ashurst.com/'
2018-11-23 23:48:56,620 [main] INFO LoginPageTest----loginPageTitleTest - Navigated to:'https://www.ashurst.com/'
2018-11-23 23:48:56,654 [main] INFO LoginPageTest----loginPageTitleTest - loginPageTitleTest --- Test Failed
2018-11-23 23:48:56,656 [main] INFO LoginPageTest----loginPageTitleTest - loginPageTitleTest --- Test Failed
2018-11-23 23:48:56,776 [main] INFO LoginPageTest----loginPageTitleTest - ENDING TESTS FOR CLASS --- LoginPageTest
2018-11-23 23:50:11,172 [main] INFO LoginPageTest - STARTING TESTS FOR CLASS --- LoginPageTest
2018-11-23 23:50:13,299 [main] INFO LoginPageTest----loginPageTitleTest - STARTING TEST :loginPageTitleTest
2018-11-23 23:50:13,301 [main] INFO LoginPageTest----loginPageTitleTest - Before navigating to: 'https://www.ashurst.com/'
2018-11-23 23:50:25,075 [main] INFO LoginPageTest----loginPageTitleTest - Navigated to:'https://www.ashurst.com/'
2018-11-23 23:50:25,104 [main] INFO LoginPageTest----loginPageTitleTest - Trying to find Element By : By.tagName: a
2018-11-23 23:50:25,251 [main] INFO LoginPageTest----loginPageTitleTest - Found Element By : By.tagName: a
2018-11-23 23:50:25,568 [main] INFO LoginPageTest----loginPageTitleTest - Trying to click on: [[ChromeDriver: chrome on MAC (f2083874a1111c1ab618b214c36d7bb4)] -> tag name: a]
2018-11-23 23:50:25,739 [main] INFO LoginPageTest----loginPageTitleTest - Clicked on: [[ChromeDriver: chrome on MAC (f2083874a1111c1ab618b214c36d7bb4)] -> tag name: a]
2018-11-23 23:50:25,742 [main] INFO LoginPageTest----loginPageTitleTest - loginPageTitleTest --- Test Passed
2018-11-23 23:50:25,851 [main] INFO LoginPageTest----loginPageTitleTest - ENDING TESTS FOR CLASS --- LoginPageTest
2018-11-23 23:50:31,239 [main] INFO MyFirstTest - STARTING TESTS FOR CLASS --- MyFirstTest
2018-11-23 23:50:32,619 [main] INFO MyFirstTest----myFirstTestt - STARTING TEST :myFirstTestt
2018-11-23 23:50:32,621 [main] INFO MyFirstTest----myFirstTestt - Before navigating to: 'https://www.ashurst.com/'
2018-11-23 23:50:45,189 [main] INFO MyFirstTest----myFirstTestt - Navigated to:'https://www.ashurst.com/'
2018-11-23 23:50:45,193 [main] INFO MyFirstTest----myFirstTestt - Trying to find Element By : By.xpath: html/body/header/section[3]/div/nav[1]/ul/li[2]/a
2018-11-23 23:50:45,227 [main] INFO MyFirstTest----myFirstTestt - Found Element By : By.xpath: html/body/header/section[3]/div/nav[1]/ul/li[2]/a
2018-11-23 23:50:45,228 [main] INFO MyFirstTest----myFirstTestt - Trying to click on: [[ChromeDriver: chrome on MAC (1aa7b2e5ec8702e2330438096c246070)] -> xpath: html/body/header/section[3]/div/nav[1]/ul/li[2]/a]
2018-11-23 23:50:45,409 [main] INFO MyFirstTest----myFirstTestt - Clicked on: [[ChromeDriver: chrome on MAC (1aa7b2e5ec8702e2330438096c246070)] -> xpath: html/body/header/section[3]/div/nav[1]/ul/li[2]/a]
2018-11-23 23:50:45,411 [main] INFO MyFirstTest----myFirstTestt - myFirstTestt --- Test Passed
2018-11-23 23:50:45,416 [main] INFO MyFirstTest----myFirstTestt - STARTING TEST :myFirstTestt
2018-11-23 23:50:45,422 [main] INFO MyFirstTest----myFirstTestt - myFirstTestt --- Test Skipped
2018-11-23 23:50:45,433 [main] INFO MyFirstTest----mySecondTestt - STARTING TEST :mySecondTestt
2018-11-23 23:50:45,437 [main] INFO MyFirstTest----mySecondTestt - Before navigating to: 'https://www.ashurst.com/'
2018-11-23 23:51:02,320 [main] INFO MyFirstTest----mySecondTestt - Navigated to:'https://www.ashurst.com/'
2018-11-23 23:51:02,323 [main] INFO MyFirstTest----mySecondTestt - Trying to find Element By : By.xpath: html/body/header/section[3]/div/nav[1]/ul/li[2]/a
2018-11-23 23:51:02,376 [main] INFO MyFirstTest----mySecondTestt - Found Element By : By.xpath: html/body/header/section[3]/div/nav[1]/ul/li[2]/a
2018-11-23 23:51:02,378 [main] INFO MyFirstTest----mySecondTestt - Trying to click on: [[ChromeDriver: chrome on MAC (1aa7b2e5ec8702e2330438096c246070)] -> xpath: html/body/header/section[3]/div/nav[1]/ul/li[2]/a]
2018-11-23 23:51:02,644 [main] INFO MyFirstTest----mySecondTestt - Clicked on: [[ChromeDriver: chrome on MAC (1aa7b2e5ec8702e2330438096c246070)] -> xpath: html/body/header/section[3]/div/nav[1]/ul/li[2]/a]
2018-11-23 23:51:02,645 [main] INFO MyFirstTest----mySecondTestt - mySecondTestt --- Test Passed
2018-11-23 23:51:02,751 [main] INFO MyFirstTest----mySecondTestt - ENDING TESTS FOR CLASS --- MyFirstTest
2018-11-24 00:17:43,558 [TestNG-test=LoginPageTest-1] INFO LoginPageTest - STARTING TESTS FOR CLASS --- LoginPageTest
2018-11-24 00:17:45,776 [TestNG-test=LoginPageTest-1] INFO LoginPageTest----loginPageTitleTest - loginPageTitleTest --- Test Failed
2018-11-24 00:17:46,043 [TestNG-test=LoginPageTest-1] INFO LoginPageTest----loginPageTitleTest - loginPageTitleTest --- Test Failed
2018-11-24 00:17:46,376 [TestNG-test=LoginPageTest-1] INFO LoginPageTest----loginPageTitleTest - ENDING TESTS FOR CLASS --- LoginPageTest
2018-11-24 00:17:51,719 [TestNG-test=MyFirstTest-1] INFO MyFirstTest - STARTING TESTS FOR CLASS --- MyFirstTest
2018-11-24 00:17:53,108 [TestNG-test=MyFirstTest-1] INFO MyFirstTest----myFirstTestt - myFirstTestt --- Test Failed
2018-11-24 00:17:53,378 [TestNG-test=MyFirstTest-1] INFO MyFirstTest----myFirstTestt - myFirstTestt --- Test Failed
2018-11-24 00:18:20,507 [main] INFO LoginPageTest - STARTING TESTS FOR CLASS --- LoginPageTest
2018-11-24 00:18:22,986 [main] INFO LoginPageTest----loginPageTitleTest - STARTING TEST :loginPageTitleTest
2018-11-24 00:18:22,990 [main] INFO LoginPageTest----loginPageTitleTest - Before navigating to: 'https://www.ashurst.com/'
2018-11-24 00:18:34,944 [main] INFO LoginPageTest----loginPageTitleTest - Navigated to:'https://www.ashurst.com/'
2018-11-24 00:18:34,990 [main] INFO LoginPageTest----loginPageTitleTest - Trying to find Element By : By.tagName: a
2018-11-24 00:18:35,165 [main] INFO LoginPageTest----loginPageTitleTest - Found Element By : By.tagName: a
2018-11-24 00:18:35,593 [main] INFO LoginPageTest----loginPageTitleTest - Trying to click on: [[ChromeDriver: chrome on MAC (37e861f2df4be9370e661f3163d2ac38)] -> tag name: a]
2018-11-24 00:18:35,789 [main] INFO LoginPageTest----loginPageTitleTest - Clicked on: [[ChromeDriver: chrome on MAC (37e861f2df4be9370e661f3163d2ac38)] -> tag name: a]
2018-11-24 00:18:35,793 [main] INFO LoginPageTest----loginPageTitleTest - loginPageTitleTest --- Test Passed
2018-11-24 00:18:35,947 [main] INFO LoginPageTest----loginPageTitleTest - ENDING TESTS FOR CLASS --- LoginPageTest
2018-11-24 00:18:41,291 [main] INFO MyFirstTest - STARTING TESTS FOR CLASS --- MyFirstTest
2018-11-24 00:18:42,792 [main] INFO MyFirstTest----myFirstTestt - STARTING TEST :myFirstTestt
2018-11-24 00:18:42,794 [main] INFO MyFirstTest----myFirstTestt - Before navigating to: 'https://www.ashurst.com/'
2018-11-24 00:18:54,351 [main] INFO MyFirstTest----myFirstTestt - Navigated to:'https://www.ashurst.com/'
2018-11-24 00:18:54,355 [main] INFO MyFirstTest----myFirstTestt - Trying to find Element By : By.xpath: html/body/header/section[3]/div/nav[1]/ul/li[2]/a
2018-11-24 00:18:54,388 [main] INFO MyFirstTest----myFirstTestt - Found Element By : By.xpath: html/body/header/section[3]/div/nav[1]/ul/li[2]/a
2018-11-24 00:18:54,390 [main] INFO MyFirstTest----myFirstTestt - Trying to click on: [[ChromeDriver: chrome on MAC (de1f7873a8e095e0e34eb76301f5da1d)] -> xpath: html/body/header/section[3]/div/nav[1]/ul/li[2]/a]
2018-11-24 00:18:54,534 [main] INFO MyFirstTest----myFirstTestt - Clicked on: [[ChromeDriver: chrome on MAC (de1f7873a8e095e0e34eb76301f5da1d)] -> xpath: html/body/header/section[3]/div/nav[1]/ul/li[2]/a]
2018-11-24 00:18:54,535 [main] INFO MyFirstTest----myFirstTestt - myFirstTestt --- Test Passed
2018-11-24 00:18:54,542 [main] INFO MyFirstTest----myFirstTestt - STARTING TEST :myFirstTestt
2018-11-24 00:18:54,550 [main] INFO MyFirstTest----myFirstTestt - myFirstTestt --- Test Skipped
2018-11-24 00:18:54,563 [main] INFO MyFirstTest----mySecondTestt - STARTING TEST :mySecondTestt
2018-11-24 00:18:54,565 [main] INFO MyFirstTest----mySecondTestt - Before navigating to: 'https://www.ashurst.com/'
2018-11-24 00:19:04,875 [main] INFO MyFirstTest----mySecondTestt - Navigated to:'https://www.ashurst.com/'
2018-11-24 00:19:04,879 [main] INFO MyFirstTest----mySecondTestt - Trying to find Element By : By.xpath: html/body/header/section[3]/div/nav[1]/ul/li[2]/a
2018-11-24 00:19:04,906 [main] INFO MyFirstTest----mySecondTestt - Found Element By : By.xpath: html/body/header/section[3]/div/nav[1]/ul/li[2]/a
2018-11-24 00:19:04,907 [main] INFO MyFirstTest----mySecondTestt - Trying to click on: [[ChromeDriver: chrome on MAC (de1f7873a8e095e0e34eb76301f5da1d)] -> xpath: html/body/header/section[3]/div/nav[1]/ul/li[2]/a]
2018-11-24 00:19:05,234 [main] INFO MyFirstTest----mySecondTestt - Clicked on: [[ChromeDriver: chrome on MAC (de1f7873a8e095e0e34eb76301f5da1d)] -> xpath: html/body/header/section[3]/div/nav[1]/ul/li[2]/a]
2018-11-24 00:19:05,236 [main] INFO MyFirstTest----mySecondTestt - mySecondTestt --- Test Passed
2018-11-24 00:19:05,342 [main] INFO MyFirstTest----mySecondTestt - ENDING TESTS FOR CLASS --- MyFirstTest
2018-11-24 00:32:30,134 [TestNG-suites-1] INFO LoginPageTest - STARTING TESTS FOR CLASS --- LoginPageTest
2018-11-24 00:32:30,139 [TestNG-suites-2] INFO LoginPageTest - STARTING TESTS FOR CLASS --- LoginPageTest
2018-11-24 00:32:32,918 [TestNG-suites-1] INFO MyFirstTest----myFirstTestt - Before navigating to: 'https://www.ashurst.com/'
2018-11-24 00:32:32,924 [TestNG-suites-2] INFO MyFirstTest----myFirstTestt - Before navigating to: 'https://www.ashurst.com/'
2018-11-24 00:32:32,944 [TestNG-suites-2] INFO MyFirstTest----mySecondTestt - Before navigating to: 'https://www.ashurst.com/'
2018-11-24 00:32:33,025 [TestNG-suites-2] INFO MyFirstTest----mySecondTestt - ENDING TESTS FOR CLASS --- MyFirstTest
2018-11-24 00:32:33,026 [TestNG-suites-1] INFO MyFirstTest----mySecondTestt - ENDING TESTS FOR CLASS --- MyFirstTest
2018-11-24 00:34:52,408 [TestNG-suites-1] INFO LoginPageTest - STARTING TESTS FOR CLASS --- LoginPageTest
2018-11-24 00:34:52,411 [TestNG-suites-2] INFO LoginPageTest - STARTING TESTS FOR CLASS --- LoginPageTest
2018-11-24 00:34:55,155 [TestNG-suites-2] INFO LoginPageTest----loginPageTitleTest - Before navigating to: 'https://www.ashurst.com/'
2018-11-24 00:34:55,162 [TestNG-suites-1] INFO LoginPageTest----loginPageTitleTest - Before navigating to: 'https://www.ashurst.com/'
2018-11-24 00:34:55,177 [TestNG-suites-2] INFO MyFirstTest----mySecondTestt - Before navigating to: 'https://www.ashurst.com/'
2018-11-24 00:34:55,310 [TestNG-suites-2] INFO MyFirstTest----mySecondTestt - ENDING TESTS FOR CLASS --- MyFirstTest
2018-11-24 00:34:55,310 [TestNG-suites-1] INFO MyFirstTest----mySecondTestt - ENDING TESTS FOR CLASS --- MyFirstTest
2018-11-24 00:35:47,441 [main] INFO LoginPageTest - STARTING TESTS FOR CLASS --- LoginPageTest
2018-11-24 00:35:49,984 [main] INFO LoginPageTest----loginPageTitleTest - Before navigating to: 'https://www.ashurst.com/'
2018-11-24 00:35:50,073 [main] INFO LoginPageTest----loginPageTitleTest - ENDING TESTS FOR CLASS --- LoginPageTest
2018-11-24 00:35:55,108 [main] INFO MyFirstTest - STARTING TESTS FOR CLASS --- MyFirstTest
2018-11-24 00:35:56,451 [main] INFO MyFirstTest----myFirstTestt - Before navigating to: 'https://www.ashurst.com/'
2018-11-24 00:35:56,460 [main] INFO MyFirstTest----mySecondTestt - Before navigating to: 'https://www.ashurst.com/'
2018-11-24 00:35:56,546 [main] INFO MyFirstTest----mySecondTestt - ENDING TESTS FOR CLASS --- MyFirstTest
2018-11-24 00:36:45,659 [TestNG-suites-2] INFO LoginPageTest - STARTING TESTS FOR CLASS --- LoginPageTest
2018-11-24 00:36:45,661 [TestNG-suites-1] INFO LoginPageTest - STARTING TESTS FOR CLASS --- LoginPageTest
2018-11-24 00:36:59,713 [TestNG-suites-2] INFO LoginPageTest----loginPageTitleTest - Navigated to:'https://www.ashurst.com/'
2018-11-24 00:37:04,453 [TestNG-suites-1] INFO MyFirstTest----mySecondTestt - Navigated to:'https://www.ashurst.com/'
2018-11-24 00:37:09,515 [TestNG-suites-2] INFO MyFirstTest----mySecondTestt - Navigated to:'https://www.ashurst.com/'
2018-11-24 00:37:09,613 [TestNG-suites-1] INFO MyFirstTest----mySecondTestt - ENDING TESTS FOR CLASS --- MyFirstTest
2018-11-24 00:37:09,613 [TestNG-suites-2] INFO MyFirstTest----mySecondTestt - ENDING TESTS FOR CLASS --- MyFirstTest
2018-11-24 00:37:52,544 [TestNG-suites-1] INFO MyFirstTest - STARTING TESTS FOR CLASS --- MyFirstTest
2018-11-24 00:37:52,547 [TestNG-suites-2] INFO MyFirstTest - STARTING TESTS FOR CLASS --- MyFirstTest
2018-11-24 00:38:05,978 [TestNG-suites-1] INFO MyFirstTest----myFirstTestt - Trying to find Element By : By.tagName: a
2018-11-24 00:38:10,950 [TestNG-suites-2] INFO MyFirstTest----myFirstTestt - Trying to find Element By : By.xpath: html/body/header/section[3]/div/nav[1]/ul/li[2]/a
2018-11-24 00:38:11,043 [TestNG-suites-1] INFO MyFirstTest----mySecondTestt - ENDING TESTS FOR CLASS --- MyFirstTest
2018-11-24 00:38:11,063 [TestNG-suites-2] INFO MyFirstTest----mySecondTestt - ENDING TESTS FOR CLASS --- MyFirstTest
2018-11-24 00:40:08,766 [TestNG-suites-1] INFO MyFirstTest - STARTING TESTS FOR CLASS --- LoginPageTest
2018-11-24 00:40:08,769 [TestNG-suites-2] INFO MyFirstTest - STARTING TESTS FOR CLASS --- LoginPageTest
2018-11-24 00:40:11,550 [TestNG-suites-2] INFO LoginPageTest----loginPageTitleTest - Before navigating to: 'https://www.ashurst.com/'
2018-11-24 00:40:11,558 [TestNG-suites-1] INFO LoginPageTest----loginPageTitleTest - Before navigating to: 'https://www.ashurst.com/'
2018-11-24 00:40:11,642 [TestNG-suites-2] INFO MyFirstTest----mySecondTestt - Before navigating to: 'https://www.ashurst.com/'
2018-11-24 00:40:11,670 [TestNG-suites-1] INFO MyFirstTest----mySecondTestt - ENDING TESTS FOR CLASS --- MyFirstTest
2018-11-24 00:40:11,670 [TestNG-suites-2] INFO MyFirstTest----mySecondTestt - ENDING TESTS FOR CLASS --- MyFirstTest
2018-11-24 00:48:40,955 [main] INFO LoginPageTest - STARTING TESTS FOR CLASS --- LoginPageTest
2018-11-24 00:48:44,397 [main] INFO LoginPageTest----loginPageTitleTest - STARTING TEST :loginPageTitleTest
2018-11-24 00:48:44,399 [main] INFO LoginPageTest----loginPageTitleTest - Before navigating to: 'https://www.ashurst.com/'
2018-11-24 00:48:56,192 [main] INFO LoginPageTest----loginPageTitleTest - Navigated to:'https://www.ashurst.com/'
2018-11-24 00:48:56,230 [main] INFO LoginPageTest----loginPageTitleTest - Trying to find Element By : By.tagName: a
2018-11-24 00:48:56,383 [main] INFO LoginPageTest----loginPageTitleTest - Found Element By : By.tagName: a
2018-11-24 00:48:56,728 [main] INFO LoginPageTest----loginPageTitleTest - Trying to click on: [[ChromeDriver: chrome on MAC (e598b240834bf64f270132bbdd908d5a)] -> tag name: a]
2018-11-24 00:48:56,898 [main] INFO LoginPageTest----loginPageTitleTest - Clicked on: [[ChromeDriver: chrome on MAC (e598b240834bf64f270132bbdd908d5a)] -> tag name: a]
2018-11-24 00:48:56,902 [main] INFO LoginPageTest----loginPageTitleTest - loginPageTitleTest --- Test Passed
2018-11-24 00:48:57,001 [main] INFO LoginPageTest----loginPageTitleTest - ENDING TESTS FOR CLASS --- LoginPageTest
2018-11-24 00:49:02,450 [main] INFO MyFirstTest - STARTING TESTS FOR CLASS --- MyFirstTest
2018-11-24 00:49:03,748 [main] INFO MyFirstTest----myFirstTestt - STARTING TEST :myFirstTestt
2018-11-24 00:49:03,749 [main] INFO MyFirstTest----myFirstTestt - Before navigating to: 'https://www.ashurst.com/'
2018-11-24 00:49:17,350 [main] INFO MyFirstTest----myFirstTestt - Navigated to:'https://www.ashurst.com/'
2018-11-24 00:49:17,352 [main] INFO MyFirstTest----myFirstTestt - Trying to find Element By : By.xpath: html/body/header/section[3]/div/nav[1]/ul/li[2]/a
2018-11-24 00:49:17,393 [main] INFO MyFirstTest----myFirstTestt - Found Element By : By.xpath: html/body/header/section[3]/div/nav[1]/ul/li[2]/a
2018-11-24 00:49:17,394 [main] INFO MyFirstTest----myFirstTestt - Trying to click on: [[ChromeDriver: chrome on MAC (eff99174f351266b1ffe96ff72eaa909)] -> xpath: html/body/header/section[3]/div/nav[1]/ul/li[2]/a]
2018-11-24 00:49:17,588 [main] INFO MyFirstTest----myFirstTestt - Clicked on: [[ChromeDriver: chrome on MAC (eff99174f351266b1ffe96ff72eaa909)] -> xpath: html/body/header/section[3]/div/nav[1]/ul/li[2]/a]
2018-11-24 00:49:17,600 [main] INFO MyFirstTest----myFirstTestt - myFirstTestt --- Test Passed
2018-11-24 00:49:17,607 [main] INFO MyFirstTest----myFirstTestt - STARTING TEST :myFirstTestt
2018-11-24 00:49:17,615 [main] INFO MyFirstTest----myFirstTestt - myFirstTestt --- Test Skipped
2018-11-24 00:49:17,630 [main] INFO MyFirstTest----mySecondTestt - STARTING TEST :mySecondTestt
2018-11-24 00:49:17,631 [main] INFO MyFirstTest----mySecondTestt - Before navigating to: 'https://www.ashurst.com/'
2018-11-24 00:49:28,112 [main] INFO MyFirstTest----mySecondTestt - Navigated to:'https://www.ashurst.com/'
2018-11-24 00:49:28,116 [main] INFO MyFirstTest----mySecondTestt - Trying to find Element By : By.xpath: html/body/header/section[3]/div/nav[1]/ul/li[2]/a
2018-11-24 00:49:28,141 [main] INFO MyFirstTest----mySecondTestt - Found Element By : By.xpath: html/body/header/section[3]/div/nav[1]/ul/li[2]/a
2018-11-24 00:49:28,143 [main] INFO MyFirstTest----mySecondTestt - Trying to click on: [[ChromeDriver: chrome on MAC (eff99174f351266b1ffe96ff72eaa909)] -> xpath: html/body/header/section[3]/div/nav[1]/ul/li[2]/a]
2018-11-24 00:49:28,357 [main] INFO MyFirstTest----mySecondTestt - Clicked on: [[ChromeDriver: chrome on MAC (eff99174f351266b1ffe96ff72eaa909)] -> xpath: html/body/header/section[3]/div/nav[1]/ul/li[2]/a]
2018-11-24 00:49:28,359 [main] INFO MyFirstTest----mySecondTestt - mySecondTestt --- Test Passed
2018-11-24 00:49:28,460 [main] INFO MyFirstTest----mySecondTestt - ENDING TESTS FOR CLASS --- MyFirstTest
2018-11-24 00:50:04,935 [TestNG-suites-1] INFO LoginPageTest - STARTING TESTS FOR CLASS --- MyFirstTest
2018-11-24 00:50:04,937 [TestNG-suites-2] INFO LoginPageTest - STARTING TESTS FOR CLASS --- MyFirstTest
2018-11-24 00:50:07,678 [TestNG-suites-1] INFO MyFirstTest----myFirstTestt - Before navigating to: 'https://www.ashurst.com/'
2018-11-24 00:50:07,679 [TestNG-suites-2] INFO MyFirstTest----myFirstTestt - Before navigating to: 'https://www.ashurst.com/'
2018-11-24 00:50:07,696 [TestNG-suites-2] INFO MyFirstTest----mySecondTestt - Before navigating to: 'https://www.ashurst.com/'
2018-11-24 00:50:07,770 [TestNG-suites-1] INFO MyFirstTest----mySecondTestt - ENDING TESTS FOR CLASS --- MyFirstTest
2018-11-24 00:50:07,771 [TestNG-suites-2] INFO MyFirstTest----mySecondTestt - ENDING TESTS FOR CLASS --- MyFirstTest
2018-11-24 00:56:18,695 [TestNG-suites-1] INFO LoginPageTest - STARTING TESTS FOR CLASS --- LoginPageTest
2018-11-24 00:56:18,697 [TestNG-suites-2] INFO LoginPageTest - STARTING TESTS FOR CLASS --- LoginPageTest
2018-11-24 00:56:21,455 [TestNG-suites-2] INFO MyFirstTest----myFirstTestt - STARTING TEST :myFirstTestt
2018-11-24 00:56:21,457 [TestNG-suites-1] INFO MyFirstTest----myFirstTestt - STARTING TEST :loginPageTitleTest
2018-11-24 00:56:21,460 [TestNG-suites-2] INFO MyFirstTest----myFirstTestt - Before navigating to: 'https://www.ashurst.com/'
2018-11-24 00:56:21,462 [TestNG-suites-1] INFO MyFirstTest----myFirstTestt - Before navigating to: 'https://www.ashurst.com/'
2018-11-24 00:56:21,471 [TestNG-suites-2] INFO MyFirstTest----myFirstTestt - Before navigating to: 'https://www.ashurst.com/'
2018-11-24 00:56:21,473 [TestNG-suites-1] INFO MyFirstTest----myFirstTestt - Before navigating to: 'https://www.ashurst.com/'
2018-11-24 00:56:32,565 [TestNG-suites-2] INFO MyFirstTest----myFirstTestt - Navigated to:'https://www.ashurst.com/'
2018-11-24 00:56:32,567 [TestNG-suites-2] INFO MyFirstTest----myFirstTestt - Navigated to:'https://www.ashurst.com/'
2018-11-24 00:56:32,598 [TestNG-suites-2] INFO MyFirstTest----myFirstTestt - Trying to find Element By : By.xpath: html/body/header/section[3]/div/nav[1]/ul/li[2]/a
2018-11-24 00:56:32,599 [TestNG-suites-2] INFO MyFirstTest----myFirstTestt - Trying to find Element By : By.xpath: html/body/header/section[3]/div/nav[1]/ul/li[2]/a
2018-11-24 00:56:37,279 [TestNG-suites-1] INFO MyFirstTest----myFirstTestt - Navigated to:'https://www.ashurst.com/'
2018-11-24 00:56:37,281 [TestNG-suites-1] INFO MyFirstTest----myFirstTestt - Navigated to:'https://www.ashurst.com/'
2018-11-24 00:56:37,283 [TestNG-suites-1] INFO MyFirstTest----myFirstTestt - Trying to find Element By : By.tagName: a
2018-11-24 00:56:37,285 [TestNG-suites-1] INFO MyFirstTest----myFirstTestt - Trying to find Element By : By.tagName: a
2018-11-24 00:56:37,312 [TestNG-suites-2] INFO MyFirstTest----myFirstTestt - Found Element By : By.xpath: html/body/header/section[3]/div/nav[1]/ul/li[2]/a
2018-11-24 00:56:37,313 [TestNG-suites-2] INFO MyFirstTest----myFirstTestt - Found Element By : By.xpath: html/body/header/section[3]/div/nav[1]/ul/li[2]/a
2018-11-24 00:56:37,326 [TestNG-suites-2] INFO MyFirstTest----myFirstTestt - Trying to click on: [[ChromeDriver: chrome on MAC (1d4f16a8d36ea0f21fc3da5afae3dd6d)] -> xpath: html/body/header/section[3]/div/nav[1]/ul/li[2]/a]
2018-11-24 00:56:37,457 [TestNG-suites-2] INFO MyFirstTest----myFirstTestt - Trying to click on: [[ChromeDriver: chrome on MAC (1d4f16a8d36ea0f21fc3da5afae3dd6d)] -> xpath: html/body/header/section[3]/div/nav[1]/ul/li[2]/a]
2018-11-24 00:56:37,481 [TestNG-suites-1] INFO MyFirstTest----myFirstTestt - Found Element By : By.tagName: a
2018-11-24 00:56:37,487 [TestNG-suites-1] INFO MyFirstTest----myFirstTestt - Found Element By : By.tagName: a
2018-11-24 00:56:37,724 [TestNG-suites-2] INFO MyFirstTest----myFirstTestt - Clicked on: [[ChromeDriver: chrome on MAC (1d4f16a8d36ea0f21fc3da5afae3dd6d)] -> xpath: html/body/header/section[3]/div/nav[1]/ul/li[2]/a]
2018-11-24 00:56:37,725 [TestNG-suites-2] INFO MyFirstTest----myFirstTestt - Clicked on: [[ChromeDriver: chrome on MAC (1d4f16a8d36ea0f21fc3da5afae3dd6d)] -> xpath: html/body/header/section[3]/div/nav[1]/ul/li[2]/a]
2018-11-24 00:56:37,728 [TestNG-suites-2] INFO MyFirstTest----myFirstTestt - myFirstTestt --- Test Passed
2018-11-24 00:56:37,734 [TestNG-suites-2] INFO MyFirstTest----myFirstTestt - STARTING TEST :myFirstTestt
2018-11-24 00:56:37,738 [TestNG-suites-2] INFO MyFirstTest----myFirstTestt - myFirstTestt --- Test Skipped
2018-11-24 00:56:37,748 [TestNG-suites-2] INFO MyFirstTest----mySecondTestt - STARTING TEST :mySecondTestt
2018-11-24 00:56:37,750 [TestNG-suites-2] INFO MyFirstTest----mySecondTestt - Before navigating to: 'https://www.ashurst.com/'
2018-11-24 00:56:37,751 [TestNG-suites-2] INFO MyFirstTest----mySecondTestt - Before navigating to: 'https://www.ashurst.com/'
2018-11-24 00:56:48,412 [TestNG-suites-2] INFO MyFirstTest----mySecondTestt - Navigated to:'https://www.ashurst.com/'
2018-11-24 00:56:48,414 [TestNG-suites-2] INFO MyFirstTest----mySecondTestt - Navigated to:'https://www.ashurst.com/'
2018-11-24 00:56:48,416 [TestNG-suites-2] INFO MyFirstTest----mySecondTestt - Trying to find Element By : By.xpath: html/body/header/section[3]/div/nav[1]/ul/li[2]/a
2018-11-24 00:56:48,419 [TestNG-suites-2] INFO MyFirstTest----mySecondTestt - Trying to find Element By : By.xpath: html/body/header/section[3]/div/nav[1]/ul/li[2]/a
2018-11-24 00:56:48,465 [TestNG-suites-2] INFO MyFirstTest----mySecondTestt - Found Element By : By.xpath: html/body/header/section[3]/div/nav[1]/ul/li[2]/a
2018-11-24 00:56:48,467 [TestNG-suites-2] INFO MyFirstTest----mySecondTestt - Found Element By : By.xpath: html/body/header/section[3]/div/nav[1]/ul/li[2]/a
2018-11-24 00:56:48,469 [TestNG-suites-2] INFO MyFirstTest----mySecondTestt - Trying to click on: [[ChromeDriver: chrome on MAC (1d4f16a8d36ea0f21fc3da5afae3dd6d)] -> xpath: html/body/header/section[3]/div/nav[1]/ul/li[2]/a]
2018-11-24 00:56:48,506 [TestNG-suites-2] INFO MyFirstTest----mySecondTestt - Trying to click on: [[ChromeDriver: chrome on MAC (1d4f16a8d36ea0f21fc3da5afae3dd6d)] -> xpath: html/body/header/section[3]/div/nav[1]/ul/li[2]/a]
2018-11-24 00:56:49,500 [TestNG-suites-2] INFO MyFirstTest----mySecondTestt - Clicked on: [[ChromeDriver: chrome on MAC (1d4f16a8d36ea0f21fc3da5afae3dd6d)] -> xpath: html/body/header/section[3]/div/nav[1]/ul/li[2]/a]
2018-11-24 00:56:49,503 [TestNG-suites-2] INFO MyFirstTest----mySecondTestt - Clicked on: [[ChromeDriver: chrome on MAC (1d4f16a8d36ea0f21fc3da5afae3dd6d)] -> xpath: html/body/header/section[3]/div/nav[1]/ul/li[2]/a]
2018-11-24 00:56:49,511 [TestNG-suites-2] INFO MyFirstTest----mySecondTestt - mySecondTestt --- Test Passed
2018-11-24 00:56:49,511 [TestNG-suites-1] INFO MyFirstTest----mySecondTestt - Exception occured: org.openqa.selenium.StaleElementReferenceException: stale element reference: element is not attached to the page document
  (Session info: chrome=70.0.3538.102)
  (Driver info: chromedriver=2.43.600229 (3fae4d0cda5334b4f533bede5a4787f7b832d052),platform=Mac OS X 10.14.1 x86_64) (WARNING: The server did not provide any stacktrace information)
Command duration or timeout: 0 milliseconds
For documentation on this error, please visit: http://seleniumhq.org/exceptions/stale_element_reference.html
Build info: version: '3.12.0', revision: '7c6e0b3', time: '2018-05-08T15:15:08.936Z'
System info: host: 'Viveks-MacBook-Air.local', ip: 'fe80:0:0:0:1c84:3785:4032:9598%en0', os.name: 'Mac OS X', os.arch: 'x86_64', os.version: '10.14.1', java.version: '11'
Driver info: org.openqa.selenium.chrome.ChromeDriver
Capabilities {acceptInsecureCerts: false, acceptSslCerts: false, applicationCacheEnabled: false, browserConnectionEnabled: false, browserName: chrome, chrome: {chromedriverVersion: 2.43.600229 (3fae4d0cda5334..., userDataDir: /var/folders/dk/j9gwnnyd1mz...}, cssSelectorsEnabled: true, databaseEnabled: false, goog:chromeOptions: {debuggerAddress: localhost:49446}, handlesAlerts: true, hasTouchScreen: false, javascriptEnabled: true, locationContextEnabled: true, mobileEmulationEnabled: false, nativeEvents: true, networkConnectionEnabled: false, pageLoadStrategy: normal, platform: MAC, platformName: MAC, rotatable: false, setWindowRect: true, takesHeapSnapshot: true, takesScreenshot: true, unexpectedAlertBehaviour: , unhandledPromptBehavior: , version: 70.0.3538.102, webStorageEnabled: true}
Session ID: 1d4f16a8d36ea0f21fc3da5afae3dd6d
2018-11-24 00:56:49,626 [TestNG-suites-2] INFO MyFirstTest----mySecondTestt - ENDING TESTS FOR CLASS --- MyFirstTest
2018-11-24 00:56:49,628 [TestNG-suites-1] INFO MyFirstTest----mySecondTestt - loginPageTitleTest --- Test Failed
2018-11-24 00:56:49,629 [TestNG-suites-1] INFO MyFirstTest----mySecondTestt - loginPageTitleTest --- Test Failed
2018-11-24 00:56:49,630 [TestNG-suites-1] INFO MyFirstTest----mySecondTestt - ENDING TESTS FOR CLASS --- MyFirstTest
2018-11-24 01:00:48,296 [TestNG-suites-2] INFO LoginPageTest - STARTING TESTS FOR CLASS --- LoginPageTest
2018-11-24 01:00:48,299 [TestNG-suites-1] INFO LoginPageTest - STARTING TESTS FOR CLASS --- LoginPageTest
2018-11-24 01:00:50,716 [TestNG-suites-2] INFO LoginPageTest----loginPageTitleTest - STARTING TEST :myFirstTestt
2018-11-24 01:00:50,736 [TestNG-suites-1] INFO LoginPageTest----loginPageTitleTest - STARTING TEST :loginPageTitleTest
2018-11-24 01:00:50,738 [TestNG-suites-2] INFO LoginPageTest----loginPageTitleTest - Before navigating to: 'https://www.ashurst.com/'
2018-11-24 01:00:50,740 [TestNG-suites-1] INFO LoginPageTest----loginPageTitleTest - Before navigating to: 'https://www.ashurst.com/'
2018-11-24 01:01:03,963 [TestNG-suites-2] INFO LoginPageTest----loginPageTitleTest - Navigated to:'https://www.ashurst.com/'
2018-11-24 01:01:04,009 [TestNG-suites-2] INFO LoginPageTest----loginPageTitleTest - myFirstTestt --- Test Failed
2018-11-24 01:01:04,013 [TestNG-suites-2] INFO LoginPageTest----loginPageTitleTest - myFirstTestt --- Test Failed
2018-11-24 01:01:04,082 [TestNG-suites-1] INFO LoginPageTest----loginPageTitleTest - Navigated to:'https://www.ashurst.com/'
2018-11-24 01:01:04,085 [TestNG-suites-1] INFO LoginPageTest----loginPageTitleTest - loginPageTitleTest --- Test Failed
2018-11-24 01:01:04,086 [TestNG-suites-1] INFO LoginPageTest----loginPageTitleTest - loginPageTitleTest --- Test Failed
2018-11-24 01:01:04,232 [TestNG-suites-1] INFO LoginPageTest----loginPageTitleTest - ENDING TESTS FOR CLASS --- LoginPageTest
2018-11-24 01:02:11,100 [main] INFO LoginPageTest - STARTING TESTS FOR CLASS --- LoginPageTest
2018-11-24 01:02:13,114 [main] INFO LoginPageTest----loginPageTitleTest - STARTING TEST :loginPageTitleTest
2018-11-24 01:02:13,117 [main] INFO LoginPageTest----loginPageTitleTest - Before navigating to: 'https://www.ashurst.com/'
2018-11-24 01:02:24,147 [main] INFO LoginPageTest----loginPageTitleTest - Navigated to:'https://www.ashurst.com/'
2018-11-24 01:02:24,186 [main] INFO LoginPageTest----loginPageTitleTest - loginPageTitleTest --- Test Failed
2018-11-24 01:02:24,188 [main] INFO LoginPageTest----loginPageTitleTest - loginPageTitleTest --- Test Failed
2018-11-24 01:02:24,286 [main] INFO LoginPageTest----loginPageTitleTest - ENDING TESTS FOR CLASS --- LoginPageTest
2018-11-24 01:03:43,953 [TestNG-suites-1] INFO LoginPageTest - STARTING TESTS FOR CLASS --- LoginPageTest
2018-11-24 01:03:43,956 [TestNG-suites-2] INFO LoginPageTest - STARTING TESTS FOR CLASS --- LoginPageTest
2018-11-24 01:03:46,681 [TestNG-suites-1] INFO LoginPageTest----loginPageTitleTest - STARTING TEST :loginPageTitleTest
2018-11-24 01:03:46,683 [TestNG-suites-1] INFO LoginPageTest----loginPageTitleTest - Before navigating to: 'https://www.ashurst.com/'
2018-11-24 01:03:46,829 [TestNG-suites-2] INFO MyFirstTest----myFirstTestt - STARTING TEST :myFirstTestt
2018-11-24 01:03:46,830 [TestNG-suites-2] INFO MyFirstTest----myFirstTestt - Before navigating to: 'https://www.ashurst.com/'
2018-11-24 01:03:59,416 [TestNG-suites-2] INFO MyFirstTest----myFirstTestt - Navigated to:'https://www.ashurst.com/'
2018-11-24 01:03:59,447 [TestNG-suites-2] INFO MyFirstTest----myFirstTestt - myFirstTestt --- Test Failed
2018-11-24 01:03:59,450 [TestNG-suites-2] INFO MyFirstTest----myFirstTestt - myFirstTestt --- Test Failed
2018-11-24 01:03:59,536 [TestNG-suites-1] INFO MyFirstTest----myFirstTestt - Navigated to:'https://www.ashurst.com/'
2018-11-24 01:03:59,541 [TestNG-suites-1] INFO MyFirstTest----myFirstTestt - loginPageTitleTest --- Test Failed
2018-11-24 01:03:59,543 [TestNG-suites-1] INFO MyFirstTest----myFirstTestt - loginPageTitleTest --- Test Failed
2018-11-24 01:03:59,649 [TestNG-suites-1] INFO MyFirstTest----myFirstTestt - ENDING TESTS FOR CLASS --- MyFirstTest
2018-11-24 01:05:21,429 [main] INFO LoginPageTest - STARTING TESTS FOR CLASS --- LoginPageTest
2018-11-24 01:05:23,547 [main] INFO LoginPageTest----loginPageTitleTest - STARTING TEST :loginPageTitleTest
2018-11-24 01:05:23,550 [main] INFO LoginPageTest----loginPageTitleTest - Before navigating to: 'https://www.ashurst.com/'
2018-11-24 01:05:34,068 [main] INFO LoginPageTest----loginPageTitleTest - Navigated to:'https://www.ashurst.com/'
2018-11-24 01:05:34,097 [main] INFO LoginPageTest----loginPageTitleTest - Trying to find Element By : By.tagName: a
2018-11-24 01:05:34,247 [main] INFO LoginPageTest----loginPageTitleTest - Found Element By : By.tagName: a
2018-11-24 01:05:34,622 [main] INFO LoginPageTest----loginPageTitleTest - Trying to click on: [[ChromeDriver: chrome on MAC (560ad37a271e30ed496001e4369f51b0)] -> tag name: a]
2018-11-24 01:05:34,782 [main] INFO LoginPageTest----loginPageTitleTest - Clicked on: [[ChromeDriver: chrome on MAC (560ad37a271e30ed496001e4369f51b0)] -> tag name: a]
2018-11-24 01:05:34,787 [main] INFO LoginPageTest----loginPageTitleTest - loginPageTitleTest --- Test Passed
2018-11-24 01:05:34,881 [main] INFO LoginPageTest----loginPageTitleTest - ENDING TESTS FOR CLASS --- LoginPageTest
2018-11-24 01:05:40,213 [main] INFO MyFirstTest - STARTING TESTS FOR CLASS --- MyFirstTest
2018-11-24 01:05:41,532 [main] INFO MyFirstTest----myFirstTestt - STARTING TEST :myFirstTestt
2018-11-24 01:05:41,533 [main] INFO MyFirstTest----myFirstTestt - Before navigating to: 'https://www.ashurst.com/'
2018-11-24 01:05:52,784 [main] INFO MyFirstTest----myFirstTestt - Navigated to:'https://www.ashurst.com/'
2018-11-24 01:05:52,787 [main] INFO MyFirstTest----myFirstTestt - Trying to find Element By : By.xpath: html/body/header/section[3]/div/nav[1]/ul/li[2]/a
2018-11-24 01:05:52,821 [main] INFO MyFirstTest----myFirstTestt - Found Element By : By.xpath: html/body/header/section[3]/div/nav[1]/ul/li[2]/a
2018-11-24 01:05:52,825 [main] INFO MyFirstTest----myFirstTestt - Trying to click on: [[ChromeDriver: chrome on MAC (9eb47601220f90064593844122db196f)] -> xpath: html/body/header/section[3]/div/nav[1]/ul/li[2]/a]
2018-11-24 01:05:52,962 [main] INFO MyFirstTest----myFirstTestt - Clicked on: [[ChromeDriver: chrome on MAC (9eb47601220f90064593844122db196f)] -> xpath: html/body/header/section[3]/div/nav[1]/ul/li[2]/a]
2018-11-24 01:05:52,964 [main] INFO MyFirstTest----myFirstTestt - myFirstTestt --- Test Passed
2018-11-24 01:05:52,972 [main] INFO MyFirstTest----myFirstTestt - STARTING TEST :myFirstTestt
2018-11-24 01:05:52,986 [main] INFO MyFirstTest----myFirstTestt - myFirstTestt --- Test Skipped
2018-11-24 01:05:53,005 [main] INFO MyFirstTest----mySecondTestt - STARTING TEST :mySecondTestt
2018-11-24 01:05:53,009 [main] INFO MyFirstTest----mySecondTestt - Before navigating to: 'https://www.ashurst.com/'
2018-11-24 01:06:02,694 [main] INFO MyFirstTest----mySecondTestt - Navigated to:'https://www.ashurst.com/'
2018-11-24 01:06:02,696 [main] INFO MyFirstTest----mySecondTestt - Trying to find Element By : By.xpath: html/body/header/section[3]/div/nav[1]/ul/li[2]/a
2018-11-24 01:06:02,727 [main] INFO MyFirstTest----mySecondTestt - Found Element By : By.xpath: html/body/header/section[3]/div/nav[1]/ul/li[2]/a
2018-11-24 01:06:02,729 [main] INFO MyFirstTest----mySecondTestt - Trying to click on: [[ChromeDriver: chrome on MAC (9eb47601220f90064593844122db196f)] -> xpath: html/body/header/section[3]/div/nav[1]/ul/li[2]/a]
2018-11-24 01:06:03,016 [main] INFO MyFirstTest----mySecondTestt - Clicked on: [[ChromeDriver: chrome on MAC (9eb47601220f90064593844122db196f)] -> xpath: html/body/header/section[3]/div/nav[1]/ul/li[2]/a]
2018-11-24 01:06:03,018 [main] INFO MyFirstTest----mySecondTestt - mySecondTestt --- Test Passed
2018-11-24 01:06:03,112 [main] INFO MyFirstTest----mySecondTestt - ENDING TESTS FOR CLASS --- MyFirstTest
2018-11-24 01:08:39,570 [TestNG-suites-1] INFO LoginPageTest - STARTING TESTS FOR CLASS --- LoginPageTest
2018-11-24 01:08:39,572 [TestNG-suites-2] INFO MyFirstTest - STARTING TESTS FOR CLASS --- LoginPageTest
2018-11-24 01:08:42,306 [TestNG-suites-1] INFO LoginPageTest----loginPageTitleTest - ENDING TESTS FOR CLASS --- LoginPageTest
2018-11-24 01:09:49,949 [TestNG-suites-2] INFO MyFirstTest - STARTING TESTS FOR CLASS --- LoginPageTest
2018-11-24 01:09:49,943 [TestNG-suites-1] INFO LoginPageTest - STARTING TESTS FOR CLASS --- LoginPageTest
2018-11-24 01:09:52,761 [TestNG-suites-1] INFO LoginPageTest----loginPageTitleTest - ENDING TESTS FOR CLASS --- MyFirstTest
2018-11-24 08:26:26,999 [main] INFO LoginPageTest - STARTING TESTS FOR CLASS --- LoginPageTest
2018-11-24 08:26:29,651 [main] INFO LoginPageTest----loginPageTitleTest - STARTING TEST :loginPageTitleTest
2018-11-24 08:26:29,653 [main] INFO LoginPageTest----loginPageTitleTest - Before navigating to: 'https://www.ashurst.com/'
2018-11-24 08:26:41,457 [main] INFO LoginPageTest----loginPageTitleTest - Navigated to:'https://www.ashurst.com/'
2018-11-24 08:26:41,495 [main] INFO LoginPageTest----loginPageTitleTest - Trying to find Element By : By.tagName: a
2018-11-24 08:26:41,654 [main] INFO LoginPageTest----loginPageTitleTest - Found Element By : By.tagName: a
2018-11-24 08:26:41,957 [main] INFO LoginPageTest----loginPageTitleTest - Trying to click on: [[ChromeDriver: chrome on MAC (14f53fdaf14d8b69a6e2cab21932a541)] -> tag name: a]
2018-11-24 08:26:42,109 [main] INFO LoginPageTest----loginPageTitleTest - Clicked on: [[ChromeDriver: chrome on MAC (14f53fdaf14d8b69a6e2cab21932a541)] -> tag name: a]
2018-11-24 08:26:42,112 [main] INFO LoginPageTest----loginPageTitleTest - loginPageTitleTest --- Test Passed
2018-11-24 08:26:42,238 [main] INFO LoginPageTest----loginPageTitleTest - ENDING TESTS FOR CLASS --- LoginPageTest
2018-11-24 08:26:47,619 [main] INFO MyFirstTest - STARTING TESTS FOR CLASS --- MyFirstTest
2018-11-24 08:26:48,928 [main] INFO MyFirstTest----myFirstTestt - STARTING TEST :myFirstTestt
2018-11-24 08:26:48,929 [main] INFO MyFirstTest----myFirstTestt - Before navigating to: 'https://www.ashurst.com/'
2018-11-24 08:26:59,399 [main] INFO MyFirstTest----myFirstTestt - Navigated to:'https://www.ashurst.com/'
2018-11-24 08:26:59,402 [main] INFO MyFirstTest----myFirstTestt - Trying to find Element By : By.xpath: html/body/header/section[3]/div/nav[1]/ul/li[2]/a
2018-11-24 08:26:59,433 [main] INFO MyFirstTest----myFirstTestt - Found Element By : By.xpath: html/body/header/section[3]/div/nav[1]/ul/li[2]/a
2018-11-24 08:26:59,435 [main] INFO MyFirstTest----myFirstTestt - Trying to click on: [[ChromeDriver: chrome on MAC (430c5b1208c6607a7ff211a10ece1239)] -> xpath: html/body/header/section[3]/div/nav[1]/ul/li[2]/a]
2018-11-24 08:26:59,579 [main] INFO MyFirstTest----myFirstTestt - Clicked on: [[ChromeDriver: chrome on MAC (430c5b1208c6607a7ff211a10ece1239)] -> xpath: html/body/header/section[3]/div/nav[1]/ul/li[2]/a]
2018-11-24 08:26:59,584 [main] INFO MyFirstTest----myFirstTestt - myFirstTestt --- Test Passed
2018-11-24 08:26:59,596 [main] INFO MyFirstTest----myFirstTestt - STARTING TEST :myFirstTestt
2018-11-24 08:26:59,607 [main] INFO MyFirstTest----myFirstTestt - myFirstTestt --- Test Skipped
2018-11-24 08:26:59,622 [main] INFO MyFirstTest----mySecondTestt - STARTING TEST :mySecondTestt
2018-11-24 08:26:59,624 [main] INFO MyFirstTest----mySecondTestt - Before navigating to: 'https://www.ashurst.com/'
2018-11-24 08:27:09,708 [main] INFO MyFirstTest----mySecondTestt - Navigated to:'https://www.ashurst.com/'
2018-11-24 08:27:09,710 [main] INFO MyFirstTest----mySecondTestt - Trying to find Element By : By.xpath: html/body/header/section[3]/div/nav[1]/ul/li[2]/a
2018-11-24 08:27:09,733 [main] INFO MyFirstTest----mySecondTestt - Found Element By : By.xpath: html/body/header/section[3]/div/nav[1]/ul/li[2]/a
2018-11-24 08:27:09,736 [main] INFO MyFirstTest----mySecondTestt - Trying to click on: [[ChromeDriver: chrome on MAC (430c5b1208c6607a7ff211a10ece1239)] -> xpath: html/body/header/section[3]/div/nav[1]/ul/li[2]/a]
2018-11-24 08:27:10,012 [main] INFO MyFirstTest----mySecondTestt - Clicked on: [[ChromeDriver: chrome on MAC (430c5b1208c6607a7ff211a10ece1239)] -> xpath: html/body/header/section[3]/div/nav[1]/ul/li[2]/a]
2018-11-24 08:27:10,014 [main] INFO MyFirstTest----mySecondTestt - mySecondTestt --- Test Passed
2018-11-24 08:27:10,128 [main] INFO MyFirstTest----mySecondTestt - ENDING TESTS FOR CLASS --- MyFirstTest
2018-11-24 21:20:32,889 [com.qa.tests.runner.main()] INFO LoginPageTest - STARTING TESTS FOR CLASS --- LoginPageTest
2018-11-24 21:20:35,550 [com.qa.tests.runner.main()] INFO LoginPageTest----loginPageTitleTest - STARTING TEST :loginPageTitleTest
2018-11-24 21:20:35,553 [com.qa.tests.runner.main()] INFO LoginPageTest----loginPageTitleTest - Before navigating to: 'https://www.ashurst.com/'
2018-11-24 21:20:46,045 [com.qa.tests.runner.main()] INFO LoginPageTest----loginPageTitleTest - Navigated to:'https://www.ashurst.com/'
2018-11-24 21:20:46,074 [com.qa.tests.runner.main()] INFO LoginPageTest----loginPageTitleTest - Trying to find Element By : By.tagName: a
2018-11-24 21:20:46,239 [com.qa.tests.runner.main()] INFO LoginPageTest----loginPageTitleTest - Found Element By : By.tagName: a
2018-11-24 21:20:46,592 [com.qa.tests.runner.main()] INFO LoginPageTest----loginPageTitleTest - Trying to click on: [[ChromeDriver: chrome on MAC (d647e2baf8edd9a1c30067f6b3d83231)] -> tag name: a]
2018-11-24 21:20:46,758 [com.qa.tests.runner.main()] INFO LoginPageTest----loginPageTitleTest - Clicked on: [[ChromeDriver: chrome on MAC (d647e2baf8edd9a1c30067f6b3d83231)] -> tag name: a]
2018-11-24 21:20:46,760 [com.qa.tests.runner.main()] INFO LoginPageTest----loginPageTitleTest - loginPageTitleTest --- Test Passed
2018-11-24 21:20:46,923 [com.qa.tests.runner.main()] INFO LoginPageTest----loginPageTitleTest - ENDING TESTS FOR CLASS --- LoginPageTest
2018-11-24 21:20:52,274 [com.qa.tests.runner.main()] INFO MyFirstTest - STARTING TESTS FOR CLASS --- MyFirstTest
2018-11-24 21:20:53,739 [com.qa.tests.runner.main()] INFO MyFirstTest----myFirstTestt - STARTING TEST :myFirstTestt
2018-11-24 21:20:53,741 [com.qa.tests.runner.main()] INFO MyFirstTest----myFirstTestt - Before navigating to: 'https://www.ashurst.com/'
2018-11-24 21:21:06,473 [com.qa.tests.runner.main()] INFO MyFirstTest----myFirstTestt - Navigated to:'https://www.ashurst.com/'
2018-11-24 21:21:06,477 [com.qa.tests.runner.main()] INFO MyFirstTest----myFirstTestt - Trying to find Element By : By.xpath: html/body/header/section[3]/div/nav[1]/ul/li[2]/a
2018-11-24 21:21:06,528 [com.qa.tests.runner.main()] INFO MyFirstTest----myFirstTestt - Found Element By : By.xpath: html/body/header/section[3]/div/nav[1]/ul/li[2]/a
2018-11-24 21:21:06,529 [com.qa.tests.runner.main()] INFO MyFirstTest----myFirstTestt - Trying to click on: [[ChromeDriver: chrome on MAC (440316034f80bf34dc253818d2757efd)] -> xpath: html/body/header/section[3]/div/nav[1]/ul/li[2]/a]
2018-11-24 21:21:06,832 [com.qa.tests.runner.main()] INFO MyFirstTest----myFirstTestt - Clicked on: [[ChromeDriver: chrome on MAC (440316034f80bf34dc253818d2757efd)] -> xpath: html/body/header/section[3]/div/nav[1]/ul/li[2]/a]
2018-11-24 21:21:06,835 [com.qa.tests.runner.main()] INFO MyFirstTest----myFirstTestt - myFirstTestt --- Test Passed
2018-11-24 21:21:06,842 [com.qa.tests.runner.main()] INFO MyFirstTest----myFirstTestt - STARTING TEST :myFirstTestt
2018-11-24 21:21:06,845 [com.qa.tests.runner.main()] INFO MyFirstTest----myFirstTestt - myFirstTestt --- Test Skipped
2018-11-24 21:21:06,857 [com.qa.tests.runner.main()] INFO MyFirstTest----mySecondTestt - STARTING TEST :mySecondTestt
2018-11-24 21:21:06,859 [com.qa.tests.runner.main()] INFO MyFirstTest----mySecondTestt - Before navigating to: 'https://www.ashurst.com/'
2018-11-24 21:21:11,788 [com.qa.tests.runner.main()] INFO MyFirstTest----mySecondTestt - Navigated to:'https://www.ashurst.com/'
2018-11-24 21:21:11,790 [com.qa.tests.runner.main()] INFO MyFirstTest----mySecondTestt - Trying to find Element By : By.xpath: html/body/header/section[3]/div/nav[1]/ul/li[2]/a
2018-11-24 21:21:11,827 [com.qa.tests.runner.main()] INFO MyFirstTest----mySecondTestt - Found Element By : By.xpath: html/body/header/section[3]/div/nav[1]/ul/li[2]/a
2018-11-24 21:21:11,829 [com.qa.tests.runner.main()] INFO MyFirstTest----mySecondTestt - Trying to click on: [[ChromeDriver: chrome on MAC (440316034f80bf34dc253818d2757efd)] -> xpath: html/body/header/section[3]/div/nav[1]/ul/li[2]/a]
2018-11-24 21:21:12,110 [com.qa.tests.runner.main()] INFO MyFirstTest----mySecondTestt - Clicked on: [[ChromeDriver: chrome on MAC (440316034f80bf34dc253818d2757efd)] -> xpath: html/body/header/section[3]/div/nav[1]/ul/li[2]/a]
2018-11-24 21:21:12,113 [com.qa.tests.runner.main()] INFO MyFirstTest----mySecondTestt - mySecondTestt --- Test Passed
2018-11-24 21:21:12,261 [com.qa.tests.runner.main()] INFO MyFirstTest----mySecondTestt - ENDING TESTS FOR CLASS --- MyFirstTest
