2018-11-23 19:29:45,692 - LoginPageTest----loginPageTitleTest -INFO - STARTING TEST :loginPageTitleTest
2018-11-23 19:29:45,700 - LoginPageTest----loginPageTitleTest -INFO - loginPageTitleTest --- Test Skipped
2018-11-23 19:29:52,465 - MyFirstTest----myFirstTestt -INFO - STARTING TEST :myFirstTestt
2018-11-23 19:29:52,467 - MyFirstTest----myFirstTestt -INFO - Before navigating to: 'https://www.ashurst.com/'
2018-11-23 19:30:05,044 - MyFirstTest----myFirstTestt -INFO - Navigated to:'https://www.ashurst.com/'
2018-11-23 19:30:05,066 - MyFirstTest----myFirstTestt -INFO - Trying to find Element By : By.xpath: html/body/header/section[3]/div/nav[1]/ul/li[2]/a
2018-11-23 19:30:05,093 - MyFirstTest----myFirstTestt -INFO - Found Element By : By.xpath: html/body/header/section[3]/div/nav[1]/ul/li[2]/a
2018-11-23 19:30:05,102 - MyFirstTest----myFirstTestt -INFO - Trying to click on: [[ChromeDriver: chrome on MAC (0377a98d866f7c46ed0242ab614b11fb)] -> xpath: html/body/header/section[3]/div/nav[1]/ul/li[2]/a]
2018-11-23 19:30:10,348 - MyFirstTest----myFirstTestt -INFO - Clicked on: [[ChromeDriver: chrome on MAC (0377a98d866f7c46ed0242ab614b11fb)] -> xpath: html/body/header/section[3]/div/nav[1]/ul/li[2]/a]
2018-11-23 19:30:10,350 - MyFirstTest----myFirstTestt -INFO - myFirstTestt --- Test Passed
2018-11-23 19:30:10,355 - MyFirstTest----myFirstTestt -INFO - STARTING TEST :myFirstTestt
2018-11-23 19:30:10,356 - MyFirstTest----myFirstTestt -INFO - myFirstTestt --- Test Skipped
2018-11-23 19:30:10,363 - MyFirstTest----mySecondTestt -INFO - STARTING TEST :mySecondTestt
2018-11-23 19:30:10,364 - MyFirstTest----mySecondTestt -INFO - Before navigating to: 'https://www.ashurst.com/'
2018-11-23 19:30:15,342 - MyFirstTest----mySecondTestt -INFO - Navigated to:'https://www.ashurst.com/'
2018-11-23 19:30:15,344 - MyFirstTest----mySecondTestt -INFO - Trying to find Element By : By.xpath: html/body/header/section[3]/div/nav[1]/ul/li[2]/a
2018-11-23 19:30:15,367 - MyFirstTest----mySecondTestt -INFO - Found Element By : By.xpath: html/body/header/section[3]/div/nav[1]/ul/li[2]/a
2018-11-23 19:30:15,368 - MyFirstTest----mySecondTestt -INFO - Trying to click on: [[ChromeDriver: chrome on MAC (0377a98d866f7c46ed0242ab614b11fb)] -> xpath: html/body/header/section[3]/div/nav[1]/ul/li[2]/a]
2018-11-23 19:30:20,467 - MyFirstTest----mySecondTestt -INFO - Clicked on: [[ChromeDriver: chrome on MAC (0377a98d866f7c46ed0242ab614b11fb)] -> xpath: html/body/header/section[3]/div/nav[1]/ul/li[2]/a]
2018-11-23 19:30:20,469 - MyFirstTest----mySecondTestt -INFO - mySecondTestt --- Test Passed
2018-11-23 19:33:29,388 - LoginPageTest -INFO - STARTING TESTS FOR CLASS --- LoginPageTest
2018-11-23 19:33:31,491 - LoginPageTest----loginPageTitleTest -INFO - STARTING TEST :loginPageTitleTest
2018-11-23 19:33:31,496 - LoginPageTest----loginPageTitleTest -INFO - loginPageTitleTest --- Test Skipped
2018-11-23 19:33:31,604 - LoginPageTest----loginPageTitleTest -INFO - ENDING TESTS FOR CLASS --- LoginPageTest
2018-11-23 19:33:36,980 - MyFirstTest -INFO - STARTING TESTS FOR CLASS --- MyFirstTest
2018-11-23 19:33:38,285 - MyFirstTest----myFirstTestt -INFO - STARTING TEST :myFirstTestt
2018-11-23 19:33:38,287 - MyFirstTest----myFirstTestt -INFO - Before navigating to: 'https://www.ashurst.com/'
2018-11-23 19:33:49,991 - MyFirstTest----myFirstTestt -INFO - Navigated to:'https://www.ashurst.com/'
2018-11-23 19:33:50,017 - MyFirstTest----myFirstTestt -INFO - Trying to find Element By : By.xpath: html/body/header/section[3]/div/nav[1]/ul/li[2]/a
2018-11-23 19:33:50,042 - MyFirstTest----myFirstTestt -INFO - Found Element By : By.xpath: html/body/header/section[3]/div/nav[1]/ul/li[2]/a
2018-11-23 19:33:50,052 - MyFirstTest----myFirstTestt -INFO - Trying to click on: [[ChromeDriver: chrome on MAC (aa2bc066edd00388d7fc2a0d58d064fe)] -> xpath: html/body/header/section[3]/div/nav[1]/ul/li[2]/a]
2018-11-23 19:33:55,257 - MyFirstTest----myFirstTestt -INFO - Clicked on: [[ChromeDriver: chrome on MAC (aa2bc066edd00388d7fc2a0d58d064fe)] -> xpath: html/body/header/section[3]/div/nav[1]/ul/li[2]/a]
2018-11-23 19:33:55,260 - MyFirstTest----myFirstTestt -INFO - myFirstTestt --- Test Passed
2018-11-23 19:33:55,267 - MyFirstTest----myFirstTestt -INFO - STARTING TEST :myFirstTestt
2018-11-23 19:33:55,268 - MyFirstTest----myFirstTestt -INFO - myFirstTestt --- Test Skipped
2018-11-23 19:33:55,276 - MyFirstTest----mySecondTestt -INFO - STARTING TEST :mySecondTestt
2018-11-23 19:33:55,277 - MyFirstTest----mySecondTestt -INFO - Before navigating to: 'https://www.ashurst.com/'
2018-11-23 19:34:00,430 - MyFirstTest----mySecondTestt -INFO - Navigated to:'https://www.ashurst.com/'
2018-11-23 19:34:00,433 - MyFirstTest----mySecondTestt -INFO - Trying to find Element By : By.xpath: html/body/header/section[3]/div/nav[1]/ul/li[2]/a
2018-11-23 19:34:00,461 - MyFirstTest----mySecondTestt -INFO - Found Element By : By.xpath: html/body/header/section[3]/div/nav[1]/ul/li[2]/a
2018-11-23 19:34:00,462 - MyFirstTest----mySecondTestt -INFO - Trying to click on: [[ChromeDriver: chrome on MAC (aa2bc066edd00388d7fc2a0d58d064fe)] -> xpath: html/body/header/section[3]/div/nav[1]/ul/li[2]/a]
2018-11-23 19:34:05,587 - MyFirstTest----mySecondTestt -INFO - Clicked on: [[ChromeDriver: chrome on MAC (aa2bc066edd00388d7fc2a0d58d064fe)] -> xpath: html/body/header/section[3]/div/nav[1]/ul/li[2]/a]
2018-11-23 19:34:05,588 - MyFirstTest----mySecondTestt -INFO - mySecondTestt --- Test Passed
2018-11-23 19:34:05,678 - MyFirstTest----mySecondTestt -INFO - ENDING TESTS FOR CLASS --- MyFirstTest
2018-11-23 20:31:07,016 - LoginPageTest -INFO - STARTING TESTS FOR CLASS --- LoginPageTest
2018-11-23 20:31:09,214 - LoginPageTest----loginPageTitleTest -INFO - STARTING TEST :loginPageTitleTest
2018-11-23 20:31:09,218 - LoginPageTest----loginPageTitleTest -INFO - loginPageTitleTest --- Test Skipped
2018-11-23 20:31:09,319 - LoginPageTest----loginPageTitleTest -INFO - ENDING TESTS FOR CLASS --- LoginPageTest
2018-11-23 20:31:14,664 - MyFirstTest -INFO - STARTING TESTS FOR CLASS --- MyFirstTest
2018-11-23 20:31:16,060 - MyFirstTest----myFirstTestt -INFO - STARTING TEST :myFirstTestt
2018-11-23 20:31:16,064 - MyFirstTest----myFirstTestt -INFO - Before navigating to: 'https://www.ashurst.com/'
2018-11-23 20:31:28,155 - MyFirstTest----myFirstTestt -INFO - Navigated to:'https://www.ashurst.com/'
2018-11-23 20:31:28,186 - MyFirstTest----myFirstTestt -INFO - Trying to find Element By : By.xpath: html/body/header/section[3]/div/nav[1]/ul/li[2]/a
2018-11-23 20:31:28,226 - MyFirstTest----myFirstTestt -INFO - Found Element By : By.xpath: html/body/header/section[3]/div/nav[1]/ul/li[2]/a
2018-11-23 20:31:28,239 - MyFirstTest----myFirstTestt -INFO - Trying to click on: [[ChromeDriver: chrome on MAC (171109b4a28ddfcbc0c493c06cb81cdc)] -> xpath: html/body/header/section[3]/div/nav[1]/ul/li[2]/a]
2018-11-23 20:31:28,439 - MyFirstTest----myFirstTestt -INFO - Clicked on: [[ChromeDriver: chrome on MAC (171109b4a28ddfcbc0c493c06cb81cdc)] -> xpath: html/body/header/section[3]/div/nav[1]/ul/li[2]/a]
2018-11-23 20:31:28,442 - MyFirstTest----myFirstTestt -INFO - myFirstTestt --- Test Passed
2018-11-23 20:31:28,453 - MyFirstTest----myFirstTestt -INFO - STARTING TEST :myFirstTestt
2018-11-23 20:31:28,457 - MyFirstTest----myFirstTestt -INFO - myFirstTestt --- Test Skipped
2018-11-23 20:31:28,468 - MyFirstTest----mySecondTestt -INFO - STARTING TEST :mySecondTestt
2018-11-23 20:31:28,470 - MyFirstTest----mySecondTestt -INFO - Before navigating to: 'https://www.ashurst.com/'
2018-11-23 20:31:39,642 - MyFirstTest----mySecondTestt -INFO - Navigated to:'https://www.ashurst.com/'
2018-11-23 20:31:39,643 - MyFirstTest----mySecondTestt -INFO - Trying to find Element By : By.xpath: html/body/header/section[3]/div/nav[1]/ul/li[2]/a
2018-11-23 20:31:39,675 - MyFirstTest----mySecondTestt -INFO - Found Element By : By.xpath: html/body/header/section[3]/div/nav[1]/ul/li[2]/a
2018-11-23 20:31:39,677 - MyFirstTest----mySecondTestt -INFO - Trying to click on: [[ChromeDriver: chrome on MAC (171109b4a28ddfcbc0c493c06cb81cdc)] -> xpath: html/body/header/section[3]/div/nav[1]/ul/li[2]/a]
2018-11-23 20:31:39,948 - MyFirstTest----mySecondTestt -INFO - Clicked on: [[ChromeDriver: chrome on MAC (171109b4a28ddfcbc0c493c06cb81cdc)] -> xpath: html/body/header/section[3]/div/nav[1]/ul/li[2]/a]
2018-11-23 20:31:39,950 - MyFirstTest----mySecondTestt -INFO - mySecondTestt --- Test Passed
2018-11-23 20:31:40,057 - MyFirstTest----mySecondTestt -INFO - ENDING TESTS FOR CLASS --- MyFirstTest
2018-11-23 20:33:17,831 - LoginPageTest -INFO - STARTING TESTS FOR CLASS --- LoginPageTest
2018-11-23 20:33:19,863 - LoginPageTest----loginPageTitleTest -INFO - STARTING TEST :loginPageTitleTest
2018-11-23 20:33:19,866 - LoginPageTest----loginPageTitleTest -INFO - loginPageTitleTest --- Test Skipped
2018-11-23 20:33:19,963 - LoginPageTest----loginPageTitleTest -INFO - ENDING TESTS FOR CLASS --- LoginPageTest
2018-11-23 20:33:25,330 - MyFirstTest -INFO - STARTING TESTS FOR CLASS --- MyFirstTest
2018-11-23 20:33:26,616 - MyFirstTest----myFirstTestt -INFO - STARTING TEST :myFirstTestt
2018-11-23 20:33:26,619 - MyFirstTest----myFirstTestt -INFO - Before navigating to: 'https://www.ashurst.com/'
2018-11-23 20:33:39,078 - MyFirstTest----myFirstTestt -INFO - Navigated to:'https://www.ashurst.com/'
2018-11-23 20:33:39,109 - MyFirstTest----myFirstTestt -INFO - Trying to find Element By : By.xpath: html/body/header/section[3]/div/nav[1]/ul/li[2]/a
2018-11-23 20:33:39,157 - MyFirstTest----myFirstTestt -INFO - Found Element By : By.xpath: html/body/header/section[3]/div/nav[1]/ul/li[2]/a
2018-11-23 20:33:39,209 - MyFirstTest----myFirstTestt -INFO - myFirstTestt --- Test Failed
2018-11-23 20:33:40,291 - MyFirstTest----myFirstTestt -INFO - STARTING TEST :myFirstTestt
2018-11-23 20:33:40,303 - MyFirstTest----myFirstTestt -INFO - myFirstTestt --- Test Skipped
2018-11-23 20:33:40,341 - MyFirstTest----mySecondTestt -INFO - STARTING TEST :mySecondTestt
2018-11-23 20:33:40,357 - MyFirstTest----mySecondTestt -INFO - Before navigating to: 'https://www.ashurst.com/'
2018-11-23 20:33:46,008 - MyFirstTest----mySecondTestt -INFO - Navigated to:'https://www.ashurst.com/'
2018-11-23 20:33:46,011 - MyFirstTest----mySecondTestt -INFO - Trying to find Element By : By.xpath: html/body/header/section[3]/div/nav[1]/ul/li[2]/a
2018-11-23 20:33:46,035 - MyFirstTest----mySecondTestt -INFO - Found Element By : By.xpath: html/body/header/section[3]/div/nav[1]/ul/li[2]/a
2018-11-23 20:33:46,062 - MyFirstTest----mySecondTestt -INFO - mySecondTestt --- Test Failed
2018-11-23 20:33:46,980 - MyFirstTest----mySecondTestt -INFO - ENDING TESTS FOR CLASS --- MyFirstTest
2018-11-23 20:41:38,525 - LoginPageTest -INFO - STARTING TESTS FOR CLASS --- LoginPageTest
2018-11-23 20:41:43,492 - LoginPageTest----loginPageTitleTest -INFO - STARTING TEST :loginPageTitleTest
2018-11-23 20:41:43,496 - LoginPageTest----loginPageTitleTest -INFO - loginPageTitleTest --- Test Skipped
2018-11-23 20:41:43,613 - LoginPageTest----loginPageTitleTest -INFO - ENDING TESTS FOR CLASS --- LoginPageTest
2018-11-23 20:41:49,056 - MyFirstTest -INFO - STARTING TESTS FOR CLASS --- MyFirstTest
2018-11-23 20:41:52,091 - MyFirstTest----myFirstTestt -INFO - STARTING TEST :myFirstTestt
2018-11-23 20:41:52,096 - MyFirstTest----myFirstTestt -INFO - Before navigating to: 'https://www.ashurst.com/'
2018-11-23 20:42:03,751 - MyFirstTest----myFirstTestt -INFO - Navigated to:'https://www.ashurst.com/'
2018-11-23 20:44:53,405 - MyFirstTest----myFirstTestt -INFO - Trying to find Element By : By.xpath: html/body/header/section[3]/div/nav[1]/ul/li[2]/a
2018-11-23 20:45:18,750 - MyFirstTest----myFirstTestt -INFO - Found Element By : By.xpath: html/body/header/section[3]/div/nav[1]/ul/li[2]/a
2018-11-23 20:46:27,764 - MyFirstTest----myFirstTestt -INFO - myFirstTestt --- Test Failed
2018-11-23 20:47:18,116 - LoginPageTest -INFO - STARTING TESTS FOR CLASS --- LoginPageTest
2018-11-23 20:47:20,227 - LoginPageTest----loginPageTitleTest -INFO - STARTING TEST :loginPageTitleTest
2018-11-23 20:47:20,230 - LoginPageTest----loginPageTitleTest -INFO - loginPageTitleTest --- Test Skipped
2018-11-23 20:47:20,324 - LoginPageTest----loginPageTitleTest -INFO - ENDING TESTS FOR CLASS --- LoginPageTest
2018-11-23 20:47:25,690 - MyFirstTest -INFO - STARTING TESTS FOR CLASS --- MyFirstTest
2018-11-23 20:47:27,205 - MyFirstTest----myFirstTestt -INFO - STARTING TEST :myFirstTestt
2018-11-23 20:47:27,208 - MyFirstTest----myFirstTestt -INFO - Before navigating to: 'https://www.ashurst.com/'
2018-11-23 20:47:39,274 - MyFirstTest----myFirstTestt -INFO - Navigated to:'https://www.ashurst.com/'
2018-11-23 20:47:39,304 - MyFirstTest----myFirstTestt -INFO - Trying to find Element By : By.xpath: html/body/header/section[3]/div/nav[1]/ul/li[2]/a
2018-11-23 20:47:39,358 - MyFirstTest----myFirstTestt -INFO - Found Element By : By.xpath: html/body/header/section[3]/div/nav[1]/ul/li[2]/a
2018-11-23 20:47:40,399 - MyFirstTest----myFirstTestt -INFO - myFirstTestt --- Test Failed
2018-11-23 20:47:41,293 - MyFirstTest----myFirstTestt -INFO - STARTING TEST :myFirstTestt
2018-11-23 20:47:41,296 - MyFirstTest----myFirstTestt -INFO - myFirstTestt --- Test Skipped
2018-11-23 20:47:41,302 - MyFirstTest----mySecondTestt -INFO - STARTING TEST :mySecondTestt
2018-11-23 20:47:41,303 - MyFirstTest----mySecondTestt -INFO - Before navigating to: 'https://www.ashurst.com/'
2018-11-23 20:47:46,153 - MyFirstTest----mySecondTestt -INFO - Navigated to:'https://www.ashurst.com/'
2018-11-23 20:47:46,159 - MyFirstTest----mySecondTestt -INFO - Trying to find Element By : By.xpath: html/body/header/section[3]/div/nav[1]/ul/li[2]/a
2018-11-23 20:47:46,186 - MyFirstTest----mySecondTestt -INFO - Found Element By : By.xpath: html/body/header/section[3]/div/nav[1]/ul/li[2]/a
2018-11-23 20:47:47,203 - MyFirstTest----mySecondTestt -INFO - mySecondTestt --- Test Failed
2018-11-23 20:47:48,099 - MyFirstTest----mySecondTestt -INFO - ENDING TESTS FOR CLASS --- MyFirstTest
2018-11-23 20:59:26,306 - LoginPageTest -INFO - STARTING TESTS FOR CLASS --- LoginPageTest
2018-11-23 20:59:28,302 - LoginPageTest----loginPageTitleTest -INFO - STARTING TEST :loginPageTitleTest
2018-11-23 20:59:28,305 - LoginPageTest----loginPageTitleTest -INFO - loginPageTitleTest --- Test Skipped
2018-11-23 20:59:28,400 - LoginPageTest----loginPageTitleTest -INFO - ENDING TESTS FOR CLASS --- LoginPageTest
2018-11-23 20:59:33,766 - MyFirstTest -INFO - STARTING TESTS FOR CLASS --- MyFirstTest
2018-11-23 20:59:35,028 - MyFirstTest----myFirstTestt -INFO - STARTING TEST :myFirstTestt
2018-11-23 20:59:35,030 - MyFirstTest----myFirstTestt -INFO - Before navigating to: 'https://www.ashurst.com/'
2018-11-23 20:59:46,495 - MyFirstTest----myFirstTestt -INFO - Navigated to:'https://www.ashurst.com/'
2018-11-23 20:59:46,521 - MyFirstTest----myFirstTestt -INFO - Trying to find Element By : By.xpath: html/body/header/section[3]/div/nav[1]/ul/li[2]/a
2018-11-23 20:59:46,576 - MyFirstTest----myFirstTestt -INFO - myFirstTestt --- Test Failed
2018-11-23 20:59:47,599 - MyFirstTest----myFirstTestt -INFO - STARTING TEST :myFirstTestt
2018-11-23 20:59:47,603 - MyFirstTest----myFirstTestt -INFO - myFirstTestt --- Test Skipped
2018-11-23 20:59:47,618 - MyFirstTest----mySecondTestt -INFO - STARTING TEST :mySecondTestt
2018-11-23 20:59:47,619 - MyFirstTest----mySecondTestt -INFO - Before navigating to: 'https://www.ashurst.com/'
2018-11-23 20:59:52,275 - MyFirstTest----mySecondTestt -INFO - Navigated to:'https://www.ashurst.com/'
2018-11-23 20:59:52,278 - MyFirstTest----mySecondTestt -INFO - Trying to find Element By : By.xpath: html/body/header/section[3]/div/nav[1]/ul/li[2]/a
2018-11-23 20:59:52,308 - MyFirstTest----mySecondTestt -INFO - mySecondTestt --- Test Failed
2018-11-23 20:59:53,212 - MyFirstTest----mySecondTestt -INFO - ENDING TESTS FOR CLASS --- MyFirstTest
2018-11-23 21:03:14,137 - LoginPageTest -INFO - STARTING TESTS FOR CLASS --- LoginPageTest
2018-11-23 21:03:16,181 - LoginPageTest----loginPageTitleTest -INFO - STARTING TEST :loginPageTitleTest
2018-11-23 21:03:16,184 - LoginPageTest----loginPageTitleTest -INFO - loginPageTitleTest --- Test Skipped
2018-11-23 21:03:16,280 - LoginPageTest----loginPageTitleTest -INFO - ENDING TESTS FOR CLASS --- LoginPageTest
2018-11-23 21:03:21,660 - MyFirstTest -INFO - STARTING TESTS FOR CLASS --- MyFirstTest
2018-11-23 21:03:22,991 - MyFirstTest----myFirstTestt -INFO - STARTING TEST :myFirstTestt
2018-11-23 21:03:22,996 - MyFirstTest----myFirstTestt -INFO - Before navigating to: 'https://www.ashurst.com/'
2018-11-23 21:03:34,509 - MyFirstTest----myFirstTestt -INFO - Navigated to:'https://www.ashurst.com/'
2018-11-23 21:03:34,536 - MyFirstTest----myFirstTestt -INFO - Trying to find Element By : By.xpath: html/body/header/section[3]/div/nav[1]/ul/li[2]/a
2018-11-23 21:03:34,592 - MyFirstTest----myFirstTestt -INFO - Found Element By : By.xpath: html/body/header/section[3]/div/nav[1]/ul/li[2]/a
2018-11-23 21:03:34,606 - MyFirstTest----myFirstTestt -INFO - Trying to click on: [[ChromeDriver: chrome on MAC (f5d7ba1f1b591cd848e2050c354fae67)] -> xpath: html/body/header/section[3]/div/nav[1]/ul/li[2]/a]
2018-11-23 21:03:34,787 - MyFirstTest----myFirstTestt -INFO - Clicked on: [[ChromeDriver: chrome on MAC (f5d7ba1f1b591cd848e2050c354fae67)] -> xpath: html/body/header/section[3]/div/nav[1]/ul/li[2]/a]
2018-11-23 21:03:34,791 - MyFirstTest----myFirstTestt -INFO - myFirstTestt --- Test Passed
2018-11-23 21:03:34,803 - MyFirstTest----myFirstTestt -INFO - STARTING TEST :myFirstTestt
2018-11-23 21:03:34,806 - MyFirstTest----myFirstTestt -INFO - myFirstTestt --- Test Skipped
2018-11-23 21:03:34,816 - MyFirstTest----mySecondTestt -INFO - STARTING TEST :mySecondTestt
2018-11-23 21:03:34,818 - MyFirstTest----mySecondTestt -INFO - Before navigating to: 'https://www.ashurst.com/'
2018-11-23 21:03:45,304 - MyFirstTest----mySecondTestt -INFO - Navigated to:'https://www.ashurst.com/'
2018-11-23 21:03:45,306 - MyFirstTest----mySecondTestt -INFO - Trying to find Element By : By.xpath: html/body/header/section[3]/div/nav[1]/ul/li[2]/a
2018-11-23 21:03:45,332 - MyFirstTest----mySecondTestt -INFO - Found Element By : By.xpath: html/body/header/section[3]/div/nav[1]/ul/li[2]/a
2018-11-23 21:03:45,334 - MyFirstTest----mySecondTestt -INFO - Trying to click on: [[ChromeDriver: chrome on MAC (f5d7ba1f1b591cd848e2050c354fae67)] -> xpath: html/body/header/section[3]/div/nav[1]/ul/li[2]/a]
2018-11-23 21:03:45,549 - MyFirstTest----mySecondTestt -INFO - Clicked on: [[ChromeDriver: chrome on MAC (f5d7ba1f1b591cd848e2050c354fae67)] -> xpath: html/body/header/section[3]/div/nav[1]/ul/li[2]/a]
2018-11-23 21:03:45,551 - MyFirstTest----mySecondTestt -INFO - mySecondTestt --- Test Passed
2018-11-23 21:03:45,644 - MyFirstTest----mySecondTestt -INFO - ENDING TESTS FOR CLASS --- MyFirstTest
2018-11-23 21:05:11,184 - LoginPageTest -INFO - STARTING TESTS FOR CLASS --- LoginPageTest
2018-11-23 21:05:13,212 - LoginPageTest----loginPageTitleTest -INFO - STARTING TEST :loginPageTitleTest
2018-11-23 21:05:13,215 - LoginPageTest----loginPageTitleTest -INFO - loginPageTitleTest --- Test Skipped
2018-11-23 21:05:13,312 - LoginPageTest----loginPageTitleTest -INFO - ENDING TESTS FOR CLASS --- LoginPageTest
2018-11-23 21:05:18,683 - MyFirstTest -INFO - STARTING TESTS FOR CLASS --- MyFirstTest
2018-11-23 21:05:20,057 - MyFirstTest----myFirstTestt -INFO - STARTING TEST :myFirstTestt
2018-11-23 21:05:20,060 - MyFirstTest----myFirstTestt -INFO - Before navigating to: 'https://www.ashurst.com/'
2018-11-23 21:05:31,024 - MyFirstTest----myFirstTestt -INFO - Navigated to:'https://www.ashurst.com/'
2018-11-23 21:05:31,069 - MyFirstTest----myFirstTestt -INFO - Trying to find Element By : By.xpath: html/body/header/section[3]/div/nav[1]/ul/li[2]/a
2018-11-23 21:05:31,122 - MyFirstTest----myFirstTestt -INFO - Found Element By : By.xpath: html/body/header/section[3]/div/nav[1]/ul/li[2]/a
2018-11-23 21:05:32,126 - MyFirstTest----myFirstTestt -INFO - Exception occured: org.openqa.selenium.InvalidSelectorException: invalid selector: Unable to locate an element with the xpath expression str[1].trim() because of the following error:
SyntaxError: Failed to execute 'evaluate' on 'Document': The string 'str[1].trim()' is not a valid XPath expression.
  (Session info: chrome=70.0.3538.102)
  (Driver info: chromedriver=2.43.600229 (3fae4d0cda5334b4f533bede5a4787f7b832d052),platform=Mac OS X 10.14.1 x86_64) (WARNING: The server did not provide any stacktrace information)
Command duration or timeout: 0 milliseconds
For documentation on this error, please visit: http://seleniumhq.org/exceptions/invalid_selector_exception.html
Build info: version: '3.12.0', revision: '7c6e0b3', time: '2018-05-08T15:15:08.936Z'
System info: host: 'Viveks-MacBook-Air.local', ip: 'fe80:0:0:0:72:186a:33dd:1f72%en0', os.name: 'Mac OS X', os.arch: 'x86_64', os.version: '10.14.1', java.version: '11'
Driver info: org.openqa.selenium.chrome.ChromeDriver
Capabilities {acceptInsecureCerts: false, acceptSslCerts: false, applicationCacheEnabled: false, browserConnectionEnabled: false, browserName: chrome, chrome: {chromedriverVersion: 2.43.600229 (3fae4d0cda5334..., userDataDir: /var/folders/dk/j9gwnnyd1mz...}, cssSelectorsEnabled: true, databaseEnabled: false, goog:chromeOptions: {debuggerAddress: localhost:51004}, handlesAlerts: true, hasTouchScreen: false, javascriptEnabled: true, locationContextEnabled: true, mobileEmulationEnabled: false, nativeEvents: true, networkConnectionEnabled: false, pageLoadStrategy: normal, platform: MAC, platformName: MAC, rotatable: false, setWindowRect: true, takesHeapSnapshot: true, takesScreenshot: true, unexpectedAlertBehaviour: , unhandledPromptBehavior: , version: 70.0.3538.102, webStorageEnabled: true}
Session ID: a17ec38cdc0a679075d81e301582f52e
*** Element info: {Using=xpath, value=str[1].trim()}
2018-11-23 21:05:32,129 - MyFirstTest----myFirstTestt -INFO - myFirstTestt --- Test Failed
2018-11-23 21:05:32,984 - MyFirstTest----myFirstTestt -INFO - STARTING TEST :myFirstTestt
2018-11-23 21:05:32,987 - MyFirstTest----myFirstTestt -INFO - myFirstTestt --- Test Skipped
2018-11-23 21:05:33,004 - MyFirstTest----mySecondTestt -INFO - STARTING TEST :mySecondTestt
2018-11-23 21:05:33,005 - MyFirstTest----mySecondTestt -INFO - Before navigating to: 'https://www.ashurst.com/'
2018-11-23 21:05:40,544 - MyFirstTest----mySecondTestt -INFO - Navigated to:'https://www.ashurst.com/'
2018-11-23 21:05:40,547 - MyFirstTest----mySecondTestt -INFO - Trying to find Element By : By.xpath: html/body/header/section[3]/div/nav[1]/ul/li[2]/a
2018-11-23 21:05:40,573 - MyFirstTest----mySecondTestt -INFO - Found Element By : By.xpath: html/body/header/section[3]/div/nav[1]/ul/li[2]/a
2018-11-23 21:05:41,461 - MyFirstTest----mySecondTestt -INFO - Exception occured: org.openqa.selenium.InvalidSelectorException: invalid selector: Unable to locate an element with the xpath expression str[1].trim() because of the following error:
SyntaxError: Failed to execute 'evaluate' on 'Document': The string 'str[1].trim()' is not a valid XPath expression.
  (Session info: chrome=70.0.3538.102)
  (Driver info: chromedriver=2.43.600229 (3fae4d0cda5334b4f533bede5a4787f7b832d052),platform=Mac OS X 10.14.1 x86_64) (WARNING: The server did not provide any stacktrace information)
Command duration or timeout: 0 milliseconds
For documentation on this error, please visit: http://seleniumhq.org/exceptions/invalid_selector_exception.html
Build info: version: '3.12.0', revision: '7c6e0b3', time: '2018-05-08T15:15:08.936Z'
System info: host: 'Viveks-MacBook-Air.local', ip: 'fe80:0:0:0:72:186a:33dd:1f72%en0', os.name: 'Mac OS X', os.arch: 'x86_64', os.version: '10.14.1', java.version: '11'
Driver info: org.openqa.selenium.chrome.ChromeDriver
Capabilities {acceptInsecureCerts: false, acceptSslCerts: false, applicationCacheEnabled: false, browserConnectionEnabled: false, browserName: chrome, chrome: {chromedriverVersion: 2.43.600229 (3fae4d0cda5334..., userDataDir: /var/folders/dk/j9gwnnyd1mz...}, cssSelectorsEnabled: true, databaseEnabled: false, goog:chromeOptions: {debuggerAddress: localhost:51004}, handlesAlerts: true, hasTouchScreen: false, javascriptEnabled: true, locationContextEnabled: true, mobileEmulationEnabled: false, nativeEvents: true, networkConnectionEnabled: false, pageLoadStrategy: normal, platform: MAC, platformName: MAC, rotatable: false, setWindowRect: true, takesHeapSnapshot: true, takesScreenshot: true, unexpectedAlertBehaviour: , unhandledPromptBehavior: , version: 70.0.3538.102, webStorageEnabled: true}
Session ID: a17ec38cdc0a679075d81e301582f52e
*** Element info: {Using=xpath, value=str[1].trim()}
2018-11-23 21:05:41,465 - MyFirstTest----mySecondTestt -INFO - mySecondTestt --- Test Failed
2018-11-23 21:05:42,284 - MyFirstTest----mySecondTestt -INFO - ENDING TESTS FOR CLASS --- MyFirstTest
2018-11-23 21:13:15,353 - LoginPageTest -INFO - STARTING TESTS FOR CLASS --- LoginPageTest
2018-11-23 21:13:17,351 - LoginPageTest----loginPageTitleTest -INFO - STARTING TEST :loginPageTitleTest
2018-11-23 21:13:17,354 - LoginPageTest----loginPageTitleTest -INFO - loginPageTitleTest --- Test Skipped
2018-11-23 21:13:17,451 - LoginPageTest----loginPageTitleTest -INFO - ENDING TESTS FOR CLASS --- LoginPageTest
2018-11-23 21:13:22,823 - MyFirstTest -INFO - STARTING TESTS FOR CLASS --- MyFirstTest
2018-11-23 21:13:24,159 - MyFirstTest----myFirstTestt -INFO - STARTING TEST :myFirstTestt
2018-11-23 21:13:24,161 - MyFirstTest----myFirstTestt -INFO - Before navigating to: 'https://www.ashurst.com/'
2018-11-23 21:13:36,889 - MyFirstTest----myFirstTestt -INFO - Navigated to:'https://www.ashurst.com/'
2018-11-23 21:13:36,923 - MyFirstTest----myFirstTestt -INFO - Trying to find Element By : By.xpath: html/body/header/section[3]/div/nav[1]/ul/li[2]/a
2018-11-23 21:13:36,969 - MyFirstTest----myFirstTestt -INFO - Found Element By : By.xpath: html/body/header/section[3]/div/nav[1]/ul/li[2]/a
2018-11-23 21:13:36,983 - MyFirstTest----myFirstTestt -INFO - Trying to click on: [[ChromeDriver: chrome on MAC (66b0bc2d9baa77679056bebe8a54cd81)] -> xpath: html/body/header/section[3]/div/nav[1]/ul/li[2]/a]
2018-11-23 21:13:37,166 - MyFirstTest----myFirstTestt -INFO - Clicked on: [[ChromeDriver: chrome on MAC (66b0bc2d9baa77679056bebe8a54cd81)] -> xpath: html/body/header/section[3]/div/nav[1]/ul/li[2]/a]
2018-11-23 21:13:37,168 - MyFirstTest----myFirstTestt -INFO - myFirstTestt --- Test Passed
2018-11-23 21:13:37,173 - MyFirstTest----myFirstTestt -INFO - STARTING TEST :myFirstTestt
2018-11-23 21:13:37,175 - MyFirstTest----myFirstTestt -INFO - myFirstTestt --- Test Skipped
2018-11-23 21:13:37,188 - MyFirstTest----mySecondTestt -INFO - STARTING TEST :mySecondTestt
2018-11-23 21:13:37,189 - MyFirstTest----mySecondTestt -INFO - Before navigating to: 'https://www.ashurst.com/'
2018-11-23 21:13:49,907 - MyFirstTest----mySecondTestt -INFO - Navigated to:'https://www.ashurst.com/'
2018-11-23 21:13:49,910 - MyFirstTest----mySecondTestt -INFO - Trying to find Element By : By.xpath: html/body/header/section[3]/div/nav[1]/ul/li[2]/a
2018-11-23 21:13:49,936 - MyFirstTest----mySecondTestt -INFO - Found Element By : By.xpath: html/body/header/section[3]/div/nav[1]/ul/li[2]/a
2018-11-23 21:13:49,938 - MyFirstTest----mySecondTestt -INFO - Trying to click on: [[ChromeDriver: chrome on MAC (66b0bc2d9baa77679056bebe8a54cd81)] -> xpath: html/body/header/section[3]/div/nav[1]/ul/li[2]/a]
2018-11-23 21:13:50,098 - MyFirstTest----mySecondTestt -INFO - Clicked on: [[ChromeDriver: chrome on MAC (66b0bc2d9baa77679056bebe8a54cd81)] -> xpath: html/body/header/section[3]/div/nav[1]/ul/li[2]/a]
2018-11-23 21:13:50,100 - MyFirstTest----mySecondTestt -INFO - mySecondTestt --- Test Passed
2018-11-23 21:13:50,223 - MyFirstTest----mySecondTestt -INFO - ENDING TESTS FOR CLASS --- MyFirstTest
2018-11-23 21:44:26,849 - LoginPageTest -INFO - STARTING TESTS FOR CLASS --- LoginPageTest
2018-11-23 21:44:26,915 - LoginPageTest -INFO - loginPageTitleTest --- Test Skipped
2018-11-23 21:44:26,917 - LoginPageTest -INFO - loginPageTitleTest --- Test Failed
2018-11-23 21:45:39,312 - LoginPageTest -INFO - STARTING TESTS FOR CLASS --- LoginPageTest
2018-11-23 21:45:41,491 - LoginPageTest----loginPageTitleTest -INFO - STARTING TEST :loginPageTitleTest
2018-11-23 21:45:41,493 - LoginPageTest----loginPageTitleTest -INFO - loginPageTitleTest --- Test Skipped
2018-11-23 21:45:41,597 - LoginPageTest----loginPageTitleTest -INFO - ENDING TESTS FOR CLASS --- LoginPageTest
2018-11-23 21:45:46,988 - MyFirstTest -INFO - STARTING TESTS FOR CLASS --- MyFirstTest
2018-11-23 21:45:48,378 - MyFirstTest----myFirstTestt -INFO - STARTING TEST :myFirstTestt
2018-11-23 21:45:48,381 - MyFirstTest----myFirstTestt -INFO - Before navigating to: 'https://www.ashurst.com/'
2018-11-23 21:46:00,254 - MyFirstTest----myFirstTestt -INFO - Navigated to:'https://www.ashurst.com/'
2018-11-23 21:46:00,287 - MyFirstTest----myFirstTestt -INFO - Trying to find Element By : By.xpath: html/body/header/section[3]/div/nav[1]/ul/li[2]/a
2018-11-23 21:46:00,342 - MyFirstTest----myFirstTestt -INFO - Found Element By : By.xpath: html/body/header/section[3]/div/nav[1]/ul/li[2]/a
2018-11-23 21:46:00,357 - MyFirstTest----myFirstTestt -INFO - Trying to click on: [[ChromeDriver: chrome on MAC (ad7dbdf818db22d74aed28ad92f5307c)] -> xpath: html/body/header/section[3]/div/nav[1]/ul/li[2]/a]
2018-11-23 21:46:00,546 - MyFirstTest----myFirstTestt -INFO - Clicked on: [[ChromeDriver: chrome on MAC (ad7dbdf818db22d74aed28ad92f5307c)] -> xpath: html/body/header/section[3]/div/nav[1]/ul/li[2]/a]
2018-11-23 21:46:00,548 - MyFirstTest----myFirstTestt -INFO - myFirstTestt --- Test Passed
2018-11-23 21:46:00,553 - MyFirstTest----myFirstTestt -INFO - STARTING TEST :myFirstTestt
2018-11-23 21:46:00,555 - MyFirstTest----myFirstTestt -INFO - myFirstTestt --- Test Skipped
2018-11-23 21:46:00,568 - MyFirstTest----mySecondTestt -INFO - STARTING TEST :mySecondTestt
2018-11-23 21:46:00,570 - MyFirstTest----mySecondTestt -INFO - Before navigating to: 'https://www.ashurst.com/'
2018-11-23 21:46:06,943 - MyFirstTest----mySecondTestt -INFO - Navigated to:'https://www.ashurst.com/'
2018-11-23 21:46:06,945 - MyFirstTest----mySecondTestt -INFO - Trying to find Element By : By.xpath: html/body/header/section[3]/div/nav[1]/ul/li[2]/a
2018-11-23 21:46:06,971 - MyFirstTest----mySecondTestt -INFO - Found Element By : By.xpath: html/body/header/section[3]/div/nav[1]/ul/li[2]/a
2018-11-23 21:46:06,978 - MyFirstTest----mySecondTestt -INFO - Trying to click on: [[ChromeDriver: chrome on MAC (ad7dbdf818db22d74aed28ad92f5307c)] -> xpath: html/body/header/section[3]/div/nav[1]/ul/li[2]/a]
2018-11-23 21:46:07,229 - MyFirstTest----mySecondTestt -INFO - Clicked on: [[ChromeDriver: chrome on MAC (ad7dbdf818db22d74aed28ad92f5307c)] -> xpath: html/body/header/section[3]/div/nav[1]/ul/li[2]/a]
2018-11-23 21:46:07,231 - MyFirstTest----mySecondTestt -INFO - mySecondTestt --- Test Passed
2018-11-23 21:46:07,332 - MyFirstTest----mySecondTestt -INFO - ENDING TESTS FOR CLASS --- MyFirstTest
2018-11-23 21:47:46,587 - LoginPageTest -INFO - STARTING TESTS FOR CLASS --- LoginPageTest
2018-11-23 21:47:48,739 - LoginPageTest----loginPageTitleTest -INFO - STARTING TEST :loginPageTitleTest
2018-11-23 21:47:48,742 - LoginPageTest----loginPageTitleTest -INFO - loginPageTitleTest --- Test Skipped
2018-11-23 21:47:48,843 - LoginPageTest----loginPageTitleTest -INFO - ENDING TESTS FOR CLASS --- LoginPageTest
2018-11-23 21:47:54,184 - MyFirstTest -INFO - STARTING TESTS FOR CLASS --- MyFirstTest
2018-11-23 21:47:55,481 - MyFirstTest----myFirstTestt -INFO - STARTING TEST :myFirstTestt
2018-11-23 21:47:55,484 - MyFirstTest----myFirstTestt -INFO - Before navigating to: 'https://www.ashurst.com/'
2018-11-23 21:48:09,351 - MyFirstTest----myFirstTestt -INFO - Navigated to:'https://www.ashurst.com/'
2018-11-23 21:48:09,387 - MyFirstTest----myFirstTestt -INFO - Trying to find Element By : By.xpath: html/body/header/section[3]/div/nav[1]/ul/li[2]/a
2018-11-23 21:48:09,451 - MyFirstTest----myFirstTestt -INFO - Found Element By : By.xpath: html/body/header/section[3]/div/nav[1]/ul/li[2]/a
2018-11-23 21:48:09,464 - MyFirstTest----myFirstTestt -INFO - Trying to click on: [[ChromeDriver: chrome on MAC (247294ac658a0517ab4db2e8157747af)] -> xpath: html/body/header/section[3]/div/nav[1]/ul/li[2]/a]
2018-11-23 21:48:09,697 - MyFirstTest----myFirstTestt -INFO - Clicked on: [[ChromeDriver: chrome on MAC (247294ac658a0517ab4db2e8157747af)] -> xpath: html/body/header/section[3]/div/nav[1]/ul/li[2]/a]
2018-11-23 21:48:09,703 - MyFirstTest----myFirstTestt -INFO - myFirstTestt --- Test Passed
2018-11-23 21:48:09,713 - MyFirstTest----myFirstTestt -INFO - STARTING TEST :myFirstTestt
2018-11-23 21:48:09,715 - MyFirstTest----myFirstTestt -INFO - myFirstTestt --- Test Skipped
2018-11-23 21:48:09,742 - MyFirstTest----mySecondTestt -INFO - STARTING TEST :mySecondTestt
2018-11-23 21:48:09,748 - MyFirstTest----mySecondTestt -INFO - Before navigating to: 'https://www.ashurst.com/'
2018-11-23 21:48:21,592 - MyFirstTest----mySecondTestt -INFO - Navigated to:'https://www.ashurst.com/'
2018-11-23 21:48:21,595 - MyFirstTest----mySecondTestt -INFO - Trying to find Element By : By.xpath: html/body/header/section[3]/div/nav[1]/ul/li[2]/a
2018-11-23 21:48:21,615 - MyFirstTest----mySecondTestt -INFO - Found Element By : By.xpath: html/body/header/section[3]/div/nav[1]/ul/li[2]/a
2018-11-23 21:48:21,616 - MyFirstTest----mySecondTestt -INFO - Trying to click on: [[ChromeDriver: chrome on MAC (247294ac658a0517ab4db2e8157747af)] -> xpath: html/body/header/section[3]/div/nav[1]/ul/li[2]/a]
2018-11-23 21:48:26,782 - MyFirstTest----mySecondTestt -INFO - Clicked on: [[ChromeDriver: chrome on MAC (247294ac658a0517ab4db2e8157747af)] -> xpath: html/body/header/section[3]/div/nav[1]/ul/li[2]/a]
2018-11-23 21:48:26,784 - MyFirstTest----mySecondTestt -INFO - mySecondTestt --- Test Passed
2018-11-23 21:48:26,879 - MyFirstTest----mySecondTestt -INFO - ENDING TESTS FOR CLASS --- MyFirstTest
2018-11-23 21:50:49,906 - LoginPageTest -INFO - STARTING TESTS FOR CLASS --- LoginPageTest
2018-11-23 21:50:49,974 - LoginPageTest -INFO - loginPageTitleTest --- Test Skipped
2018-11-23 21:50:49,975 - LoginPageTest -INFO - loginPageTitleTest --- Test Failed
2018-11-23 21:52:29,241 - LoginPageTest -INFO - STARTING TESTS FOR CLASS --- LoginPageTest
2018-11-23 21:52:31,289 - LoginPageTest----loginPageTitleTest -INFO - STARTING TEST :loginPageTitleTest
2018-11-23 21:52:31,292 - LoginPageTest----loginPageTitleTest -INFO - loginPageTitleTest --- Test Skipped
2018-11-23 21:52:31,392 - LoginPageTest----loginPageTitleTest -INFO - ENDING TESTS FOR CLASS --- LoginPageTest
2018-11-23 21:52:36,790 - MyFirstTest -INFO - STARTING TESTS FOR CLASS --- MyFirstTest
2018-11-23 21:52:38,180 - MyFirstTest----myFirstTestt -INFO - STARTING TEST :myFirstTestt
2018-11-23 21:52:38,183 - MyFirstTest----myFirstTestt -INFO - Before navigating to: 'https://www.ashurst.com/'
2018-11-23 21:52:53,274 - MyFirstTest----myFirstTestt -INFO - Navigated to:'https://www.ashurst.com/'
2018-11-23 21:52:53,308 - MyFirstTest----myFirstTestt -INFO - Trying to find Element By : By.xpath: html/body/header/section[3]/div/nav[1]/ul/li[2]/a
2018-11-23 21:52:53,389 - MyFirstTest----myFirstTestt -INFO - Found Element By : By.xpath: html/body/header/section[3]/div/nav[1]/ul/li[2]/a
2018-11-23 21:52:53,404 - MyFirstTest----myFirstTestt -INFO - Trying to click on: [[ChromeDriver: chrome on MAC (36c31df69dfc2b011e55f15940c8dc09)] -> xpath: html/body/header/section[3]/div/nav[1]/ul/li[2]/a]
2018-11-23 21:52:53,657 - MyFirstTest----myFirstTestt -INFO - Clicked on: [[ChromeDriver: chrome on MAC (36c31df69dfc2b011e55f15940c8dc09)] -> xpath: html/body/header/section[3]/div/nav[1]/ul/li[2]/a]
2018-11-23 21:52:53,660 - MyFirstTest----myFirstTestt -INFO - myFirstTestt --- Test Passed
2018-11-23 21:52:53,666 - MyFirstTest----myFirstTestt -INFO - STARTING TEST :myFirstTestt
2018-11-23 21:52:53,671 - MyFirstTest----myFirstTestt -INFO - myFirstTestt --- Test Skipped
2018-11-23 21:52:53,682 - MyFirstTest----mySecondTestt -INFO - STARTING TEST :mySecondTestt
2018-11-23 21:52:53,684 - MyFirstTest----mySecondTestt -INFO - Before navigating to: 'https://www.ashurst.com/'
2018-11-23 21:53:05,337 - MyFirstTest----mySecondTestt -INFO - Navigated to:'https://www.ashurst.com/'
2018-11-23 21:53:05,339 - MyFirstTest----mySecondTestt -INFO - Trying to find Element By : By.xpath: html/body/header/section[3]/div/nav[1]/ul/li[2]/a
2018-11-23 21:53:05,370 - MyFirstTest----mySecondTestt -INFO - Found Element By : By.xpath: html/body/header/section[3]/div/nav[1]/ul/li[2]/a
2018-11-23 21:53:05,372 - MyFirstTest----mySecondTestt -INFO - Trying to click on: [[ChromeDriver: chrome on MAC (36c31df69dfc2b011e55f15940c8dc09)] -> xpath: html/body/header/section[3]/div/nav[1]/ul/li[2]/a]
2018-11-23 21:53:05,708 - MyFirstTest----mySecondTestt -INFO - Clicked on: [[ChromeDriver: chrome on MAC (36c31df69dfc2b011e55f15940c8dc09)] -> xpath: html/body/header/section[3]/div/nav[1]/ul/li[2]/a]
2018-11-23 21:53:05,710 - MyFirstTest----mySecondTestt -INFO - mySecondTestt --- Test Passed
2018-11-23 21:53:05,821 - MyFirstTest----mySecondTestt -INFO - ENDING TESTS FOR CLASS --- MyFirstTest
2018-11-23 22:01:47,040 - LoginPageTest -INFO - STARTING TESTS FOR CLASS --- LoginPageTest
2018-11-23 22:01:49,137 - LoginPageTest----loginPageTitleTest -INFO - STARTING TEST :loginPageTitleTest
2018-11-23 22:01:49,140 - LoginPageTest----loginPageTitleTest -INFO - loginPageTitleTest --- Test Skipped
2018-11-23 22:01:49,235 - LoginPageTest----loginPageTitleTest -INFO - ENDING TESTS FOR CLASS --- LoginPageTest
2018-11-23 22:01:54,650 - MyFirstTest -INFO - STARTING TESTS FOR CLASS --- MyFirstTest
2018-11-23 22:01:56,056 - MyFirstTest----myFirstTestt -INFO - STARTING TEST :myFirstTestt
2018-11-23 22:01:56,061 - MyFirstTest----myFirstTestt -INFO - Before navigating to: 'https://www.ashurst.com/'
2018-11-23 22:02:07,038 - MyFirstTest----myFirstTestt -INFO - Navigated to:'https://www.ashurst.com/'
2018-11-23 22:02:07,066 - MyFirstTest----myFirstTestt -INFO - Trying to find Element By : By.xpath: html/body/header/section[3]/div/nav[1]/ul/li[2]/a
2018-11-23 22:02:07,132 - MyFirstTest----myFirstTestt -INFO - Found Element By : By.xpath: html/body/header/section[3]/div/nav[1]/ul/li[2]/a
2018-11-23 22:02:07,147 - MyFirstTest----myFirstTestt -INFO - Trying to click on: [[ChromeDriver: chrome on MAC (cc17c1d4c7daffda3703cf030f103886)] -> xpath: html/body/header/section[3]/div/nav[1]/ul/li[2]/a]
2018-11-23 22:02:07,401 - MyFirstTest----myFirstTestt -INFO - Clicked on: [[ChromeDriver: chrome on MAC (cc17c1d4c7daffda3703cf030f103886)] -> xpath: html/body/header/section[3]/div/nav[1]/ul/li[2]/a]
2018-11-23 22:02:07,405 - MyFirstTest----myFirstTestt -INFO - myFirstTestt --- Test Passed
2018-11-23 22:02:07,409 - MyFirstTest----myFirstTestt -INFO - STARTING TEST :myFirstTestt
2018-11-23 22:02:07,411 - MyFirstTest----myFirstTestt -INFO - myFirstTestt --- Test Skipped
2018-11-23 22:02:07,425 - MyFirstTest----mySecondTestt -INFO - STARTING TEST :mySecondTestt
2018-11-23 22:02:07,426 - MyFirstTest----mySecondTestt -INFO - Before navigating to: 'https://www.ashurst.com/'
2018-11-23 22:02:18,213 - MyFirstTest----mySecondTestt -INFO - Navigated to:'https://www.ashurst.com/'
2018-11-23 22:02:18,216 - MyFirstTest----mySecondTestt -INFO - Trying to find Element By : By.xpath: html/body/header/section[3]/div/nav[1]/ul/li[2]/a
2018-11-23 22:02:18,242 - MyFirstTest----mySecondTestt -INFO - Found Element By : By.xpath: html/body/header/section[3]/div/nav[1]/ul/li[2]/a
2018-11-23 22:02:18,244 - MyFirstTest----mySecondTestt -INFO - Trying to click on: [[ChromeDriver: chrome on MAC (cc17c1d4c7daffda3703cf030f103886)] -> xpath: html/body/header/section[3]/div/nav[1]/ul/li[2]/a]
2018-11-23 22:02:18,517 - MyFirstTest----mySecondTestt -INFO - Clicked on: [[ChromeDriver: chrome on MAC (cc17c1d4c7daffda3703cf030f103886)] -> xpath: html/body/header/section[3]/div/nav[1]/ul/li[2]/a]
2018-11-23 22:02:18,519 - MyFirstTest----mySecondTestt -INFO - mySecondTestt --- Test Passed
2018-11-23 22:02:18,666 - MyFirstTest----mySecondTestt -INFO - ENDING TESTS FOR CLASS --- MyFirstTest
2018-11-23 22:03:15,267 - LoginPageTest -INFO - STARTING TESTS FOR CLASS --- LoginPageTest
2018-11-23 22:03:17,348 - LoginPageTest----loginPageTitleTest -INFO - STARTING TEST :loginPageTitleTest
2018-11-23 22:03:17,352 - LoginPageTest----loginPageTitleTest -INFO - loginPageTitleTest --- Test Skipped
2018-11-23 22:03:17,447 - LoginPageTest----loginPageTitleTest -INFO - ENDING TESTS FOR CLASS --- LoginPageTest
2018-11-23 22:03:22,799 - MyFirstTest -INFO - STARTING TESTS FOR CLASS --- MyFirstTest
2018-11-23 22:03:24,096 - MyFirstTest----myFirstTestt -INFO - STARTING TEST :myFirstTestt
2018-11-23 22:03:24,100 - MyFirstTest----myFirstTestt -INFO - Before navigating to: 'https://www.ashurst.com/'
2018-11-23 22:03:37,741 - MyFirstTest----myFirstTestt -INFO - Navigated to:'https://www.ashurst.com/'
2018-11-23 22:03:37,777 - MyFirstTest----myFirstTestt -INFO - Trying to find Element By : By.xpath: html/body/header/section[3]/div/nav[1]/ul/li[2]/a
2018-11-23 22:03:37,819 - MyFirstTest----myFirstTestt -INFO - Found Element By : By.xpath: html/body/header/section[3]/div/nav[1]/ul/li[2]/a
2018-11-23 22:03:37,830 - MyFirstTest----myFirstTestt -INFO - Trying to click on: [[ChromeDriver: chrome on MAC (e5249e18979cd25ca47254a365dde7d8)] -> xpath: html/body/header/section[3]/div/nav[1]/ul/li[2]/a]
2018-11-23 22:03:38,056 - MyFirstTest----myFirstTestt -INFO - Clicked on: [[ChromeDriver: chrome on MAC (e5249e18979cd25ca47254a365dde7d8)] -> xpath: html/body/header/section[3]/div/nav[1]/ul/li[2]/a]
2018-11-23 22:03:38,068 - MyFirstTest----myFirstTestt -INFO - myFirstTestt --- Test Passed
2018-11-23 22:03:38,082 - MyFirstTest----myFirstTestt -INFO - STARTING TEST :myFirstTestt
2018-11-23 22:03:38,084 - MyFirstTest----myFirstTestt -INFO - myFirstTestt --- Test Skipped
2018-11-23 22:03:38,115 - MyFirstTest----mySecondTestt -INFO - STARTING TEST :mySecondTestt
2018-11-23 22:03:38,117 - MyFirstTest----mySecondTestt -INFO - Before navigating to: 'https://www.ashurst.com/'
2018-11-23 22:03:49,588 - MyFirstTest----mySecondTestt -INFO - Navigated to:'https://www.ashurst.com/'
2018-11-23 22:03:49,591 - MyFirstTest----mySecondTestt -INFO - Trying to find Element By : By.xpath: html/body/header/section[3]/div/nav[1]/ul/li[2]/a
2018-11-23 22:03:49,627 - MyFirstTest----mySecondTestt -INFO - Found Element By : By.xpath: html/body/header/section[3]/div/nav[1]/ul/li[2]/a
2018-11-23 22:03:49,632 - MyFirstTest----mySecondTestt -INFO - Trying to click on: [[ChromeDriver: chrome on MAC (e5249e18979cd25ca47254a365dde7d8)] -> xpath: html/body/header/section[3]/div/nav[1]/ul/li[2]/a]
2018-11-23 22:03:49,905 - MyFirstTest----mySecondTestt -INFO - Clicked on: [[ChromeDriver: chrome on MAC (e5249e18979cd25ca47254a365dde7d8)] -> xpath: html/body/header/section[3]/div/nav[1]/ul/li[2]/a]
2018-11-23 22:03:49,907 - MyFirstTest----mySecondTestt -INFO - mySecondTestt --- Test Passed
2018-11-23 22:03:50,054 - MyFirstTest----mySecondTestt -INFO - ENDING TESTS FOR CLASS --- MyFirstTest
2018-11-23 22:08:27,289 - LoginPageTest -INFO - STARTING TESTS FOR CLASS --- LoginPageTest
2018-11-23 22:08:29,401 - LoginPageTest----loginPageTitleTest -INFO - STARTING TEST :loginPageTitleTest
2018-11-23 22:08:29,404 - LoginPageTest----loginPageTitleTest -INFO - loginPageTitleTest --- Test Skipped
2018-11-23 22:08:29,499 - LoginPageTest----loginPageTitleTest -INFO - ENDING TESTS FOR CLASS --- LoginPageTest
2018-11-23 22:08:34,884 - MyFirstTest -INFO - STARTING TESTS FOR CLASS --- MyFirstTest
2018-11-23 22:08:36,284 - MyFirstTest----myFirstTestt -INFO - STARTING TEST :myFirstTestt
2018-11-23 22:08:36,288 - MyFirstTest----myFirstTestt -INFO - Before navigating to: 'https://www.ashurst.com/'
2018-11-23 22:08:47,928 - MyFirstTest----myFirstTestt -INFO - Navigated to:'https://www.ashurst.com/'
2018-11-23 22:08:47,959 - MyFirstTest----myFirstTestt -INFO - Trying to find Element By : By.xpath: html/body/header/section[3]/div/nav[1]/ul/li[2]/a
2018-11-23 22:08:48,011 - MyFirstTest----myFirstTestt -INFO - Found Element By : By.xpath: html/body/header/section[3]/div/nav[1]/ul/li[2]/a
2018-11-23 22:08:48,022 - MyFirstTest----myFirstTestt -INFO - Trying to click on: [[ChromeDriver: chrome on MAC (f75a53a4f167ddfbc7e49a8d859aa6e8)] -> xpath: html/body/header/section[3]/div/nav[1]/ul/li[2]/a]
2018-11-23 22:08:48,224 - MyFirstTest----myFirstTestt -INFO - Clicked on: [[ChromeDriver: chrome on MAC (f75a53a4f167ddfbc7e49a8d859aa6e8)] -> xpath: html/body/header/section[3]/div/nav[1]/ul/li[2]/a]
2018-11-23 22:08:48,227 - MyFirstTest----myFirstTestt -INFO - myFirstTestt --- Test Passed
2018-11-23 22:08:48,237 - MyFirstTest----myFirstTestt -INFO - STARTING TEST :myFirstTestt
2018-11-23 22:08:48,239 - MyFirstTest----myFirstTestt -INFO - myFirstTestt --- Test Skipped
2018-11-23 22:08:48,253 - MyFirstTest----mySecondTestt -INFO - STARTING TEST :mySecondTestt
2018-11-23 22:08:48,254 - MyFirstTest----mySecondTestt -INFO - Before navigating to: 'https://www.ashurst.com/'
2018-11-23 22:09:02,804 - MyFirstTest----mySecondTestt -INFO - Navigated to:'https://www.ashurst.com/'
2018-11-23 22:09:02,807 - MyFirstTest----mySecondTestt -INFO - Trying to find Element By : By.xpath: html/body/header/section[3]/div/nav[1]/ul/li[2]/a
2018-11-23 22:09:02,835 - MyFirstTest----mySecondTestt -INFO - Found Element By : By.xpath: html/body/header/section[3]/div/nav[1]/ul/li[2]/a
2018-11-23 22:09:02,838 - MyFirstTest----mySecondTestt -INFO - Trying to click on: [[ChromeDriver: chrome on MAC (f75a53a4f167ddfbc7e49a8d859aa6e8)] -> xpath: html/body/header/section[3]/div/nav[1]/ul/li[2]/a]
2018-11-23 22:09:03,091 - MyFirstTest----mySecondTestt -INFO - Clicked on: [[ChromeDriver: chrome on MAC (f75a53a4f167ddfbc7e49a8d859aa6e8)] -> xpath: html/body/header/section[3]/div/nav[1]/ul/li[2]/a]
2018-11-23 22:09:03,094 - MyFirstTest----mySecondTestt -INFO - mySecondTestt --- Test Passed
2018-11-23 22:09:03,200 - MyFirstTest----mySecondTestt -INFO - ENDING TESTS FOR CLASS --- MyFirstTest
2018-11-23 23:20:14,670 - LoginPageTest -INFO - STARTING TESTS FOR CLASS --- LoginPageTest
2018-11-23 23:20:16,999 - LoginPageTest----loginPageTitleTest -INFO - loginPageTitleTest --- Test Failed
2018-11-23 23:20:17,267 - LoginPageTest----loginPageTitleTest -INFO - loginPageTitleTest --- Test Failed
2018-11-23 23:20:17,597 - LoginPageTest----loginPageTitleTest -INFO - ENDING TESTS FOR CLASS --- LoginPageTest
2018-11-23 23:20:22,980 - MyFirstTest -INFO - STARTING TESTS FOR CLASS --- MyFirstTest
2018-11-23 23:20:24,229 - MyFirstTest----myFirstTestt -INFO - mySecondTestt --- Test Failed
2018-11-23 23:20:24,232 - MyFirstTest----myFirstTestt -INFO - myFirstTestt --- Test Failed
2018-11-23 23:20:24,502 - MyFirstTest----myFirstTestt -INFO - mySecondTestt --- Test Failed
2018-11-23 23:20:24,744 - MyFirstTest----myFirstTestt -INFO - myFirstTestt --- Test Failed
2018-11-23 23:20:25,314 - MyFirstTest----myFirstTestt -INFO - ENDING TESTS FOR CLASS --- MyFirstTest
2018-11-23 23:22:01,700 - LoginPageTest -INFO - STARTING TESTS FOR CLASS --- LoginPageTest
2018-11-23 23:22:03,909 - LoginPageTest----loginPageTitleTest -INFO - loginPageTitleTest --- Test Failed
2018-11-23 23:22:04,193 - LoginPageTest----loginPageTitleTest -INFO - loginPageTitleTest --- Test Failed
2018-11-23 23:22:04,543 - LoginPageTest----loginPageTitleTest -INFO - ENDING TESTS FOR CLASS --- LoginPageTest
2018-11-23 23:22:09,946 - MyFirstTest -INFO - STARTING TESTS FOR CLASS --- MyFirstTest
2018-11-23 23:22:11,215 - MyFirstTest----myFirstTestt -INFO - myFirstTestt --- Test Failed
2018-11-23 23:22:11,217 - MyFirstTest----myFirstTestt -INFO - mySecondTestt --- Test Failed
2018-11-23 23:22:11,483 - MyFirstTest----myFirstTestt -INFO - myFirstTestt --- Test Failed
2018-11-23 23:22:11,728 - MyFirstTest----myFirstTestt -INFO - mySecondTestt --- Test Failed
2018-11-23 23:22:12,309 - MyFirstTest----myFirstTestt -INFO - ENDING TESTS FOR CLASS --- MyFirstTest
2018-11-23 23:40:38,647 - LoginPageTest -INFO - STARTING TESTS FOR CLASS --- LoginPageTest
2018-11-23 23:40:40,849 - LoginPageTest----loginPageTitleTest -INFO - loginPageTitleTest --- Test Failed
2018-11-23 23:40:41,120 - LoginPageTest----loginPageTitleTest -INFO - loginPageTitleTest --- Test Failed
2018-11-23 23:40:41,458 - LoginPageTest----loginPageTitleTest -INFO - ENDING TESTS FOR CLASS --- LoginPageTest
2018-11-23 23:40:46,830 - MyFirstTest -INFO - STARTING TESTS FOR CLASS --- MyFirstTest
2018-11-23 23:40:48,241 - MyFirstTest----myFirstTestt -INFO - myFirstTestt --- Test Failed
2018-11-23 23:40:48,513 - MyFirstTest----myFirstTestt -INFO - myFirstTestt --- Test Failed
2018-11-23 23:45:45,261 - LoginPageTest -INFO - STARTING TESTS FOR CLASS --- LoginPageTest
2018-11-23 23:45:47,418 - LoginPageTest----loginPageTitleTest -INFO - loginPageTitleTest --- Test Failed
2018-11-23 23:45:47,421 - LoginPageTest----loginPageTitleTest -INFO - loginPageTitleTest --- Test Failed
2018-11-23 23:45:47,522 - LoginPageTest----loginPageTitleTest -INFO - ENDING TESTS FOR CLASS --- LoginPageTest
2018-11-23 23:45:52,858 - MyFirstTest -INFO - STARTING TESTS FOR CLASS --- MyFirstTest
2018-11-23 23:45:54,205 - MyFirstTest----myFirstTestt -INFO - myFirstTestt --- Test Failed
2018-11-23 23:45:54,206 - MyFirstTest----myFirstTestt -INFO - myFirstTestt --- Test Failed
2018-11-23 23:46:32,178 - LoginPageTest -INFO - STARTING TESTS FOR CLASS --- LoginPageTest
2018-11-23 23:46:34,438 - LoginPageTest----loginPageTitleTest -INFO - STARTING TEST :loginPageTitleTest
2018-11-23 23:46:34,440 - LoginPageTest----loginPageTitleTest -INFO - Before navigating to: 'https://www.ashurst.com/'
2018-11-23 23:46:46,289 - LoginPageTest----loginPageTitleTest -INFO - Navigated to:'https://www.ashurst.com/'
2018-11-23 23:46:46,326 - LoginPageTest----loginPageTitleTest -INFO - loginPageTitleTest --- Test Failed
2018-11-23 23:46:46,332 - LoginPageTest----loginPageTitleTest -INFO - loginPageTitleTest --- Test Failed
2018-11-23 23:46:46,469 - LoginPageTest----loginPageTitleTest -INFO - ENDING TESTS FOR CLASS --- LoginPageTest
2018-11-23 23:48:43,608 - LoginPageTest -INFO - STARTING TESTS FOR CLASS --- LoginPageTest
2018-11-23 23:48:45,759 - LoginPageTest----loginPageTitleTest -INFO - STARTING TEST :loginPageTitleTest
2018-11-23 23:48:45,761 - LoginPageTest----loginPageTitleTest -INFO - Before navigating to: 'https://www.ashurst.com/'
2018-11-23 23:48:56,620 - LoginPageTest----loginPageTitleTest -INFO - Navigated to:'https://www.ashurst.com/'
2018-11-23 23:48:56,654 - LoginPageTest----loginPageTitleTest -INFO - loginPageTitleTest --- Test Failed
2018-11-23 23:48:56,656 - LoginPageTest----loginPageTitleTest -INFO - loginPageTitleTest --- Test Failed
2018-11-23 23:48:56,776 - LoginPageTest----loginPageTitleTest -INFO - ENDING TESTS FOR CLASS --- LoginPageTest
2018-11-23 23:50:11,172 - LoginPageTest -INFO - STARTING TESTS FOR CLASS --- LoginPageTest
2018-11-23 23:50:13,299 - LoginPageTest----loginPageTitleTest -INFO - STARTING TEST :loginPageTitleTest
2018-11-23 23:50:13,301 - LoginPageTest----loginPageTitleTest -INFO - Before navigating to: 'https://www.ashurst.com/'
2018-11-23 23:50:25,075 - LoginPageTest----loginPageTitleTest -INFO - Navigated to:'https://www.ashurst.com/'
2018-11-23 23:50:25,104 - LoginPageTest----loginPageTitleTest -INFO - Trying to find Element By : By.tagName: a
2018-11-23 23:50:25,251 - LoginPageTest----loginPageTitleTest -INFO - Found Element By : By.tagName: a
2018-11-23 23:50:25,568 - LoginPageTest----loginPageTitleTest -INFO - Trying to click on: [[ChromeDriver: chrome on MAC (f2083874a1111c1ab618b214c36d7bb4)] -> tag name: a]
2018-11-23 23:50:25,739 - LoginPageTest----loginPageTitleTest -INFO - Clicked on: [[ChromeDriver: chrome on MAC (f2083874a1111c1ab618b214c36d7bb4)] -> tag name: a]
2018-11-23 23:50:25,742 - LoginPageTest----loginPageTitleTest -INFO - loginPageTitleTest --- Test Passed
2018-11-23 23:50:25,851 - LoginPageTest----loginPageTitleTest -INFO - ENDING TESTS FOR CLASS --- LoginPageTest
2018-11-23 23:50:31,239 - MyFirstTest -INFO - STARTING TESTS FOR CLASS --- MyFirstTest
2018-11-23 23:50:32,619 - MyFirstTest----myFirstTestt -INFO - STARTING TEST :myFirstTestt
2018-11-23 23:50:32,621 - MyFirstTest----myFirstTestt -INFO - Before navigating to: 'https://www.ashurst.com/'
2018-11-23 23:50:45,189 - MyFirstTest----myFirstTestt -INFO - Navigated to:'https://www.ashurst.com/'
2018-11-23 23:50:45,193 - MyFirstTest----myFirstTestt -INFO - Trying to find Element By : By.xpath: html/body/header/section[3]/div/nav[1]/ul/li[2]/a
2018-11-23 23:50:45,227 - MyFirstTest----myFirstTestt -INFO - Found Element By : By.xpath: html/body/header/section[3]/div/nav[1]/ul/li[2]/a
2018-11-23 23:50:45,228 - MyFirstTest----myFirstTestt -INFO - Trying to click on: [[ChromeDriver: chrome on MAC (1aa7b2e5ec8702e2330438096c246070)] -> xpath: html/body/header/section[3]/div/nav[1]/ul/li[2]/a]
2018-11-23 23:50:45,409 - MyFirstTest----myFirstTestt -INFO - Clicked on: [[ChromeDriver: chrome on MAC (1aa7b2e5ec8702e2330438096c246070)] -> xpath: html/body/header/section[3]/div/nav[1]/ul/li[2]/a]
2018-11-23 23:50:45,411 - MyFirstTest----myFirstTestt -INFO - myFirstTestt --- Test Passed
2018-11-23 23:50:45,416 - MyFirstTest----myFirstTestt -INFO - STARTING TEST :myFirstTestt
2018-11-23 23:50:45,422 - MyFirstTest----myFirstTestt -INFO - myFirstTestt --- Test Skipped
2018-11-23 23:50:45,433 - MyFirstTest----mySecondTestt -INFO - STARTING TEST :mySecondTestt
2018-11-23 23:50:45,437 - MyFirstTest----mySecondTestt -INFO - Before navigating to: 'https://www.ashurst.com/'
2018-11-23 23:51:02,320 - MyFirstTest----mySecondTestt -INFO - Navigated to:'https://www.ashurst.com/'
2018-11-23 23:51:02,323 - MyFirstTest----mySecondTestt -INFO - Trying to find Element By : By.xpath: html/body/header/section[3]/div/nav[1]/ul/li[2]/a
2018-11-23 23:51:02,376 - MyFirstTest----mySecondTestt -INFO - Found Element By : By.xpath: html/body/header/section[3]/div/nav[1]/ul/li[2]/a
2018-11-23 23:51:02,378 - MyFirstTest----mySecondTestt -INFO - Trying to click on: [[ChromeDriver: chrome on MAC (1aa7b2e5ec8702e2330438096c246070)] -> xpath: html/body/header/section[3]/div/nav[1]/ul/li[2]/a]
2018-11-23 23:51:02,644 - MyFirstTest----mySecondTestt -INFO - Clicked on: [[ChromeDriver: chrome on MAC (1aa7b2e5ec8702e2330438096c246070)] -> xpath: html/body/header/section[3]/div/nav[1]/ul/li[2]/a]
2018-11-23 23:51:02,645 - MyFirstTest----mySecondTestt -INFO - mySecondTestt --- Test Passed
2018-11-23 23:51:02,751 - MyFirstTest----mySecondTestt -INFO - ENDING TESTS FOR CLASS --- MyFirstTest
2018-11-24 00:17:43,558 - LoginPageTest -INFO - STARTING TESTS FOR CLASS --- LoginPageTest
2018-11-24 00:17:45,776 - LoginPageTest----loginPageTitleTest -INFO - loginPageTitleTest --- Test Failed
2018-11-24 00:17:46,043 - LoginPageTest----loginPageTitleTest -INFO - loginPageTitleTest --- Test Failed
2018-11-24 00:17:46,376 - LoginPageTest----loginPageTitleTest -INFO - ENDING TESTS FOR CLASS --- LoginPageTest
2018-11-24 00:17:51,719 - MyFirstTest -INFO - STARTING TESTS FOR CLASS --- MyFirstTest
2018-11-24 00:17:53,108 - MyFirstTest----myFirstTestt -INFO - myFirstTestt --- Test Failed
2018-11-24 00:17:53,378 - MyFirstTest----myFirstTestt -INFO - myFirstTestt --- Test Failed
2018-11-24 00:18:20,507 - LoginPageTest -INFO - STARTING TESTS FOR CLASS --- LoginPageTest
2018-11-24 00:18:22,986 - LoginPageTest----loginPageTitleTest -INFO - STARTING TEST :loginPageTitleTest
2018-11-24 00:18:22,990 - LoginPageTest----loginPageTitleTest -INFO - Before navigating to: 'https://www.ashurst.com/'
2018-11-24 00:18:34,944 - LoginPageTest----loginPageTitleTest -INFO - Navigated to:'https://www.ashurst.com/'
2018-11-24 00:18:34,990 - LoginPageTest----loginPageTitleTest -INFO - Trying to find Element By : By.tagName: a
2018-11-24 00:18:35,165 - LoginPageTest----loginPageTitleTest -INFO - Found Element By : By.tagName: a
2018-11-24 00:18:35,593 - LoginPageTest----loginPageTitleTest -INFO - Trying to click on: [[ChromeDriver: chrome on MAC (37e861f2df4be9370e661f3163d2ac38)] -> tag name: a]
2018-11-24 00:18:35,789 - LoginPageTest----loginPageTitleTest -INFO - Clicked on: [[ChromeDriver: chrome on MAC (37e861f2df4be9370e661f3163d2ac38)] -> tag name: a]
2018-11-24 00:18:35,793 - LoginPageTest----loginPageTitleTest -INFO - loginPageTitleTest --- Test Passed
2018-11-24 00:18:35,947 - LoginPageTest----loginPageTitleTest -INFO - ENDING TESTS FOR CLASS --- LoginPageTest
2018-11-24 00:18:41,291 - MyFirstTest -INFO - STARTING TESTS FOR CLASS --- MyFirstTest
2018-11-24 00:18:42,792 - MyFirstTest----myFirstTestt -INFO - STARTING TEST :myFirstTestt
2018-11-24 00:18:42,794 - MyFirstTest----myFirstTestt -INFO - Before navigating to: 'https://www.ashurst.com/'
2018-11-24 00:18:54,351 - MyFirstTest----myFirstTestt -INFO - Navigated to:'https://www.ashurst.com/'
2018-11-24 00:18:54,355 - MyFirstTest----myFirstTestt -INFO - Trying to find Element By : By.xpath: html/body/header/section[3]/div/nav[1]/ul/li[2]/a
2018-11-24 00:18:54,388 - MyFirstTest----myFirstTestt -INFO - Found Element By : By.xpath: html/body/header/section[3]/div/nav[1]/ul/li[2]/a
2018-11-24 00:18:54,390 - MyFirstTest----myFirstTestt -INFO - Trying to click on: [[ChromeDriver: chrome on MAC (de1f7873a8e095e0e34eb76301f5da1d)] -> xpath: html/body/header/section[3]/div/nav[1]/ul/li[2]/a]
2018-11-24 00:18:54,534 - MyFirstTest----myFirstTestt -INFO - Clicked on: [[ChromeDriver: chrome on MAC (de1f7873a8e095e0e34eb76301f5da1d)] -> xpath: html/body/header/section[3]/div/nav[1]/ul/li[2]/a]
2018-11-24 00:18:54,535 - MyFirstTest----myFirstTestt -INFO - myFirstTestt --- Test Passed
2018-11-24 00:18:54,542 - MyFirstTest----myFirstTestt -INFO - STARTING TEST :myFirstTestt
2018-11-24 00:18:54,550 - MyFirstTest----myFirstTestt -INFO - myFirstTestt --- Test Skipped
2018-11-24 00:18:54,563 - MyFirstTest----mySecondTestt -INFO - STARTING TEST :mySecondTestt
2018-11-24 00:18:54,565 - MyFirstTest----mySecondTestt -INFO - Before navigating to: 'https://www.ashurst.com/'
2018-11-24 00:19:04,875 - MyFirstTest----mySecondTestt -INFO - Navigated to:'https://www.ashurst.com/'
2018-11-24 00:19:04,879 - MyFirstTest----mySecondTestt -INFO - Trying to find Element By : By.xpath: html/body/header/section[3]/div/nav[1]/ul/li[2]/a
2018-11-24 00:19:04,906 - MyFirstTest----mySecondTestt -INFO - Found Element By : By.xpath: html/body/header/section[3]/div/nav[1]/ul/li[2]/a
2018-11-24 00:19:04,907 - MyFirstTest----mySecondTestt -INFO - Trying to click on: [[ChromeDriver: chrome on MAC (de1f7873a8e095e0e34eb76301f5da1d)] -> xpath: html/body/header/section[3]/div/nav[1]/ul/li[2]/a]
2018-11-24 00:19:05,234 - MyFirstTest----mySecondTestt -INFO - Clicked on: [[ChromeDriver: chrome on MAC (de1f7873a8e095e0e34eb76301f5da1d)] -> xpath: html/body/header/section[3]/div/nav[1]/ul/li[2]/a]
2018-11-24 00:19:05,236 - MyFirstTest----mySecondTestt -INFO - mySecondTestt --- Test Passed
2018-11-24 00:19:05,342 - MyFirstTest----mySecondTestt -INFO - ENDING TESTS FOR CLASS --- MyFirstTest
2018-11-24 00:32:30,134 - LoginPageTest -INFO - STARTING TESTS FOR CLASS --- LoginPageTest
2018-11-24 00:32:30,139 - LoginPageTest -INFO - STARTING TESTS FOR CLASS --- LoginPageTest
2018-11-24 00:32:32,918 - MyFirstTest----myFirstTestt -INFO - Before navigating to: 'https://www.ashurst.com/'
2018-11-24 00:32:32,924 - MyFirstTest----myFirstTestt -INFO - Before navigating to: 'https://www.ashurst.com/'
2018-11-24 00:32:32,944 - MyFirstTest----mySecondTestt -INFO - Before navigating to: 'https://www.ashurst.com/'
2018-11-24 00:32:33,025 - MyFirstTest----mySecondTestt -INFO - ENDING TESTS FOR CLASS --- MyFirstTest
2018-11-24 00:32:33,026 - MyFirstTest----mySecondTestt -INFO - ENDING TESTS FOR CLASS --- MyFirstTest
2018-11-24 00:34:52,408 - LoginPageTest -INFO - STARTING TESTS FOR CLASS --- LoginPageTest
2018-11-24 00:34:52,411 - LoginPageTest -INFO - STARTING TESTS FOR CLASS --- LoginPageTest
2018-11-24 00:34:55,155 - LoginPageTest----loginPageTitleTest -INFO - Before navigating to: 'https://www.ashurst.com/'
2018-11-24 00:34:55,162 - LoginPageTest----loginPageTitleTest -INFO - Before navigating to: 'https://www.ashurst.com/'
2018-11-24 00:34:55,177 - MyFirstTest----mySecondTestt -INFO - Before navigating to: 'https://www.ashurst.com/'
2018-11-24 00:34:55,310 - MyFirstTest----mySecondTestt -INFO - ENDING TESTS FOR CLASS --- MyFirstTest
2018-11-24 00:34:55,310 - MyFirstTest----mySecondTestt -INFO - ENDING TESTS FOR CLASS --- MyFirstTest
2018-11-24 00:35:47,441 - LoginPageTest -INFO - STARTING TESTS FOR CLASS --- LoginPageTest
2018-11-24 00:35:49,984 - LoginPageTest----loginPageTitleTest -INFO - Before navigating to: 'https://www.ashurst.com/'
2018-11-24 00:35:50,073 - LoginPageTest----loginPageTitleTest -INFO - ENDING TESTS FOR CLASS --- LoginPageTest
2018-11-24 00:35:55,108 - MyFirstTest -INFO - STARTING TESTS FOR CLASS --- MyFirstTest
2018-11-24 00:35:56,451 - MyFirstTest----myFirstTestt -INFO - Before navigating to: 'https://www.ashurst.com/'
2018-11-24 00:35:56,460 - MyFirstTest----mySecondTestt -INFO - Before navigating to: 'https://www.ashurst.com/'
2018-11-24 00:35:56,546 - MyFirstTest----mySecondTestt -INFO - ENDING TESTS FOR CLASS --- MyFirstTest
2018-11-24 00:36:45,659 - LoginPageTest -INFO - STARTING TESTS FOR CLASS --- LoginPageTest
2018-11-24 00:36:45,661 - LoginPageTest -INFO - STARTING TESTS FOR CLASS --- LoginPageTest
2018-11-24 00:36:59,713 - LoginPageTest----loginPageTitleTest -INFO - Navigated to:'https://www.ashurst.com/'
2018-11-24 00:37:04,453 - MyFirstTest----mySecondTestt -INFO - Navigated to:'https://www.ashurst.com/'
2018-11-24 00:37:09,515 - MyFirstTest----mySecondTestt -INFO - Navigated to:'https://www.ashurst.com/'
2018-11-24 00:37:09,613 - MyFirstTest----mySecondTestt -INFO - ENDING TESTS FOR CLASS --- MyFirstTest
2018-11-24 00:37:09,613 - MyFirstTest----mySecondTestt -INFO - ENDING TESTS FOR CLASS --- MyFirstTest
2018-11-24 00:37:52,544 - MyFirstTest -INFO - STARTING TESTS FOR CLASS --- MyFirstTest
2018-11-24 00:37:52,547 - MyFirstTest -INFO - STARTING TESTS FOR CLASS --- MyFirstTest
2018-11-24 00:38:05,978 - MyFirstTest----myFirstTestt -INFO - Trying to find Element By : By.tagName: a
2018-11-24 00:38:10,950 - MyFirstTest----myFirstTestt -INFO - Trying to find Element By : By.xpath: html/body/header/section[3]/div/nav[1]/ul/li[2]/a
2018-11-24 00:38:11,043 - MyFirstTest----mySecondTestt -INFO - ENDING TESTS FOR CLASS --- MyFirstTest
2018-11-24 00:38:11,063 - MyFirstTest----mySecondTestt -INFO - ENDING TESTS FOR CLASS --- MyFirstTest
2018-11-24 00:40:08,766 - MyFirstTest -INFO - STARTING TESTS FOR CLASS --- LoginPageTest
2018-11-24 00:40:08,769 - MyFirstTest -INFO - STARTING TESTS FOR CLASS --- LoginPageTest
2018-11-24 00:40:11,550 - LoginPageTest----loginPageTitleTest -INFO - Before navigating to: 'https://www.ashurst.com/'
2018-11-24 00:40:11,558 - LoginPageTest----loginPageTitleTest -INFO - Before navigating to: 'https://www.ashurst.com/'
2018-11-24 00:40:11,642 - MyFirstTest----mySecondTestt -INFO - Before navigating to: 'https://www.ashurst.com/'
2018-11-24 00:40:11,670 - MyFirstTest----mySecondTestt -INFO - ENDING TESTS FOR CLASS --- MyFirstTest
2018-11-24 00:40:11,670 - MyFirstTest----mySecondTestt -INFO - ENDING TESTS FOR CLASS --- MyFirstTest
2018-11-24 00:48:40,955 - LoginPageTest -INFO - STARTING TESTS FOR CLASS --- LoginPageTest
2018-11-24 00:48:44,397 - LoginPageTest----loginPageTitleTest -INFO - STARTING TEST :loginPageTitleTest
2018-11-24 00:48:44,399 - LoginPageTest----loginPageTitleTest -INFO - Before navigating to: 'https://www.ashurst.com/'
2018-11-24 00:48:56,192 - LoginPageTest----loginPageTitleTest -INFO - Navigated to:'https://www.ashurst.com/'
2018-11-24 00:48:56,230 - LoginPageTest----loginPageTitleTest -INFO - Trying to find Element By : By.tagName: a
2018-11-24 00:48:56,383 - LoginPageTest----loginPageTitleTest -INFO - Found Element By : By.tagName: a
2018-11-24 00:48:56,728 - LoginPageTest----loginPageTitleTest -INFO - Trying to click on: [[ChromeDriver: chrome on MAC (e598b240834bf64f270132bbdd908d5a)] -> tag name: a]
2018-11-24 00:48:56,898 - LoginPageTest----loginPageTitleTest -INFO - Clicked on: [[ChromeDriver: chrome on MAC (e598b240834bf64f270132bbdd908d5a)] -> tag name: a]
2018-11-24 00:48:56,902 - LoginPageTest----loginPageTitleTest -INFO - loginPageTitleTest --- Test Passed
2018-11-24 00:48:57,001 - LoginPageTest----loginPageTitleTest -INFO - ENDING TESTS FOR CLASS --- LoginPageTest
2018-11-24 00:49:02,450 - MyFirstTest -INFO - STARTING TESTS FOR CLASS --- MyFirstTest
2018-11-24 00:49:03,748 - MyFirstTest----myFirstTestt -INFO - STARTING TEST :myFirstTestt
2018-11-24 00:49:03,749 - MyFirstTest----myFirstTestt -INFO - Before navigating to: 'https://www.ashurst.com/'
2018-11-24 00:49:17,350 - MyFirstTest----myFirstTestt -INFO - Navigated to:'https://www.ashurst.com/'
2018-11-24 00:49:17,352 - MyFirstTest----myFirstTestt -INFO - Trying to find Element By : By.xpath: html/body/header/section[3]/div/nav[1]/ul/li[2]/a
2018-11-24 00:49:17,393 - MyFirstTest----myFirstTestt -INFO - Found Element By : By.xpath: html/body/header/section[3]/div/nav[1]/ul/li[2]/a
2018-11-24 00:49:17,394 - MyFirstTest----myFirstTestt -INFO - Trying to click on: [[ChromeDriver: chrome on MAC (eff99174f351266b1ffe96ff72eaa909)] -> xpath: html/body/header/section[3]/div/nav[1]/ul/li[2]/a]
2018-11-24 00:49:17,588 - MyFirstTest----myFirstTestt -INFO - Clicked on: [[ChromeDriver: chrome on MAC (eff99174f351266b1ffe96ff72eaa909)] -> xpath: html/body/header/section[3]/div/nav[1]/ul/li[2]/a]
2018-11-24 00:49:17,600 - MyFirstTest----myFirstTestt -INFO - myFirstTestt --- Test Passed
2018-11-24 00:49:17,607 - MyFirstTest----myFirstTestt -INFO - STARTING TEST :myFirstTestt
2018-11-24 00:49:17,615 - MyFirstTest----myFirstTestt -INFO - myFirstTestt --- Test Skipped
2018-11-24 00:49:17,630 - MyFirstTest----mySecondTestt -INFO - STARTING TEST :mySecondTestt
2018-11-24 00:49:17,631 - MyFirstTest----mySecondTestt -INFO - Before navigating to: 'https://www.ashurst.com/'
2018-11-24 00:49:28,112 - MyFirstTest----mySecondTestt -INFO - Navigated to:'https://www.ashurst.com/'
2018-11-24 00:49:28,116 - MyFirstTest----mySecondTestt -INFO - Trying to find Element By : By.xpath: html/body/header/section[3]/div/nav[1]/ul/li[2]/a
2018-11-24 00:49:28,141 - MyFirstTest----mySecondTestt -INFO - Found Element By : By.xpath: html/body/header/section[3]/div/nav[1]/ul/li[2]/a
2018-11-24 00:49:28,143 - MyFirstTest----mySecondTestt -INFO - Trying to click on: [[ChromeDriver: chrome on MAC (eff99174f351266b1ffe96ff72eaa909)] -> xpath: html/body/header/section[3]/div/nav[1]/ul/li[2]/a]
2018-11-24 00:49:28,357 - MyFirstTest----mySecondTestt -INFO - Clicked on: [[ChromeDriver: chrome on MAC (eff99174f351266b1ffe96ff72eaa909)] -> xpath: html/body/header/section[3]/div/nav[1]/ul/li[2]/a]
2018-11-24 00:49:28,359 - MyFirstTest----mySecondTestt -INFO - mySecondTestt --- Test Passed
2018-11-24 00:49:28,460 - MyFirstTest----mySecondTestt -INFO - ENDING TESTS FOR CLASS --- MyFirstTest
2018-11-24 00:50:04,935 - LoginPageTest -INFO - STARTING TESTS FOR CLASS --- MyFirstTest
2018-11-24 00:50:04,937 - LoginPageTest -INFO - STARTING TESTS FOR CLASS --- MyFirstTest
2018-11-24 00:50:07,678 - MyFirstTest----myFirstTestt -INFO - Before navigating to: 'https://www.ashurst.com/'
2018-11-24 00:50:07,679 - MyFirstTest----myFirstTestt -INFO - Before navigating to: 'https://www.ashurst.com/'
2018-11-24 00:50:07,696 - MyFirstTest----mySecondTestt -INFO - Before navigating to: 'https://www.ashurst.com/'
2018-11-24 00:50:07,770 - MyFirstTest----mySecondTestt -INFO - ENDING TESTS FOR CLASS --- MyFirstTest
2018-11-24 00:50:07,771 - MyFirstTest----mySecondTestt -INFO - ENDING TESTS FOR CLASS --- MyFirstTest
2018-11-24 00:56:18,695 - LoginPageTest -INFO - STARTING TESTS FOR CLASS --- LoginPageTest
2018-11-24 00:56:18,697 - LoginPageTest -INFO - STARTING TESTS FOR CLASS --- LoginPageTest
2018-11-24 00:56:21,455 - MyFirstTest----myFirstTestt -INFO - STARTING TEST :myFirstTestt
2018-11-24 00:56:21,457 - MyFirstTest----myFirstTestt -INFO - STARTING TEST :loginPageTitleTest
2018-11-24 00:56:21,460 - MyFirstTest----myFirstTestt -INFO - Before navigating to: 'https://www.ashurst.com/'
2018-11-24 00:56:21,462 - MyFirstTest----myFirstTestt -INFO - Before navigating to: 'https://www.ashurst.com/'
2018-11-24 00:56:21,471 - MyFirstTest----myFirstTestt -INFO - Before navigating to: 'https://www.ashurst.com/'
2018-11-24 00:56:21,473 - MyFirstTest----myFirstTestt -INFO - Before navigating to: 'https://www.ashurst.com/'
2018-11-24 00:56:32,565 - MyFirstTest----myFirstTestt -INFO - Navigated to:'https://www.ashurst.com/'
2018-11-24 00:56:32,567 - MyFirstTest----myFirstTestt -INFO - Navigated to:'https://www.ashurst.com/'
2018-11-24 00:56:32,598 - MyFirstTest----myFirstTestt -INFO - Trying to find Element By : By.xpath: html/body/header/section[3]/div/nav[1]/ul/li[2]/a
2018-11-24 00:56:32,599 - MyFirstTest----myFirstTestt -INFO - Trying to find Element By : By.xpath: html/body/header/section[3]/div/nav[1]/ul/li[2]/a
2018-11-24 00:56:37,279 - MyFirstTest----myFirstTestt -INFO - Navigated to:'https://www.ashurst.com/'
2018-11-24 00:56:37,281 - MyFirstTest----myFirstTestt -INFO - Navigated to:'https://www.ashurst.com/'
2018-11-24 00:56:37,283 - MyFirstTest----myFirstTestt -INFO - Trying to find Element By : By.tagName: a
2018-11-24 00:56:37,285 - MyFirstTest----myFirstTestt -INFO - Trying to find Element By : By.tagName: a
2018-11-24 00:56:37,312 - MyFirstTest----myFirstTestt -INFO - Found Element By : By.xpath: html/body/header/section[3]/div/nav[1]/ul/li[2]/a
2018-11-24 00:56:37,313 - MyFirstTest----myFirstTestt -INFO - Found Element By : By.xpath: html/body/header/section[3]/div/nav[1]/ul/li[2]/a
2018-11-24 00:56:37,326 - MyFirstTest----myFirstTestt -INFO - Trying to click on: [[ChromeDriver: chrome on MAC (1d4f16a8d36ea0f21fc3da5afae3dd6d)] -> xpath: html/body/header/section[3]/div/nav[1]/ul/li[2]/a]
2018-11-24 00:56:37,457 - MyFirstTest----myFirstTestt -INFO - Trying to click on: [[ChromeDriver: chrome on MAC (1d4f16a8d36ea0f21fc3da5afae3dd6d)] -> xpath: html/body/header/section[3]/div/nav[1]/ul/li[2]/a]
2018-11-24 00:56:37,481 - MyFirstTest----myFirstTestt -INFO - Found Element By : By.tagName: a
2018-11-24 00:56:37,487 - MyFirstTest----myFirstTestt -INFO - Found Element By : By.tagName: a
2018-11-24 00:56:37,724 - MyFirstTest----myFirstTestt -INFO - Clicked on: [[ChromeDriver: chrome on MAC (1d4f16a8d36ea0f21fc3da5afae3dd6d)] -> xpath: html/body/header/section[3]/div/nav[1]/ul/li[2]/a]
2018-11-24 00:56:37,725 - MyFirstTest----myFirstTestt -INFO - Clicked on: [[ChromeDriver: chrome on MAC (1d4f16a8d36ea0f21fc3da5afae3dd6d)] -> xpath: html/body/header/section[3]/div/nav[1]/ul/li[2]/a]
2018-11-24 00:56:37,728 - MyFirstTest----myFirstTestt -INFO - myFirstTestt --- Test Passed
2018-11-24 00:56:37,734 - MyFirstTest----myFirstTestt -INFO - STARTING TEST :myFirstTestt
2018-11-24 00:56:37,738 - MyFirstTest----myFirstTestt -INFO - myFirstTestt --- Test Skipped
2018-11-24 00:56:37,748 - MyFirstTest----mySecondTestt -INFO - STARTING TEST :mySecondTestt
2018-11-24 00:56:37,750 - MyFirstTest----mySecondTestt -INFO - Before navigating to: 'https://www.ashurst.com/'
2018-11-24 00:56:37,751 - MyFirstTest----mySecondTestt -INFO - Before navigating to: 'https://www.ashurst.com/'
2018-11-24 00:56:48,412 - MyFirstTest----mySecondTestt -INFO - Navigated to:'https://www.ashurst.com/'
2018-11-24 00:56:48,414 - MyFirstTest----mySecondTestt -INFO - Navigated to:'https://www.ashurst.com/'
2018-11-24 00:56:48,416 - MyFirstTest----mySecondTestt -INFO - Trying to find Element By : By.xpath: html/body/header/section[3]/div/nav[1]/ul/li[2]/a
2018-11-24 00:56:48,419 - MyFirstTest----mySecondTestt -INFO - Trying to find Element By : By.xpath: html/body/header/section[3]/div/nav[1]/ul/li[2]/a
2018-11-24 00:56:48,465 - MyFirstTest----mySecondTestt -INFO - Found Element By : By.xpath: html/body/header/section[3]/div/nav[1]/ul/li[2]/a
2018-11-24 00:56:48,467 - MyFirstTest----mySecondTestt -INFO - Found Element By : By.xpath: html/body/header/section[3]/div/nav[1]/ul/li[2]/a
2018-11-24 00:56:48,469 - MyFirstTest----mySecondTestt -INFO - Trying to click on: [[ChromeDriver: chrome on MAC (1d4f16a8d36ea0f21fc3da5afae3dd6d)] -> xpath: html/body/header/section[3]/div/nav[1]/ul/li[2]/a]
2018-11-24 00:56:48,506 - MyFirstTest----mySecondTestt -INFO - Trying to click on: [[ChromeDriver: chrome on MAC (1d4f16a8d36ea0f21fc3da5afae3dd6d)] -> xpath: html/body/header/section[3]/div/nav[1]/ul/li[2]/a]
2018-11-24 00:56:49,500 - MyFirstTest----mySecondTestt -INFO - Clicked on: [[ChromeDriver: chrome on MAC (1d4f16a8d36ea0f21fc3da5afae3dd6d)] -> xpath: html/body/header/section[3]/div/nav[1]/ul/li[2]/a]
2018-11-24 00:56:49,503 - MyFirstTest----mySecondTestt -INFO - Clicked on: [[ChromeDriver: chrome on MAC (1d4f16a8d36ea0f21fc3da5afae3dd6d)] -> xpath: html/body/header/section[3]/div/nav[1]/ul/li[2]/a]
2018-11-24 00:56:49,511 - MyFirstTest----mySecondTestt -INFO - mySecondTestt --- Test Passed
2018-11-24 00:56:49,511 - MyFirstTest----mySecondTestt -INFO - Exception occured: org.openqa.selenium.StaleElementReferenceException: stale element reference: element is not attached to the page document
  (Session info: chrome=70.0.3538.102)
  (Driver info: chromedriver=2.43.600229 (3fae4d0cda5334b4f533bede5a4787f7b832d052),platform=Mac OS X 10.14.1 x86_64) (WARNING: The server did not provide any stacktrace information)
Command duration or timeout: 0 milliseconds
For documentation on this error, please visit: http://seleniumhq.org/exceptions/stale_element_reference.html
Build info: version: '3.12.0', revision: '7c6e0b3', time: '2018-05-08T15:15:08.936Z'
System info: host: 'Viveks-MacBook-Air.local', ip: 'fe80:0:0:0:1c84:3785:4032:9598%en0', os.name: 'Mac OS X', os.arch: 'x86_64', os.version: '10.14.1', java.version: '11'
Driver info: org.openqa.selenium.chrome.ChromeDriver
Capabilities {acceptInsecureCerts: false, acceptSslCerts: false, applicationCacheEnabled: false, browserConnectionEnabled: false, browserName: chrome, chrome: {chromedriverVersion: 2.43.600229 (3fae4d0cda5334..., userDataDir: /var/folders/dk/j9gwnnyd1mz...}, cssSelectorsEnabled: true, databaseEnabled: false, goog:chromeOptions: {debuggerAddress: localhost:49446}, handlesAlerts: true, hasTouchScreen: false, javascriptEnabled: true, locationContextEnabled: true, mobileEmulationEnabled: false, nativeEvents: true, networkConnectionEnabled: false, pageLoadStrategy: normal, platform: MAC, platformName: MAC, rotatable: false, setWindowRect: true, takesHeapSnapshot: true, takesScreenshot: true, unexpectedAlertBehaviour: , unhandledPromptBehavior: , version: 70.0.3538.102, webStorageEnabled: true}
Session ID: 1d4f16a8d36ea0f21fc3da5afae3dd6d
2018-11-24 00:56:49,626 - MyFirstTest----mySecondTestt -INFO - ENDING TESTS FOR CLASS --- MyFirstTest
2018-11-24 00:56:49,628 - MyFirstTest----mySecondTestt -INFO - loginPageTitleTest --- Test Failed
2018-11-24 00:56:49,629 - MyFirstTest----mySecondTestt -INFO - loginPageTitleTest --- Test Failed
2018-11-24 00:56:49,630 - MyFirstTest----mySecondTestt -INFO - ENDING TESTS FOR CLASS --- MyFirstTest
2018-11-24 01:00:48,296 - LoginPageTest -INFO - STARTING TESTS FOR CLASS --- LoginPageTest
2018-11-24 01:00:48,299 - LoginPageTest -INFO - STARTING TESTS FOR CLASS --- LoginPageTest
2018-11-24 01:00:50,716 - LoginPageTest----loginPageTitleTest -INFO - STARTING TEST :myFirstTestt
2018-11-24 01:00:50,736 - LoginPageTest----loginPageTitleTest -INFO - STARTING TEST :loginPageTitleTest
2018-11-24 01:00:50,738 - LoginPageTest----loginPageTitleTest -INFO - Before navigating to: 'https://www.ashurst.com/'
2018-11-24 01:00:50,740 - LoginPageTest----loginPageTitleTest -INFO - Before navigating to: 'https://www.ashurst.com/'
2018-11-24 01:01:03,963 - LoginPageTest----loginPageTitleTest -INFO - Navigated to:'https://www.ashurst.com/'
2018-11-24 01:01:04,009 - LoginPageTest----loginPageTitleTest -INFO - myFirstTestt --- Test Failed
2018-11-24 01:01:04,013 - LoginPageTest----loginPageTitleTest -INFO - myFirstTestt --- Test Failed
2018-11-24 01:01:04,082 - LoginPageTest----loginPageTitleTest -INFO - Navigated to:'https://www.ashurst.com/'
2018-11-24 01:01:04,085 - LoginPageTest----loginPageTitleTest -INFO - loginPageTitleTest --- Test Failed
2018-11-24 01:01:04,086 - LoginPageTest----loginPageTitleTest -INFO - loginPageTitleTest --- Test Failed
2018-11-24 01:01:04,232 - LoginPageTest----loginPageTitleTest -INFO - ENDING TESTS FOR CLASS --- LoginPageTest
2018-11-24 01:02:11,100 - LoginPageTest -INFO - STARTING TESTS FOR CLASS --- LoginPageTest
2018-11-24 01:02:13,114 - LoginPageTest----loginPageTitleTest -INFO - STARTING TEST :loginPageTitleTest
2018-11-24 01:02:13,117 - LoginPageTest----loginPageTitleTest -INFO - Before navigating to: 'https://www.ashurst.com/'
2018-11-24 01:02:24,147 - LoginPageTest----loginPageTitleTest -INFO - Navigated to:'https://www.ashurst.com/'
2018-11-24 01:02:24,186 - LoginPageTest----loginPageTitleTest -INFO - loginPageTitleTest --- Test Failed
2018-11-24 01:02:24,188 - LoginPageTest----loginPageTitleTest -INFO - loginPageTitleTest --- Test Failed
2018-11-24 01:02:24,286 - LoginPageTest----loginPageTitleTest -INFO - ENDING TESTS FOR CLASS --- LoginPageTest
2018-11-24 01:03:43,953 - LoginPageTest -INFO - STARTING TESTS FOR CLASS --- LoginPageTest
2018-11-24 01:03:43,956 - LoginPageTest -INFO - STARTING TESTS FOR CLASS --- LoginPageTest
2018-11-24 01:03:46,681 - LoginPageTest----loginPageTitleTest -INFO - STARTING TEST :loginPageTitleTest
2018-11-24 01:03:46,683 - LoginPageTest----loginPageTitleTest -INFO - Before navigating to: 'https://www.ashurst.com/'
2018-11-24 01:03:46,829 - MyFirstTest----myFirstTestt -INFO - STARTING TEST :myFirstTestt
2018-11-24 01:03:46,830 - MyFirstTest----myFirstTestt -INFO - Before navigating to: 'https://www.ashurst.com/'
2018-11-24 01:03:59,416 - MyFirstTest----myFirstTestt -INFO - Navigated to:'https://www.ashurst.com/'
2018-11-24 01:03:59,447 - MyFirstTest----myFirstTestt -INFO - myFirstTestt --- Test Failed
2018-11-24 01:03:59,450 - MyFirstTest----myFirstTestt -INFO - myFirstTestt --- Test Failed
2018-11-24 01:03:59,536 - MyFirstTest----myFirstTestt -INFO - Navigated to:'https://www.ashurst.com/'
2018-11-24 01:03:59,541 - MyFirstTest----myFirstTestt -INFO - loginPageTitleTest --- Test Failed
2018-11-24 01:03:59,543 - MyFirstTest----myFirstTestt -INFO - loginPageTitleTest --- Test Failed
2018-11-24 01:03:59,649 - MyFirstTest----myFirstTestt -INFO - ENDING TESTS FOR CLASS --- MyFirstTest
2018-11-24 01:05:21,429 - LoginPageTest -INFO - STARTING TESTS FOR CLASS --- LoginPageTest
2018-11-24 01:05:23,547 - LoginPageTest----loginPageTitleTest -INFO - STARTING TEST :loginPageTitleTest
2018-11-24 01:05:23,550 - LoginPageTest----loginPageTitleTest -INFO - Before navigating to: 'https://www.ashurst.com/'
2018-11-24 01:05:34,068 - LoginPageTest----loginPageTitleTest -INFO - Navigated to:'https://www.ashurst.com/'
2018-11-24 01:05:34,097 - LoginPageTest----loginPageTitleTest -INFO - Trying to find Element By : By.tagName: a
2018-11-24 01:05:34,247 - LoginPageTest----loginPageTitleTest -INFO - Found Element By : By.tagName: a
2018-11-24 01:05:34,622 - LoginPageTest----loginPageTitleTest -INFO - Trying to click on: [[ChromeDriver: chrome on MAC (560ad37a271e30ed496001e4369f51b0)] -> tag name: a]
2018-11-24 01:05:34,782 - LoginPageTest----loginPageTitleTest -INFO - Clicked on: [[ChromeDriver: chrome on MAC (560ad37a271e30ed496001e4369f51b0)] -> tag name: a]
2018-11-24 01:05:34,787 - LoginPageTest----loginPageTitleTest -INFO - loginPageTitleTest --- Test Passed
2018-11-24 01:05:34,881 - LoginPageTest----loginPageTitleTest -INFO - ENDING TESTS FOR CLASS --- LoginPageTest
2018-11-24 01:05:40,213 - MyFirstTest -INFO - STARTING TESTS FOR CLASS --- MyFirstTest
2018-11-24 01:05:41,532 - MyFirstTest----myFirstTestt -INFO - STARTING TEST :myFirstTestt
2018-11-24 01:05:41,533 - MyFirstTest----myFirstTestt -INFO - Before navigating to: 'https://www.ashurst.com/'
2018-11-24 01:05:52,784 - MyFirstTest----myFirstTestt -INFO - Navigated to:'https://www.ashurst.com/'
2018-11-24 01:05:52,787 - MyFirstTest----myFirstTestt -INFO - Trying to find Element By : By.xpath: html/body/header/section[3]/div/nav[1]/ul/li[2]/a
2018-11-24 01:05:52,821 - MyFirstTest----myFirstTestt -INFO - Found Element By : By.xpath: html/body/header/section[3]/div/nav[1]/ul/li[2]/a
2018-11-24 01:05:52,825 - MyFirstTest----myFirstTestt -INFO - Trying to click on: [[ChromeDriver: chrome on MAC (9eb47601220f90064593844122db196f)] -> xpath: html/body/header/section[3]/div/nav[1]/ul/li[2]/a]
2018-11-24 01:05:52,962 - MyFirstTest----myFirstTestt -INFO - Clicked on: [[ChromeDriver: chrome on MAC (9eb47601220f90064593844122db196f)] -> xpath: html/body/header/section[3]/div/nav[1]/ul/li[2]/a]
2018-11-24 01:05:52,964 - MyFirstTest----myFirstTestt -INFO - myFirstTestt --- Test Passed
2018-11-24 01:05:52,972 - MyFirstTest----myFirstTestt -INFO - STARTING TEST :myFirstTestt
2018-11-24 01:05:52,986 - MyFirstTest----myFirstTestt -INFO - myFirstTestt --- Test Skipped
2018-11-24 01:05:53,005 - MyFirstTest----mySecondTestt -INFO - STARTING TEST :mySecondTestt
2018-11-24 01:05:53,009 - MyFirstTest----mySecondTestt -INFO - Before navigating to: 'https://www.ashurst.com/'
2018-11-24 01:06:02,694 - MyFirstTest----mySecondTestt -INFO - Navigated to:'https://www.ashurst.com/'
2018-11-24 01:06:02,696 - MyFirstTest----mySecondTestt -INFO - Trying to find Element By : By.xpath: html/body/header/section[3]/div/nav[1]/ul/li[2]/a
2018-11-24 01:06:02,727 - MyFirstTest----mySecondTestt -INFO - Found Element By : By.xpath: html/body/header/section[3]/div/nav[1]/ul/li[2]/a
2018-11-24 01:06:02,729 - MyFirstTest----mySecondTestt -INFO - Trying to click on: [[ChromeDriver: chrome on MAC (9eb47601220f90064593844122db196f)] -> xpath: html/body/header/section[3]/div/nav[1]/ul/li[2]/a]
2018-11-24 01:06:03,016 - MyFirstTest----mySecondTestt -INFO - Clicked on: [[ChromeDriver: chrome on MAC (9eb47601220f90064593844122db196f)] -> xpath: html/body/header/section[3]/div/nav[1]/ul/li[2]/a]
2018-11-24 01:06:03,018 - MyFirstTest----mySecondTestt -INFO - mySecondTestt --- Test Passed
2018-11-24 01:06:03,112 - MyFirstTest----mySecondTestt -INFO - ENDING TESTS FOR CLASS --- MyFirstTest
2018-11-24 01:08:39,570 - LoginPageTest -INFO - STARTING TESTS FOR CLASS --- LoginPageTest
2018-11-24 01:08:39,572 - MyFirstTest -INFO - STARTING TESTS FOR CLASS --- LoginPageTest
2018-11-24 01:08:42,306 - LoginPageTest----loginPageTitleTest -INFO - ENDING TESTS FOR CLASS --- LoginPageTest
2018-11-24 01:09:49,949 - MyFirstTest -INFO - STARTING TESTS FOR CLASS --- LoginPageTest
2018-11-24 01:09:49,943 - LoginPageTest -INFO - STARTING TESTS FOR CLASS --- LoginPageTest
2018-11-24 01:09:52,761 - LoginPageTest----loginPageTitleTest -INFO - ENDING TESTS FOR CLASS --- MyFirstTest
2018-11-24 08:26:26,999 - LoginPageTest -INFO - STARTING TESTS FOR CLASS --- LoginPageTest
2018-11-24 08:26:29,651 - LoginPageTest----loginPageTitleTest -INFO - STARTING TEST :loginPageTitleTest
2018-11-24 08:26:29,653 - LoginPageTest----loginPageTitleTest -INFO - Before navigating to: 'https://www.ashurst.com/'
2018-11-24 08:26:41,457 - LoginPageTest----loginPageTitleTest -INFO - Navigated to:'https://www.ashurst.com/'
2018-11-24 08:26:41,495 - LoginPageTest----loginPageTitleTest -INFO - Trying to find Element By : By.tagName: a
2018-11-24 08:26:41,654 - LoginPageTest----loginPageTitleTest -INFO - Found Element By : By.tagName: a
2018-11-24 08:26:41,957 - LoginPageTest----loginPageTitleTest -INFO - Trying to click on: [[ChromeDriver: chrome on MAC (14f53fdaf14d8b69a6e2cab21932a541)] -> tag name: a]
2018-11-24 08:26:42,109 - LoginPageTest----loginPageTitleTest -INFO - Clicked on: [[ChromeDriver: chrome on MAC (14f53fdaf14d8b69a6e2cab21932a541)] -> tag name: a]
2018-11-24 08:26:42,112 - LoginPageTest----loginPageTitleTest -INFO - loginPageTitleTest --- Test Passed
2018-11-24 08:26:42,238 - LoginPageTest----loginPageTitleTest -INFO - ENDING TESTS FOR CLASS --- LoginPageTest
2018-11-24 08:26:47,619 - MyFirstTest -INFO - STARTING TESTS FOR CLASS --- MyFirstTest
2018-11-24 08:26:48,928 - MyFirstTest----myFirstTestt -INFO - STARTING TEST :myFirstTestt
2018-11-24 08:26:48,929 - MyFirstTest----myFirstTestt -INFO - Before navigating to: 'https://www.ashurst.com/'
2018-11-24 08:26:59,399 - MyFirstTest----myFirstTestt -INFO - Navigated to:'https://www.ashurst.com/'
2018-11-24 08:26:59,402 - MyFirstTest----myFirstTestt -INFO - Trying to find Element By : By.xpath: html/body/header/section[3]/div/nav[1]/ul/li[2]/a
2018-11-24 08:26:59,433 - MyFirstTest----myFirstTestt -INFO - Found Element By : By.xpath: html/body/header/section[3]/div/nav[1]/ul/li[2]/a
2018-11-24 08:26:59,435 - MyFirstTest----myFirstTestt -INFO - Trying to click on: [[ChromeDriver: chrome on MAC (430c5b1208c6607a7ff211a10ece1239)] -> xpath: html/body/header/section[3]/div/nav[1]/ul/li[2]/a]
2018-11-24 08:26:59,579 - MyFirstTest----myFirstTestt -INFO - Clicked on: [[ChromeDriver: chrome on MAC (430c5b1208c6607a7ff211a10ece1239)] -> xpath: html/body/header/section[3]/div/nav[1]/ul/li[2]/a]
2018-11-24 08:26:59,584 - MyFirstTest----myFirstTestt -INFO - myFirstTestt --- Test Passed
2018-11-24 08:26:59,596 - MyFirstTest----myFirstTestt -INFO - STARTING TEST :myFirstTestt
2018-11-24 08:26:59,607 - MyFirstTest----myFirstTestt -INFO - myFirstTestt --- Test Skipped
2018-11-24 08:26:59,622 - MyFirstTest----mySecondTestt -INFO - STARTING TEST :mySecondTestt
2018-11-24 08:26:59,624 - MyFirstTest----mySecondTestt -INFO - Before navigating to: 'https://www.ashurst.com/'
2018-11-24 08:27:09,708 - MyFirstTest----mySecondTestt -INFO - Navigated to:'https://www.ashurst.com/'
2018-11-24 08:27:09,710 - MyFirstTest----mySecondTestt -INFO - Trying to find Element By : By.xpath: html/body/header/section[3]/div/nav[1]/ul/li[2]/a
2018-11-24 08:27:09,733 - MyFirstTest----mySecondTestt -INFO - Found Element By : By.xpath: html/body/header/section[3]/div/nav[1]/ul/li[2]/a
2018-11-24 08:27:09,736 - MyFirstTest----mySecondTestt -INFO - Trying to click on: [[ChromeDriver: chrome on MAC (430c5b1208c6607a7ff211a10ece1239)] -> xpath: html/body/header/section[3]/div/nav[1]/ul/li[2]/a]
2018-11-24 08:27:10,012 - MyFirstTest----mySecondTestt -INFO - Clicked on: [[ChromeDriver: chrome on MAC (430c5b1208c6607a7ff211a10ece1239)] -> xpath: html/body/header/section[3]/div/nav[1]/ul/li[2]/a]
2018-11-24 08:27:10,014 - MyFirstTest----mySecondTestt -INFO - mySecondTestt --- Test Passed
2018-11-24 08:27:10,128 - MyFirstTest----mySecondTestt -INFO - ENDING TESTS FOR CLASS --- MyFirstTest
2018-11-24 21:20:32,889 - LoginPageTest -INFO - STARTING TESTS FOR CLASS --- LoginPageTest
2018-11-24 21:20:35,550 - LoginPageTest----loginPageTitleTest -INFO - STARTING TEST :loginPageTitleTest
2018-11-24 21:20:35,553 - LoginPageTest----loginPageTitleTest -INFO - Before navigating to: 'https://www.ashurst.com/'
2018-11-24 21:20:46,045 - LoginPageTest----loginPageTitleTest -INFO - Navigated to:'https://www.ashurst.com/'
2018-11-24 21:20:46,074 - LoginPageTest----loginPageTitleTest -INFO - Trying to find Element By : By.tagName: a
2018-11-24 21:20:46,239 - LoginPageTest----loginPageTitleTest -INFO - Found Element By : By.tagName: a
2018-11-24 21:20:46,592 - LoginPageTest----loginPageTitleTest -INFO - Trying to click on: [[ChromeDriver: chrome on MAC (d647e2baf8edd9a1c30067f6b3d83231)] -> tag name: a]
2018-11-24 21:20:46,758 - LoginPageTest----loginPageTitleTest -INFO - Clicked on: [[ChromeDriver: chrome on MAC (d647e2baf8edd9a1c30067f6b3d83231)] -> tag name: a]
2018-11-24 21:20:46,760 - LoginPageTest----loginPageTitleTest -INFO - loginPageTitleTest --- Test Passed
2018-11-24 21:20:46,923 - LoginPageTest----loginPageTitleTest -INFO - ENDING TESTS FOR CLASS --- LoginPageTest
2018-11-24 21:20:52,274 - MyFirstTest -INFO - STARTING TESTS FOR CLASS --- MyFirstTest
2018-11-24 21:20:53,739 - MyFirstTest----myFirstTestt -INFO - STARTING TEST :myFirstTestt
2018-11-24 21:20:53,741 - MyFirstTest----myFirstTestt -INFO - Before navigating to: 'https://www.ashurst.com/'
2018-11-24 21:21:06,473 - MyFirstTest----myFirstTestt -INFO - Navigated to:'https://www.ashurst.com/'
2018-11-24 21:21:06,477 - MyFirstTest----myFirstTestt -INFO - Trying to find Element By : By.xpath: html/body/header/section[3]/div/nav[1]/ul/li[2]/a
2018-11-24 21:21:06,528 - MyFirstTest----myFirstTestt -INFO - Found Element By : By.xpath: html/body/header/section[3]/div/nav[1]/ul/li[2]/a
2018-11-24 21:21:06,529 - MyFirstTest----myFirstTestt -INFO - Trying to click on: [[ChromeDriver: chrome on MAC (440316034f80bf34dc253818d2757efd)] -> xpath: html/body/header/section[3]/div/nav[1]/ul/li[2]/a]
2018-11-24 21:21:06,832 - MyFirstTest----myFirstTestt -INFO - Clicked on: [[ChromeDriver: chrome on MAC (440316034f80bf34dc253818d2757efd)] -> xpath: html/body/header/section[3]/div/nav[1]/ul/li[2]/a]
2018-11-24 21:21:06,835 - MyFirstTest----myFirstTestt -INFO - myFirstTestt --- Test Passed
2018-11-24 21:21:06,842 - MyFirstTest----myFirstTestt -INFO - STARTING TEST :myFirstTestt
2018-11-24 21:21:06,845 - MyFirstTest----myFirstTestt -INFO - myFirstTestt --- Test Skipped
2018-11-24 21:21:06,857 - MyFirstTest----mySecondTestt -INFO - STARTING TEST :mySecondTestt
2018-11-24 21:21:06,859 - MyFirstTest----mySecondTestt -INFO - Before navigating to: 'https://www.ashurst.com/'
2018-11-24 21:21:11,788 - MyFirstTest----mySecondTestt -INFO - Navigated to:'https://www.ashurst.com/'
2018-11-24 21:21:11,790 - MyFirstTest----mySecondTestt -INFO - Trying to find Element By : By.xpath: html/body/header/section[3]/div/nav[1]/ul/li[2]/a
2018-11-24 21:21:11,827 - MyFirstTest----mySecondTestt -INFO - Found Element By : By.xpath: html/body/header/section[3]/div/nav[1]/ul/li[2]/a
2018-11-24 21:21:11,829 - MyFirstTest----mySecondTestt -INFO - Trying to click on: [[ChromeDriver: chrome on MAC (440316034f80bf34dc253818d2757efd)] -> xpath: html/body/header/section[3]/div/nav[1]/ul/li[2]/a]
2018-11-24 21:21:12,110 - MyFirstTest----mySecondTestt -INFO - Clicked on: [[ChromeDriver: chrome on MAC (440316034f80bf34dc253818d2757efd)] -> xpath: html/body/header/section[3]/div/nav[1]/ul/li[2]/a]
2018-11-24 21:21:12,113 - MyFirstTest----mySecondTestt -INFO - mySecondTestt --- Test Passed
2018-11-24 21:21:12,261 - MyFirstTest----mySecondTestt -INFO - ENDING TESTS FOR CLASS --- MyFirstTest
2018-12-31 21:46:11,817 - LoginPageTest -INFO - STARTING TESTS FOR CLASS --- LoginPageTest
2018-12-31 21:46:14,016 - LoginPageTest----loginPageTitleTest -INFO - STARTING TEST :loginPageTitleTest
2018-12-31 21:46:14,019 - LoginPageTest----loginPageTitleTest -INFO - Before navigating to: 'https://www.ashurst.com/'
2018-12-31 21:46:25,318 - LoginPageTest----loginPageTitleTest -INFO - Navigated to:'https://www.ashurst.com/'
2018-12-31 21:46:25,354 - LoginPageTest----loginPageTitleTest -INFO - Trying to find Element By : By.tagName: a
2018-12-31 21:46:25,493 - LoginPageTest----loginPageTitleTest -INFO - Found Element By : By.tagName: a
2018-12-31 21:46:25,840 - LoginPageTest----loginPageTitleTest -INFO - Trying to click on: [[ChromeDriver: chrome on MAC (ccabf548146ceff9e784050af72608d2)] -> tag name: a]
2018-12-31 21:46:26,007 - LoginPageTest----loginPageTitleTest -INFO - Clicked on: [[ChromeDriver: chrome on MAC (ccabf548146ceff9e784050af72608d2)] -> tag name: a]
2018-12-31 21:46:26,009 - LoginPageTest----loginPageTitleTest -INFO - loginPageTitleTest --- Test Passed
2018-12-31 21:46:26,129 - LoginPageTest----loginPageTitleTest -INFO - ENDING TESTS FOR CLASS --- LoginPageTest
2018-12-31 21:46:31,541 - MyFirstTest -INFO - STARTING TESTS FOR CLASS --- MyFirstTest
2018-12-31 21:46:32,993 - MyFirstTest----myFirstTestt -INFO - STARTING TEST :myFirstTestt
2018-12-31 21:46:32,995 - MyFirstTest----myFirstTestt -INFO - Before navigating to: 'https://www.ashurst.com/'
2018-12-31 21:46:44,542 - MyFirstTest----myFirstTestt -INFO - Navigated to:'https://www.ashurst.com/'
2018-12-31 21:46:44,544 - MyFirstTest----myFirstTestt -INFO - Trying to find Element By : By.xpath: html/body/header/section[3]/div/nav[1]/ul/li[2]/a
2018-12-31 21:46:44,581 - MyFirstTest----myFirstTestt -INFO - Found Element By : By.xpath: html/body/header/section[3]/div/nav[1]/ul/li[2]/a
2018-12-31 21:46:44,582 - MyFirstTest----myFirstTestt -INFO - Trying to click on: [[ChromeDriver: chrome on MAC (af31cb42e4117fdae36c8d1546d71f78)] -> xpath: html/body/header/section[3]/div/nav[1]/ul/li[2]/a]
2018-12-31 21:46:44,727 - MyFirstTest----myFirstTestt -INFO - Clicked on: [[ChromeDriver: chrome on MAC (af31cb42e4117fdae36c8d1546d71f78)] -> xpath: html/body/header/section[3]/div/nav[1]/ul/li[2]/a]
2018-12-31 21:46:44,730 - MyFirstTest----myFirstTestt -INFO - myFirstTestt --- Test Passed
2018-12-31 21:46:44,740 - MyFirstTest----myFirstTestt -INFO - STARTING TEST :myFirstTestt
2018-12-31 21:46:44,746 - MyFirstTest----myFirstTestt -INFO - myFirstTestt --- Test Skipped
2018-12-31 21:46:44,758 - MyFirstTest----mySecondTestt -INFO - STARTING TEST :mySecondTestt
2018-12-31 21:46:44,760 - MyFirstTest----mySecondTestt -INFO - Before navigating to: 'https://www.ashurst.com/'
2018-12-31 21:46:55,497 - MyFirstTest----mySecondTestt -INFO - Navigated to:'https://www.ashurst.com/'
2018-12-31 21:46:55,506 - MyFirstTest----mySecondTestt -INFO - Trying to find Element By : By.xpath: html/body/header/section[3]/div/nav[1]/ul/li[2]/a
2018-12-31 21:46:55,539 - MyFirstTest----mySecondTestt -INFO - Found Element By : By.xpath: html/body/header/section[3]/div/nav[1]/ul/li[2]/a
2018-12-31 21:46:55,542 - MyFirstTest----mySecondTestt -INFO - Trying to click on: [[ChromeDriver: chrome on MAC (af31cb42e4117fdae36c8d1546d71f78)] -> xpath: html/body/header/section[3]/div/nav[1]/ul/li[2]/a]
2018-12-31 21:46:55,799 - MyFirstTest----mySecondTestt -INFO - Clicked on: [[ChromeDriver: chrome on MAC (af31cb42e4117fdae36c8d1546d71f78)] -> xpath: html/body/header/section[3]/div/nav[1]/ul/li[2]/a]
2018-12-31 21:46:55,801 - MyFirstTest----mySecondTestt -INFO - mySecondTestt --- Test Passed
2018-12-31 21:46:55,917 - MyFirstTest----mySecondTestt -INFO - ENDING TESTS FOR CLASS --- MyFirstTest
