<?xml version="1.0" encoding="UTF-8"?>
<!-- Generated by org.testng.reporters.JUnitXMLReporter -->
<testsuite ignored="0" hostname="Viveks-MacBook-Air.local" failures="0" tests="3" name="Running Test A" time="17.797" errors="0" timestamp="03 Nov 2018 17:38:01 GMT">
  <testcase classname="com.qa.testcases.MyFirstTest" name="myFirstTestt" time="0.217">
    <skipped/>
  </testcase> <!-- myFirstTestt -->
  <testcase classname="com.qa.testcases.MyFirstTest" name="myFirstTestt" time="0.142">
    <skipped/>
  </testcase> <!-- myFirstTestt -->
  <testcase classname="com.qa.testcases.MyFirstTest" name="mySecondTestt" time="0.117">
    <skipped/>
  </testcase> <!-- mySecondTestt -->
</testsuite> <!-- Running Test A -->
