<?xml version="1.0" encoding="UTF-8"?>
<testsuite xmlns:xsi="http://www.w3.org/2001/XMLSchema-instance" xsi:noNamespaceSchemaLocation="https://maven.apache.org/surefire/maven-surefire-plugin/xsd/surefire-test-report.xsd" name="TestSuite" time="41.716" tests="4" errors="0" skipped="3" failures="0">
  <properties>
[...]
</properties>
  <testcase name="myFirstTestt" classname="com.qa.testcases.MyFirstTest" time="0">
    <skipped message="Runmode of the test data is set to NO for class: MyFirstTest"/>
    <system-out><![CDATA[qa
Before navigating to: 'https://www.ashurst.com/'
 INFO [main] (WebEventListener.java:15)- Before navigating to: 'https://www.ashurst.com/'
Navigated to:'https://www.ashurst.com/'
 INFO [main] (WebEventListener.java:20)- Navigated to:'https://www.ashurst.com/'
MyFirstTest
N
]]></system-out>
    <system-err><![CDATA[Nov 04, 2018 12:01:21 AM org.openqa.selenium.remote.ProtocolHandshake createSession
INFO: Detected dialect: W3C
]]></system-err>
  </testcase>
  <testcase name="myFirstTestt" classname="com.qa.testcases.MyFirstTest" time="0">
    <skipped message="Runmode of the test data is set to NO for class: MyFirstTest"/>
    <system-out><![CDATA[MyFirstTest
N
]]></system-out>
  </testcase>
  <testcase name="mySecondTestt" classname="com.qa.testcases.MyFirstTest" time="0">
    <skipped message="Runmode of the test data is set to NO for class: MyFirstTest"/>
    <system-out><![CDATA[MyFirstTest
N
]]></system-out>
  </testcase>
  <testcase name="loginPageTitleTest" classname="com.qa.testcases.LoginPageTest" time="9.462"/>
</testsuite>