<?xml version="1.0" encoding="UTF-8"?>
<testng-results ignored="0" total="3" passed="3" failed="0" skipped="0">
  <reporter-output>
  </reporter-output>
  <suite started-at="2019-01-27T14:35:51Z" name="Creative Test Suite" finished-at="2019-01-27T14:36:03Z" duration-ms="12074">
    <groups>
    </groups>
    <test started-at="2019-01-27T14:35:51Z" name="Creative Testing" finished-at="2019-01-27T14:36:03Z" duration-ms="12074">
      <class name="com.qa.creative_tests.Login">
        <test-method is-config="true" signature="initDriver([Ljava.lang.Object;)[pri:0, instance:com.qa.creative_tests.Login@70e9c95d]" started-at="2019-01-27T14:35:51Z" name="initDriver" finished-at="2019-01-27T14:35:53Z" duration-ms="2069" status="PASS">
          <params>
            <param index="0">
              <value>
                <![CDATA[[Ljava.lang.Object;@20ead579]]>
              </value>
            </param>
          </params>
          <reporter-output>
          </reporter-output>
        </test-method> <!-- initDriver -->
        <test-method is-config="true" signature="initReport(java.lang.reflect.Method)[pri:0, instance:com.qa.creative_tests.Login@70e9c95d]" started-at="2019-01-27T14:35:53Z" name="initReport" finished-at="2019-01-27T14:35:53Z" duration-ms="5" status="PASS">
          <params>
            <param index="0">
              <value>
                <![CDATA[public void com.qa.creative_tests.Login.welcomePage_shouldLookGood(com.qa.base.GalenBase$TestDevice) throws java.io.IOException]]>
              </value>
            </param>
          </params>
          <reporter-output>
          </reporter-output>
        </test-method> <!-- initReport -->
        <test-method signature="welcomePage_shouldLookGood(com.qa.base.GalenBase$TestDevice)[pri:0, instance:com.qa.creative_tests.Login@70e9c95d]" started-at="2019-01-27T14:35:53Z" name="welcomePage_shouldLookGood" data-provider="devices" finished-at="2019-01-27T14:35:56Z" duration-ms="2836" status="PASS">
          <params>
            <param index="0">
              <value>
                <![CDATA[mobile 450x800]]>
              </value>
            </param>
          </params>
          <reporter-output>
          </reporter-output>
        </test-method> <!-- welcomePage_shouldLookGood -->
        <test-method is-config="true" signature="quitDriver()[pri:0, instance:com.qa.creative_tests.Login@70e9c95d]" started-at="2019-01-27T14:35:56Z" name="quitDriver" finished-at="2019-01-27T14:35:56Z" duration-ms="96" status="PASS">
          <reporter-output>
          </reporter-output>
        </test-method> <!-- quitDriver -->
        <test-method is-config="true" signature="initDriver([Ljava.lang.Object;)[pri:0, instance:com.qa.creative_tests.Login@70e9c95d]" started-at="2019-01-27T14:35:56Z" name="initDriver" finished-at="2019-01-27T14:35:58Z" duration-ms="1367" status="PASS">
          <params>
            <param index="0">
              <value>
                <![CDATA[[Ljava.lang.Object;@4b1ec694]]>
              </value>
            </param>
          </params>
          <reporter-output>
          </reporter-output>
        </test-method> <!-- initDriver -->
        <test-method is-config="true" signature="initReport(java.lang.reflect.Method)[pri:0, instance:com.qa.creative_tests.Login@70e9c95d]" started-at="2019-01-27T14:35:58Z" name="initReport" finished-at="2019-01-27T14:35:58Z" duration-ms="0" status="PASS">
          <params>
            <param index="0">
              <value>
                <![CDATA[public void com.qa.creative_tests.Login.welcomePage_shouldLookGood(com.qa.base.GalenBase$TestDevice) throws java.io.IOException]]>
              </value>
            </param>
          </params>
          <reporter-output>
          </reporter-output>
        </test-method> <!-- initReport -->
        <test-method signature="welcomePage_shouldLookGood(com.qa.base.GalenBase$TestDevice)[pri:0, instance:com.qa.creative_tests.Login@70e9c95d]" started-at="2019-01-27T14:35:58Z" name="welcomePage_shouldLookGood" data-provider="devices" finished-at="2019-01-27T14:36:00Z" duration-ms="1997" status="PASS">
          <params>
            <param index="0">
              <value>
                <![CDATA[tablet 750x800]]>
              </value>
            </param>
          </params>
          <reporter-output>
          </reporter-output>
        </test-method> <!-- welcomePage_shouldLookGood -->
        <test-method is-config="true" signature="quitDriver()[pri:0, instance:com.qa.creative_tests.Login@70e9c95d]" started-at="2019-01-27T14:36:00Z" name="quitDriver" finished-at="2019-01-27T14:36:00Z" duration-ms="100" status="PASS">
          <reporter-output>
          </reporter-output>
        </test-method> <!-- quitDriver -->
        <test-method is-config="true" signature="initDriver([Ljava.lang.Object;)[pri:0, instance:com.qa.creative_tests.Login@70e9c95d]" started-at="2019-01-27T14:36:00Z" name="initDriver" finished-at="2019-01-27T14:36:01Z" duration-ms="1387" status="PASS">
          <params>
            <param index="0">
              <value>
                <![CDATA[[Ljava.lang.Object;@3d299393]]>
              </value>
            </param>
          </params>
          <reporter-output>
          </reporter-output>
        </test-method> <!-- initDriver -->
        <test-method is-config="true" signature="initReport(java.lang.reflect.Method)[pri:0, instance:com.qa.creative_tests.Login@70e9c95d]" started-at="2019-01-27T14:36:01Z" name="initReport" finished-at="2019-01-27T14:36:01Z" duration-ms="1" status="PASS">
          <params>
            <param index="0">
              <value>
                <![CDATA[public void com.qa.creative_tests.Login.welcomePage_shouldLookGood(com.qa.base.GalenBase$TestDevice) throws java.io.IOException]]>
              </value>
            </param>
          </params>
          <reporter-output>
          </reporter-output>
        </test-method> <!-- initReport -->
        <test-method signature="welcomePage_shouldLookGood(com.qa.base.GalenBase$TestDevice)[pri:0, instance:com.qa.creative_tests.Login@70e9c95d]" started-at="2019-01-27T14:36:01Z" name="welcomePage_shouldLookGood" data-provider="devices" finished-at="2019-01-27T14:36:03Z" duration-ms="2083" status="PASS">
          <params>
            <param index="0">
              <value>
                <![CDATA[desktop 1024x800]]>
              </value>
            </param>
          </params>
          <reporter-output>
          </reporter-output>
        </test-method> <!-- welcomePage_shouldLookGood -->
        <test-method is-config="true" signature="quitDriver()[pri:0, instance:com.qa.creative_tests.Login@70e9c95d]" started-at="2019-01-27T14:36:03Z" name="quitDriver" finished-at="2019-01-27T14:36:03Z" duration-ms="93" status="PASS">
          <reporter-output>
          </reporter-output>
        </test-method> <!-- quitDriver -->
      </class> <!-- com.qa.creative_tests.Login -->
    </test> <!-- Creative Testing -->
  </suite> <!-- Creative Test Suite -->
</testng-results>
