<?xml version="1.0" encoding="UTF-8"?>
<!-- Generated by org.testng.reporters.JUnitXMLReporter -->
<testsuite ignored="0" hostname="Viveks-MacBook-Air.local" failures="0" tests="3" name="Creative Testing" time="12.074" errors="0" timestamp="27 Jan 2019 14:36:08 GMT">
  <testcase classname="com.qa.creative_tests.Login" name="welcomePage_shouldLookGood" time="2.836"/>
  <testcase classname="com.qa.creative_tests.Login" name="welcomePage_shouldLookGood" time="1.997"/>
  <testcase classname="com.qa.creative_tests.Login" name="welcomePage_shouldLookGood" time="2.083"/>
</testsuite> <!-- Creative Testing -->
