<?xml version="1.0" encoding="UTF-8"?>
<!-- Generated by org.testng.reporters.JUnitXMLReporter -->
<testsuite hostname="IND036" ignored="0" name="Creative Testing" tests="3" failures="0" timestamp="08 Feb 2019 11:34:07 GMT" time="20.216" errors="0">
  <testcase name="welcomePage_shouldLookGood" time="3.949" classname="com.qa.creative_tests.Login"/>
  <testcase name="welcomePage_shouldLookGood" time="1.926" classname="com.qa.creative_tests.Login"/>
  <testcase name="welcomePage_shouldLookGood" time="1.874" classname="com.qa.creative_tests.Login"/>
</testsuite> <!-- Creative Testing -->
