<?xml version="1.0" encoding="UTF-8"?>
<!-- Generated by org.testng.reporters.JUnitXMLReporter -->
<testsuite ignored="0" hostname="Viveks-MacBook-Air.local" failures="1" tests="1" name="LoginPageTest" time="21.796" errors="0" timestamp="13 Nov 2018 16:05:21 GMT">
  <testcase classname="com.qa.tests.LoginPageTest" name="loginPageTitleTest" time="13.718">
    <failure type="junit.framework.AssertionFailedError">
      <![CDATA[junit.framework.AssertionFailedError
at junit.framework.Assert.fail(Assert.java:48)
at junit.framework.Assert.fail(Assert.java:56)
at com.qa.tests.LoginPageTest.loginPageTitleTest(LoginPageTest.java:21)
at com.qa.tests.runner.test_runner(runner.java:50)
at com.qa.tests.runner.main(runner.java:57)
... Removed 22 stack frames]]>
    </failure>
  </testcase> <!-- loginPageTitleTest -->
</testsuite> <!-- LoginPageTest -->
