<?xml version="1.0" encoding="UTF-8"?>
<!-- Generated by org.testng.reporters.JUnitXMLReporter -->
<testsuite ignored="0" hostname="Viveks-MacBook-Air.local" failures="0" tests="3" name="MyFirstTest" time="40.249" errors="0" timestamp="12 Nov 2018 08:40:57 GMT">
  <testcase classname="com.qa.tests.MyFirstTest" name="myFirstTestt" time="13.657"/>
  <testcase classname="com.qa.tests.MyFirstTest" name="myFirstTestt" time="12.395"/>
  <testcase classname="com.qa.tests.MyFirstTest" name="mySecondTestt" time="12.723"/>
</testsuite> <!-- MyFirstTest -->
