<?xml version="1.0" encoding="UTF-8"?>
<!-- Generated by org.testng.reporters.JUnitXMLReporter -->
<testsuite ignored="0" hostname="Viveks-MacBook-Air.local" failures="0" tests="3" name="MyFirstTest=MyFirstTest" time="33.251" errors="0" timestamp="15 Nov 2018 16:21:55 GMT">
  <testcase classname="com.qa.tests.MyFirstTest" name="myFirstTestt" time="14.005"/>
  <testcase classname="com.qa.tests.MyFirstTest" name="myFirstTestt" time="12.438"/>
  <testcase classname="com.qa.tests.MyFirstTest" name="mySecondTestt" time="5.419"/>
</testsuite> <!-- MyFirstTest=MyFirstTest -->
