<?xml version="1.0" encoding="UTF-8"?>
<!-- Generated by org.testng.reporters.JUnitXMLReporter -->
<testsuite ignored="0" hostname="Viveks-MacBook-Air.local" failures="1" tests="3" name="MyFirstTest" time="27.51" errors="0" timestamp="15 Nov 2018 18:19:01 GMT">
  <testcase classname="com.qa.tests.MyFirstTest" name="myFirstTestt" time="12.108">
    <failure type="junit.framework.AssertionFailedError">
      <![CDATA[junit.framework.AssertionFailedError
at junit.framework.Assert.fail(Assert.java:48)
at junit.framework.Assert.fail(Assert.java:56)
at com.qa.tests.MyFirstTest.myFirstTestt(MyFirstTest.java:22)
at com.qa.tests.runner.test_runner(runner.java:74)
at com.qa.tests.runner.main(runner.java:81)
... Removed 22 stack frames]]>
    </failure>
  </testcase> <!-- myFirstTestt -->
  <testcase classname="com.qa.tests.MyFirstTest" name="myFirstTestt" time="0.002">
    <skipped/>
  </testcase> <!-- myFirstTestt -->
  <testcase classname="com.qa.tests.MyFirstTest" name="mySecondTestt" time="8.634"/>
</testsuite> <!-- MyFirstTest -->
