<?xml version="1.0" encoding="UTF-8"?>
<!-- Generated by org.testng.reporters.JUnitXMLReporter -->
<testsuite hostname="IND036" ignored="0" name="R03" tests="5" failures="0" timestamp="09 May 2019 09:26:35 GMT" time="12.036" errors="0">
  <testcase name="TC_374980" time="9.414" classname="com.qa.tests.R03"/>
  <testcase name="TC_375423_375424" time="0.021" classname="com.qa.tests.R03">
    <skipped/>
  </testcase> <!-- TC_375423_375424 -->
  <testcase name="TC_375426" time="0.016" classname="com.qa.tests.R03">
    <skipped/>
  </testcase> <!-- TC_375426 -->
  <testcase name="deleteApplication" time="0.016" classname="com.qa.tests.R03">
    <skipped/>
  </testcase> <!-- deleteApplication -->
  <testcase name="account" time="2.186" classname="com.qa.tests.R03"/>
</testsuite> <!-- R03 -->
