<?xml version="1.0" encoding="UTF-8"?>
<!-- Generated by org.testng.reporters.JUnitXMLReporter -->
<testsuite hostname="IND036" ignored="0" name="R03" tests="5" failures="0" timestamp="31 May 2019 07:54:15 GMT" time="360.123" errors="0">
  <testcase name="TC_374980" time="9.222" classname="com.qa.tests.R03"/>
  <testcase name="TC_375423_375424" time="0.02" classname="com.qa.tests.R03">
    <skipped/>
  </testcase> <!-- TC_375423_375424 -->
  <testcase name="TC_375426" time="0.027" classname="com.qa.tests.R03">
    <skipped/>
  </testcase> <!-- TC_375426 -->
  <testcase name="deleteApplication" time="0.024" classname="com.qa.tests.R03">
    <skipped/>
  </testcase> <!-- deleteApplication -->
  <testcase name="createUser" time="350.181" classname="com.qa.tests.R03"/>
</testsuite> <!-- R03 -->
