<?xml version="1.0" encoding="UTF-8"?>
<!-- Generated by org.testng.reporters.JUnitXMLReporter -->
<testsuite hostname="IND036" ignored="0" name="Tenant_Tests" tests="2" failures="0" timestamp="31 May 2019 07:54:16 GMT" time="0.321" errors="0">
  <testcase name="TC_374980" time="0.016" classname="com.qa.tests.Tenant_Tests">
    <skipped/>
  </testcase> <!-- TC_374980 -->
  <testcase name="createTenant" time="0.011" classname="com.qa.tests.Tenant_Tests">
    <skipped/>
  </testcase> <!-- createTenant -->
</testsuite> <!-- Tenant_Tests -->
