<?xml version="1.0" encoding="UTF-8"?>
<!-- Generated by org.testng.reporters.JUnitXMLReporter -->
<testsuite ignored="0" hostname="Viveks-MacBook-Air.local" failures="0" tests="3" name="TestClass=MyFirstTest" time="30.289" errors="0" timestamp="15 Nov 2018 15:55:22 GMT">
  <testcase classname="com.qa.tests.MyFirstTest" name="myFirstTestt" time="11.81"/>
  <testcase classname="com.qa.tests.MyFirstTest" name="myFirstTestt" time="11.159"/>
  <testcase classname="com.qa.tests.MyFirstTest" name="mySecondTestt" time="5.154"/>
</testsuite> <!-- TestClass=MyFirstTest -->
